<?xml version="1.0" encoding="UTF-8"?>
<!-- Generated by org.testng.reporters.JUnitReportReporter -->
<testsuite hostname="DESKTOP-18EMREV" failures="0" tests="1" name="Academy.HomePage" time="0.000" errors="0" timestamp="31 May 2019 10:39:57 GMT" skipped="1">
  <testcase classname="Academy.HomePage" name="navTest" time="0.000">
    <skipped/>
  </testcase> <!-- navTest -->
</testsuite> <!-- Academy.HomePage -->
