<?xml version="1.0" encoding="UTF-8"?>
<!-- Generated by org.testng.reporters.JUnitReportReporter -->
<testsuite hostname="DESKTOP-18EMREV" failures="0" tests="1" name="Academy.validateNavigationBar" time="16.238" errors="0" timestamp="31 May 2019 10:39:57 GMT" skipped="0">
  <testcase classname="Academy.validateNavigationBar" name="basePageNavigation" time="16.238"/>
</testsuite> <!-- Academy.validateNavigationBar -->
