<?xml version="1.0" encoding="UTF-8"?>
<!-- Generated by org.testng.reporters.JUnitReportReporter -->
<testsuite hostname="DESKTOP-18EMREV" failures="0" tests="3" name="ParallelExecution" time="170.424" errors="0" timestamp="18 Jul 2019 16:31:25 GMT" skipped="0">
  <testcase classname="ParallelExecution" name="youtubeVerifyTitle" time="48.598"/>
  <testcase classname="ParallelExecution" name="instagramVerifyTitle" time="42.606"/>
  <testcase classname="ParallelExecution" name="facebookVerifyTitle" time="79.220"/>
</testsuite> <!-- ParallelExecution -->
