<?xml version="1.0" encoding="UTF-8"?>
<!-- Generated by org.testng.reporters.JUnitReportReporter -->
<testsuite hostname="DESKTOP-18EMREV" failures="0" tests="2" name="homepageVerifyTitle" time="37.711" errors="1" timestamp="20 Jun 2019 20:37:31 GMT" skipped="0">
  <testcase classname="homepageVerifyTitle" name="homepageVerifyTitle" time="37.704"/>
  <testcase classname="homepageVerifyTitle" name="closeBrowser" time="0.007">
    <error type="java.lang.StackOverflowError">
      <![CDATA[java.lang.StackOverflowError
at homepageVerifyTitle.closeBrowser(homepageVerifyTitle.java:27)
at homepageVerifyTitle.closeBrowser(homepageVerifyTitle.java:27)
at homepageVerifyTitle.closeBrowser(homepageVerifyTitle.java:27)
at homepageVerifyTitle.closeBrowser(homepageVerifyTitle.java:27)
at homepageVerifyTitle.closeBrowser(homepageVerifyTitle.java:27)
at homepageVerifyTitle.closeBrowser(homepageVerifyTitle.java:27)
at homepageVerifyTitle.closeBrowser(homepageVerifyTitle.java:27)
at homepageVerifyTitle.closeBrowser(homepageVerifyTitle.java:27)
at homepageVerifyTitle.closeBrowser(homepageVerifyTitle.java:27)
at homepageVerifyTitle.closeBrowser(homepageVerifyTitle.java:27)
at homepageVerifyTitle.closeBrowser(homepageVerifyTitle.java:27)
at homepageVerifyTitle.closeBrowser(homepageVerifyTitle.java:27)
at homepageVerifyTitle.closeBrowser(homepageVerifyTitle.java:27)
at homepageVerifyTitle.closeBrowser(homepageVerifyTitle.java:27)
at homepageVerifyTitle.closeBrowser(homepageVerifyTitle.java:27)
at homepageVerifyTitle.closeBrowser(homepageVerifyTitle.java:27)
at homepageVerifyTitle.closeBrowser(homepageVerifyTitle.java:27)
at homepageVerifyTitle.closeBrowser(homepageVerifyTitle.java:27)
at homepageVerifyTitle.closeBrowser(homepageVerifyTitle.java:27)
at homepageVerifyTitle.closeBrowser(homepageVerifyTitle.java:27)
at homepageVerifyTitle.closeBrowser(homepageVerifyTitle.java:27)
at homepageVerifyTitle.closeBrowser(homepageVerifyTitle.java:27)
at homepageVerifyTitle.closeBrowser(homepageVerifyTitle.java:27)
at homepageVerifyTitle.closeBrowser(homepageVerifyTitle.java:27)
at homepageVerifyTitle.closeBrowser(homepageVerifyTitle.java:27)
at homepageVerifyTitle.closeBrowser(homepageVerifyTitle.java:27)
at homepageVerifyTitle.closeBrowser(homepageVerifyTitle.java:27)
at homepageVerifyTitle.closeBrowser(homepageVerifyTitle.java:27)
at homepageVerifyTitle.closeBrowser(homepageVerifyTitle.java:27)
at homepageVerifyTitle.closeBrowser(homepageVerifyTitle.java:27)
at homepageVerifyTitle.closeBrowser(homepageVerifyTitle.java:27)
at homepageVerifyTitle.closeBrowser(homepageVerifyTitle.java:27)
at homepageVerifyTitle.closeBrowser(homepageVerifyTitle.java:27)
at homepageVerifyTitle.closeBrowser(homepageVerifyTitle.java:27)
at homepageVerifyTitle.closeBrowser(homepageVerifyTitle.java:27)
at homepageVerifyTitle.closeBrowser(homepageVerifyTitle.java:27)
at homepageVerifyTitle.closeBrowser(homepageVerifyTitle.java:27)
at homepageVerifyTitle.closeBrowser(homepageVerifyTitle.java:27)
at homepageVerifyTitle.closeBrowser(homepageVerifyTitle.java:27)
at homepageVerifyTitle.closeBrowser(homepageVerifyTitle.java:27)
at homepageVerifyTitle.closeBrowser(homepageVerifyTitle.java:27)
at homepageVerifyTitle.closeBrowser(homepageVerifyTitle.java:27)
at homepageVerifyTitle.closeBrowser(homepageVerifyTitle.java:27)
at homepageVerifyTitle.closeBrowser(homepageVerifyTitle.java:27)
at homepageVerifyTitle.closeBrowser(homepageVerifyTitle.java:27)
at homepageVerifyTitle.closeBrowser(homepageVerifyTitle.java:27)
at homepageVerifyTitle.closeBrowser(homepageVerifyTitle.java:27)
at homepageVerifyTitle.closeBrowser(homepageVerifyTitle.java:27)
at homepageVerifyTitle.closeBrowser(homepageVerifyTitle.java:27)
at homepageVerifyTitle.closeBrowser(homepageVerifyTitle.java:27)
at homepageVerifyTitle.closeBrowser(homepageVerifyTitle.java:27)
at homepageVerifyTitle.closeBrowser(homepageVerifyTitle.java:27)
at homepageVerifyTitle.closeBrowser(homepageVerifyTitle.java:27)
at homepageVerifyTitle.closeBrowser(homepageVerifyTitle.java:27)
at homepageVerifyTitle.closeBrowser(homepageVerifyTitle.java:27)
at homepageVerifyTitle.closeBrowser(homepageVerifyTitle.java:27)
at homepageVerifyTitle.closeBrowser(homepageVerifyTitle.java:27)
at homepageVerifyTitle.closeBrowser(homepageVerifyTitle.java:27)
at homepageVerifyTitle.closeBrowser(homepageVerifyTitle.java:27)
at homepageVerifyTitle.closeBrowser(homepageVerifyTitle.java:27)
at homepageVerifyTitle.closeBrowser(homepageVerifyTitle.java:27)
at homepageVerifyTitle.closeBrowser(homepageVerifyTitle.java:27)
at homepageVerifyTitle.closeBrowser(homepageVerifyTitle.java:27)
at homepageVerifyTitle.closeBrowser(homepageVerifyTitle.java:27)
at homepageVerifyTitle.closeBrowser(homepageVerifyTitle.java:27)
at homepageVerifyTitle.closeBrowser(homepageVerifyTitle.java:27)
at homepageVerifyTitle.closeBrowser(homepageVerifyTitle.java:27)
at homepageVerifyTitle.closeBrowser(homepageVerifyTitle.java:27)
at homepageVerifyTitle.closeBrowser(homepageVerifyTitle.java:27)
at homepageVerifyTitle.closeBrowser(homepageVerifyTitle.java:27)
at homepageVerifyTitle.closeBrowser(homepageVerifyTitle.java:27)
at homepageVerifyTitle.closeBrowser(homepageVerifyTitle.java:27)
at homepageVerifyTitle.closeBrowser(homepageVerifyTitle.java:27)
at homepageVerifyTitle.closeBrowser(homepageVerifyTitle.java:27)
at homepageVerifyTitle.closeBrowser(homepageVerifyTitle.java:27)
at homepageVerifyTitle.closeBrowser(homepageVerifyTitle.java:27)
at homepageVerifyTitle.closeBrowser(homepageVerifyTitle.java:27)
at homepageVerifyTitle.closeBrowser(homepageVerifyTitle.java:27)
at homepageVerifyTitle.closeBrowser(homepageVerifyTitle.java:27)
at homepageVerifyTitle.closeBrowser(homepageVerifyTitle.java:27)
at homepageVerifyTitle.closeBrowser(homepageVerifyTitle.java:27)
at homepageVerifyTitle.closeBrowser(homepageVerifyTitle.java:27)
at homepageVerifyTitle.closeBrowser(homepageVerifyTitle.java:27)
at homepageVerifyTitle.closeBrowser(homepageVerifyTitle.java:27)
at homepageVerifyTitle.closeBrowser(homepageVerifyTitle.java:27)
at homepageVerifyTitle.closeBrowser(homepageVerifyTitle.java:27)
at homepageVerifyTitle.closeBrowser(homepageVerifyTitle.java:27)
at homepageVerifyTitle.closeBrowser(homepageVerifyTitle.java:27)
at homepageVerifyTitle.closeBrowser(homepageVerifyTitle.java:27)
at homepageVerifyTitle.closeBrowser(homepageVerifyTitle.java:27)
at homepageVerifyTitle.closeBrowser(homepageVerifyTitle.java:27)
at homepageVerifyTitle.closeBrowser(homepageVerifyTitle.java:27)
at homepageVerifyTitle.closeBrowser(homepageVerifyTitle.java:27)
at homepageVerifyTitle.closeBrowser(homepageVerifyTitle.java:27)
at homepageVerifyTitle.closeBrowser(homepageVerifyTitle.java:27)
at homepageVerifyTitle.closeBrowser(homepageVerifyTitle.java:27)
at homepageVerifyTitle.closeBrowser(homepageVerifyTitle.java:27)
at homepageVerifyTitle.closeBrowser(homepageVerifyTitle.java:27)
at homepageVerifyTitle.closeBrowser(homepageVerifyTitle.java:27)
at homepageVerifyTitle.closeBrowser(homepageVerifyTitle.java:27)
at homepageVerifyTitle.closeBrowser(homepageVerifyTitle.java:27)
at homepageVerifyTitle.closeBrowser(homepageVerifyTitle.java:27)
at homepageVerifyTitle.closeBrowser(homepageVerifyTitle.java:27)
at homepageVerifyTitle.closeBrowser(homepageVerifyTitle.java:27)
at homepageVerifyTitle.closeBrowser(homepageVerifyTitle.java:27)
at homepageVerifyTitle.closeBrowser(homepageVerifyTitle.java:27)
at homepageVerifyTitle.closeBrowser(homepageVerifyTitle.java:27)
at homepageVerifyTitle.closeBrowser(homepageVerifyTitle.java:27)
at homepageVerifyTitle.closeBrowser(homepageVerifyTitle.java:27)
at homepageVerifyTitle.closeBrowser(homepageVerifyTitle.java:27)
at homepageVerifyTitle.closeBrowser(homepageVerifyTitle.java:27)
at homepageVerifyTitle.closeBrowser(homepageVerifyTitle.java:27)
at homepageVerifyTitle.closeBrowser(homepageVerifyTitle.java:27)
at homepageVerifyTitle.closeBrowser(homepageVerifyTitle.java:27)
at homepageVerifyTitle.closeBrowser(homepageVerifyTitle.java:27)
at homepageVerifyTitle.closeBrowser(homepageVerifyTitle.java:27)
at homepageVerifyTitle.closeBrowser(homepageVerifyTitle.java:27)
at homepageVerifyTitle.closeBrowser(homepageVerifyTitle.java:27)
at homepageVerifyTitle.closeBrowser(homepageVerifyTitle.java:27)
at homepageVerifyTitle.closeBrowser(homepageVerifyTitle.java:27)
at homepageVerifyTitle.closeBrowser(homepageVerifyTitle.java:27)
at homepageVerifyTitle.closeBrowser(homepageVerifyTitle.java:27)
at homepageVerifyTitle.closeBrowser(homepageVerifyTitle.java:27)
at homepageVerifyTitle.closeBrowser(homepageVerifyTitle.java:27)
at homepageVerifyTitle.closeBrowser(homepageVerifyTitle.java:27)
at homepageVerifyTitle.closeBrowser(homepageVerifyTitle.java:27)
at homepageVerifyTitle.closeBrowser(homepageVerifyTitle.java:27)
at homepageVerifyTitle.closeBrowser(homepageVerifyTitle.java:27)
at homepageVerifyTitle.closeBrowser(homepageVerifyTitle.java:27)
at homepageVerifyTitle.closeBrowser(homepageVerifyTitle.java:27)
at homepageVerifyTitle.closeBrowser(homepageVerifyTitle.java:27)
at homepageVerifyTitle.closeBrowser(homepageVerifyTitle.java:27)
at homepageVerifyTitle.closeBrowser(homepageVerifyTitle.java:27)
at homepageVerifyTitle.closeBrowser(homepageVerifyTitle.java:27)
at homepageVerifyTitle.closeBrowser(homepageVerifyTitle.java:27)
at homepageVerifyTitle.closeBrowser(homepageVerifyTitle.java:27)
at homepageVerifyTitle.closeBrowser(homepageVerifyTitle.java:27)
at homepageVerifyTitle.closeBrowser(homepageVerifyTitle.java:27)
at homepageVerifyTitle.closeBrowser(homepageVerifyTitle.java:27)
at homepageVerifyTitle.closeBrowser(homepageVerifyTitle.java:27)
at homepageVerifyTitle.closeBrowser(homepageVerifyTitle.java:27)
at homepageVerifyTitle.closeBrowser(homepageVerifyTitle.java:27)
at homepageVerifyTitle.closeBrowser(homepageVerifyTitle.java:27)
at homepageVerifyTitle.closeBrowser(homepageVerifyTitle.java:27)
at homepageVerifyTitle.closeBrowser(homepageVerifyTitle.java:27)
at homepageVerifyTitle.closeBrowser(homepageVerifyTitle.java:27)
at homepageVerifyTitle.closeBrowser(homepageVerifyTitle.java:27)
at homepageVerifyTitle.closeBrowser(homepageVerifyTitle.java:27)
at homepageVerifyTitle.closeBrowser(homepageVerifyTitle.java:27)
at homepageVerifyTitle.closeBrowser(homepageVerifyTitle.java:27)
at homepageVerifyTitle.closeBrowser(homepageVerifyTitle.java:27)
at homepageVerifyTitle.closeBrowser(homepageVerifyTitle.java:27)
at homepageVerifyTitle.closeBrowser(homepageVerifyTitle.java:27)
at homepageVerifyTitle.closeBrowser(homepageVerifyTitle.java:27)
at homepageVerifyTitle.closeBrowser(homepageVerifyTitle.java:27)
at homepageVerifyTitle.closeBrowser(homepageVerifyTitle.java:27)
at homepageVerifyTitle.closeBrowser(homepageVerifyTitle.java:27)
at homepageVerifyTitle.closeBrowser(homepageVerifyTitle.java:27)
at homepageVerifyTitle.closeBrowser(homepageVerifyTitle.java:27)
at homepageVerifyTitle.closeBrowser(homepageVerifyTitle.java:27)
at homepageVerifyTitle.closeBrowser(homepageVerifyTitle.java:27)
at homepageVerifyTitle.closeBrowser(homepageVerifyTitle.java:27)
at homepageVerifyTitle.closeBrowser(homepageVerifyTitle.java:27)
at homepageVerifyTitle.closeBrowser(homepageVerifyTitle.java:27)
at homepageVerifyTitle.closeBrowser(homepageVerifyTitle.java:27)
at homepageVerifyTitle.closeBrowser(homepageVerifyTitle.java:27)
at homepageVerifyTitle.closeBrowser(homepageVerifyTitle.java:27)
at homepageVerifyTitle.closeBrowser(homepageVerifyTitle.java:27)
at homepageVerifyTitle.closeBrowser(homepageVerifyTitle.java:27)
at homepageVerifyTitle.closeBrowser(homepageVerifyTitle.java:27)
at homepageVerifyTitle.closeBrowser(homepageVerifyTitle.java:27)
at homepageVerifyTitle.closeBrowser(homepageVerifyTitle.java:27)
at homepageVerifyTitle.closeBrowser(homepageVerifyTitle.java:27)
at homepageVerifyTitle.closeBrowser(homepageVerifyTitle.java:27)
at homepageVerifyTitle.closeBrowser(homepageVerifyTitle.java:27)
at homepageVerifyTitle.closeBrowser(homepageVerifyTitle.java:27)
at homepageVerifyTitle.closeBrowser(homepageVerifyTitle.java:27)
at homepageVerifyTitle.closeBrowser(homepageVerifyTitle.java:27)
at homepageVerifyTitle.closeBrowser(homepageVerifyTitle.java:27)
at homepageVerifyTitle.closeBrowser(homepageVerifyTitle.java:27)
at homepageVerifyTitle.closeBrowser(homepageVerifyTitle.java:27)
at homepageVerifyTitle.closeBrowser(homepageVerifyTitle.java:27)
at homepageVerifyTitle.closeBrowser(homepageVerifyTitle.java:27)
at homepageVerifyTitle.closeBrowser(homepageVerifyTitle.java:27)
at homepageVerifyTitle.closeBrowser(homepageVerifyTitle.java:27)
at homepageVerifyTitle.closeBrowser(homepageVerifyTitle.java:27)
at homepageVerifyTitle.closeBrowser(homepageVerifyTitle.java:27)
at homepageVerifyTitle.closeBrowser(homepageVerifyTitle.java:27)
at homepageVerifyTitle.closeBrowser(homepageVerifyTitle.java:27)
at homepageVerifyTitle.closeBrowser(homepageVerifyTitle.java:27)
at homepageVerifyTitle.closeBrowser(homepageVerifyTitle.java:27)
at homepageVerifyTitle.closeBrowser(homepageVerifyTitle.java:27)
at homepageVerifyTitle.closeBrowser(homepageVerifyTitle.java:27)
at homepageVerifyTitle.closeBrowser(homepageVerifyTitle.java:27)
at homepageVerifyTitle.closeBrowser(homepageVerifyTitle.java:27)
at homepageVerifyTitle.closeBrowser(homepageVerifyTitle.java:27)
at homepageVerifyTitle.closeBrowser(homepageVerifyTitle.java:27)
at homepageVerifyTitle.closeBrowser(homepageVerifyTitle.java:27)
at homepageVerifyTitle.closeBrowser(homepageVerifyTitle.java:27)
at homepageVerifyTitle.closeBrowser(homepageVerifyTitle.java:27)
at homepageVerifyTitle.closeBrowser(homepageVerifyTitle.java:27)
at homepageVerifyTitle.closeBrowser(homepageVerifyTitle.java:27)
at homepageVerifyTitle.closeBrowser(homepageVerifyTitle.java:27)
at homepageVerifyTitle.closeBrowser(homepageVerifyTitle.java:27)
at homepageVerifyTitle.closeBrowser(homepageVerifyTitle.java:27)
at homepageVerifyTitle.closeBrowser(homepageVerifyTitle.java:27)
at homepageVerifyTitle.closeBrowser(homepageVerifyTitle.java:27)
at homepageVerifyTitle.closeBrowser(homepageVerifyTitle.java:27)
at homepageVerifyTitle.closeBrowser(homepageVerifyTitle.java:27)
at homepageVerifyTitle.closeBrowser(homepageVerifyTitle.java:27)
at homepageVerifyTitle.closeBrowser(homepageVerifyTitle.java:27)
at homepageVerifyTitle.closeBrowser(homepageVerifyTitle.java:27)
at homepageVerifyTitle.closeBrowser(homepageVerifyTitle.java:27)
at homepageVerifyTitle.closeBrowser(homepageVerifyTitle.java:27)
at homepageVerifyTitle.closeBrowser(homepageVerifyTitle.java:27)
at homepageVerifyTitle.closeBrowser(homepageVerifyTitle.java:27)
at homepageVerifyTitle.closeBrowser(homepageVerifyTitle.java:27)
at homepageVerifyTitle.closeBrowser(homepageVerifyTitle.java:27)
at homepageVerifyTitle.closeBrowser(homepageVerifyTitle.java:27)
at homepageVerifyTitle.closeBrowser(homepageVerifyTitle.java:27)
at homepageVerifyTitle.closeBrowser(homepageVerifyTitle.java:27)
at homepageVerifyTitle.closeBrowser(homepageVerifyTitle.java:27)
at homepageVerifyTitle.closeBrowser(homepageVerifyTitle.java:27)
at homepageVerifyTitle.closeBrowser(homepageVerifyTitle.java:27)
at homepageVerifyTitle.closeBrowser(homepageVerifyTitle.java:27)
at homepageVerifyTitle.closeBrowser(homepageVerifyTitle.java:27)
at homepageVerifyTitle.closeBrowser(homepageVerifyTitle.java:27)
at homepageVerifyTitle.closeBrowser(homepageVerifyTitle.java:27)
at homepageVerifyTitle.closeBrowser(homepageVerifyTitle.java:27)
at homepageVerifyTitle.closeBrowser(homepageVerifyTitle.java:27)
at homepageVerifyTitle.closeBrowser(homepageVerifyTitle.java:27)
at homepageVerifyTitle.closeBrowser(homepageVerifyTitle.java:27)
at homepageVerifyTitle.closeBrowser(homepageVerifyTitle.java:27)
at homepageVerifyTitle.closeBrowser(homepageVerifyTitle.java:27)
at homepageVerifyTitle.closeBrowser(homepageVerifyTitle.java:27)
at homepageVerifyTitle.closeBrowser(homepageVerifyTitle.java:27)
at homepageVerifyTitle.closeBrowser(homepageVerifyTitle.java:27)
at homepageVerifyTitle.closeBrowser(homepageVerifyTitle.java:27)
at homepageVerifyTitle.closeBrowser(homepageVerifyTitle.java:27)
at homepageVerifyTitle.closeBrowser(homepageVerifyTitle.java:27)
at homepageVerifyTitle.closeBrowser(homepageVerifyTitle.java:27)
at homepageVerifyTitle.closeBrowser(homepageVerifyTitle.java:27)
at homepageVerifyTitle.closeBrowser(homepageVerifyTitle.java:27)
at homepageVerifyTitle.closeBrowser(homepageVerifyTitle.java:27)
at homepageVerifyTitle.closeBrowser(homepageVerifyTitle.java:27)
at homepageVerifyTitle.closeBrowser(homepageVerifyTitle.java:27)
at homepageVerifyTitle.closeBrowser(homepageVerifyTitle.java:27)
at homepageVerifyTitle.closeBrowser(homepageVerifyTitle.java:27)
at homepageVerifyTitle.closeBrowser(homepageVerifyTitle.java:27)
at homepageVerifyTitle.closeBrowser(homepageVerifyTitle.java:27)
at homepageVerifyTitle.closeBrowser(homepageVerifyTitle.java:27)
at homepageVerifyTitle.closeBrowser(homepageVerifyTitle.java:27)
at homepageVerifyTitle.closeBrowser(homepageVerifyTitle.java:27)
at homepageVerifyTitle.closeBrowser(homepageVerifyTitle.java:27)
at homepageVerifyTitle.closeBrowser(homepageVerifyTitle.java:27)
at homepageVerifyTitle.closeBrowser(homepageVerifyTitle.java:27)
at homepageVerifyTitle.closeBrowser(homepageVerifyTitle.java:27)
at homepageVerifyTitle.closeBrowser(homepageVerifyTitle.java:27)
at homepageVerifyTitle.closeBrowser(homepageVerifyTitle.java:27)
at homepageVerifyTitle.closeBrowser(homepageVerifyTitle.java:27)
at homepageVerifyTitle.closeBrowser(homepageVerifyTitle.java:27)
at homepageVerifyTitle.closeBrowser(homepageVerifyTitle.java:27)
at homepageVerifyTitle.closeBrowser(homepageVerifyTitle.java:27)
at homepageVerifyTitle.closeBrowser(homepageVerifyTitle.java:27)
at homepageVerifyTitle.closeBrowser(homepageVerifyTitle.java:27)
at homepageVerifyTitle.closeBrowser(homepageVerifyTitle.java:27)
at homepageVerifyTitle.closeBrowser(homepageVerifyTitle.java:27)
at homepageVerifyTitle.closeBrowser(homepageVerifyTitle.java:27)
at homepageVerifyTitle.closeBrowser(homepageVerifyTitle.java:27)
at homepageVerifyTitle.closeBrowser(homepageVerifyTitle.java:27)
at homepageVerifyTitle.closeBrowser(homepageVerifyTitle.java:27)
at homepageVerifyTitle.closeBrowser(homepageVerifyTitle.java:27)
at homepageVerifyTitle.closeBrowser(homepageVerifyTitle.java:27)
at homepageVerifyTitle.closeBrowser(homepageVerifyTitle.java:27)
at homepageVerifyTitle.closeBrowser(homepageVerifyTitle.java:27)
at homepageVerifyTitle.closeBrowser(homepageVerifyTitle.java:27)
at homepageVerifyTitle.closeBrowser(homepageVerifyTitle.java:27)
at homepageVerifyTitle.closeBrowser(homepageVerifyTitle.java:27)
at homepageVerifyTitle.closeBrowser(homepageVerifyTitle.java:27)
at homepageVerifyTitle.closeBrowser(homepageVerifyTitle.java:27)
at homepageVerifyTitle.closeBrowser(homepageVerifyTitle.java:27)
at homepageVerifyTitle.closeBrowser(homepageVerifyTitle.java:27)
at homepageVerifyTitle.closeBrowser(homepageVerifyTitle.java:27)
at homepageVerifyTitle.closeBrowser(homepageVerifyTitle.java:27)
at homepageVerifyTitle.closeBrowser(homepageVerifyTitle.java:27)
at homepageVerifyTitle.closeBrowser(homepageVerifyTitle.java:27)
at homepageVerifyTitle.closeBrowser(homepageVerifyTitle.java:27)
at homepageVerifyTitle.closeBrowser(homepageVerifyTitle.java:27)
at homepageVerifyTitle.closeBrowser(homepageVerifyTitle.java:27)
at homepageVerifyTitle.closeBrowser(homepageVerifyTitle.java:27)
at homepageVerifyTitle.closeBrowser(homepageVerifyTitle.java:27)
at homepageVerifyTitle.closeBrowser(homepageVerifyTitle.java:27)
at homepageVerifyTitle.closeBrowser(homepageVerifyTitle.java:27)
at homepageVerifyTitle.closeBrowser(homepageVerifyTitle.java:27)
at homepageVerifyTitle.closeBrowser(homepageVerifyTitle.java:27)
at homepageVerifyTitle.closeBrowser(homepageVerifyTitle.java:27)
at homepageVerifyTitle.closeBrowser(homepageVerifyTitle.java:27)
at homepageVerifyTitle.closeBrowser(homepageVerifyTitle.java:27)
at homepageVerifyTitle.closeBrowser(homepageVerifyTitle.java:27)
at homepageVerifyTitle.closeBrowser(homepageVerifyTitle.java:27)
at homepageVerifyTitle.closeBrowser(homepageVerifyTitle.java:27)
at homepageVerifyTitle.closeBrowser(homepageVerifyTitle.java:27)
at homepageVerifyTitle.closeBrowser(homepageVerifyTitle.java:27)
at homepageVerifyTitle.closeBrowser(homepageVerifyTitle.java:27)
at homepageVerifyTitle.closeBrowser(homepageVerifyTitle.java:27)
at homepageVerifyTitle.closeBrowser(homepageVerifyTitle.java:27)
at homepageVerifyTitle.closeBrowser(homepageVerifyTitle.java:27)
at homepageVerifyTitle.closeBrowser(homepageVerifyTitle.java:27)
at homepageVerifyTitle.closeBrowser(homepageVerifyTitle.java:27)
at homepageVerifyTitle.closeBrowser(homepageVerifyTitle.java:27)
at homepageVerifyTitle.closeBrowser(homepageVerifyTitle.java:27)
at homepageVerifyTitle.closeBrowser(homepageVerifyTitle.java:27)
at homepageVerifyTitle.closeBrowser(homepageVerifyTitle.java:27)
at homepageVerifyTitle.closeBrowser(homepageVerifyTitle.java:27)
at homepageVerifyTitle.closeBrowser(homepageVerifyTitle.java:27)
at homepageVerifyTitle.closeBrowser(homepageVerifyTitle.java:27)
at homepageVerifyTitle.closeBrowser(homepageVerifyTitle.java:27)
at homepageVerifyTitle.closeBrowser(homepageVerifyTitle.java:27)
at homepageVerifyTitle.closeBrowser(homepageVerifyTitle.java:27)
at homepageVerifyTitle.closeBrowser(homepageVerifyTitle.java:27)
at homepageVerifyTitle.closeBrowser(homepageVerifyTitle.java:27)
at homepageVerifyTitle.closeBrowser(homepageVerifyTitle.java:27)
at homepageVerifyTitle.closeBrowser(homepageVerifyTitle.java:27)
at homepageVerifyTitle.closeBrowser(homepageVerifyTitle.java:27)
at homepageVerifyTitle.closeBrowser(homepageVerifyTitle.java:27)
at homepageVerifyTitle.closeBrowser(homepageVerifyTitle.java:27)
at homepageVerifyTitle.closeBrowser(homepageVerifyTitle.java:27)
at homepageVerifyTitle.closeBrowser(homepageVerifyTitle.java:27)
at homepageVerifyTitle.closeBrowser(homepageVerifyTitle.java:27)
at homepageVerifyTitle.closeBrowser(homepageVerifyTitle.java:27)
at homepageVerifyTitle.closeBrowser(homepageVerifyTitle.java:27)
at homepageVerifyTitle.closeBrowser(homepageVerifyTitle.java:27)
at homepageVerifyTitle.closeBrowser(homepageVerifyTitle.java:27)
at homepageVerifyTitle.closeBrowser(homepageVerifyTitle.java:27)
at homepageVerifyTitle.closeBrowser(homepageVerifyTitle.java:27)
at homepageVerifyTitle.closeBrowser(homepageVerifyTitle.java:27)
at homepageVerifyTitle.closeBrowser(homepageVerifyTitle.java:27)
at homepageVerifyTitle.closeBrowser(homepageVerifyTitle.java:27)
at homepageVerifyTitle.closeBrowser(homepageVerifyTitle.java:27)
at homepageVerifyTitle.closeBrowser(homepageVerifyTitle.java:27)
at homepageVerifyTitle.closeBrowser(homepageVerifyTitle.java:27)
at homepageVerifyTitle.closeBrowser(homepageVerifyTitle.java:27)
at homepageVerifyTitle.closeBrowser(homepageVerifyTitle.java:27)
at homepageVerifyTitle.closeBrowser(homepageVerifyTitle.java:27)
at homepageVerifyTitle.closeBrowser(homepageVerifyTitle.java:27)
at homepageVerifyTitle.closeBrowser(homepageVerifyTitle.java:27)
at homepageVerifyTitle.closeBrowser(homepageVerifyTitle.java:27)
at homepageVerifyTitle.closeBrowser(homepageVerifyTitle.java:27)
at homepageVerifyTitle.closeBrowser(homepageVerifyTitle.java:27)
at homepageVerifyTitle.closeBrowser(homepageVerifyTitle.java:27)
at homepageVerifyTitle.closeBrowser(homepageVerifyTitle.java:27)
at homepageVerifyTitle.closeBrowser(homepageVerifyTitle.java:27)
at homepageVerifyTitle.closeBrowser(homepageVerifyTitle.java:27)
at homepageVerifyTitle.closeBrowser(homepageVerifyTitle.java:27)
at homepageVerifyTitle.closeBrowser(homepageVerifyTitle.java:27)
at homepageVerifyTitle.closeBrowser(homepageVerifyTitle.java:27)
at homepageVerifyTitle.closeBrowser(homepageVerifyTitle.java:27)
at homepageVerifyTitle.closeBrowser(homepageVerifyTitle.java:27)
at homepageVerifyTitle.closeBrowser(homepageVerifyTitle.java:27)
at homepageVerifyTitle.closeBrowser(homepageVerifyTitle.java:27)
at homepageVerifyTitle.closeBrowser(homepageVerifyTitle.java:27)
at homepageVerifyTitle.closeBrowser(homepageVerifyTitle.java:27)
at homepageVerifyTitle.closeBrowser(homepageVerifyTitle.java:27)
at homepageVerifyTitle.closeBrowser(homepageVerifyTitle.java:27)
at homepageVerifyTitle.closeBrowser(homepageVerifyTitle.java:27)
at homepageVerifyTitle.closeBrowser(homepageVerifyTitle.java:27)
at homepageVerifyTitle.closeBrowser(homepageVerifyTitle.java:27)
at homepageVerifyTitle.closeBrowser(homepageVerifyTitle.java:27)
at homepageVerifyTitle.closeBrowser(homepageVerifyTitle.java:27)
at homepageVerifyTitle.closeBrowser(homepageVerifyTitle.java:27)
at homepageVerifyTitle.closeBrowser(homepageVerifyTitle.java:27)
at homepageVerifyTitle.closeBrowser(homepageVerifyTitle.java:27)
at homepageVerifyTitle.closeBrowser(homepageVerifyTitle.java:27)
at homepageVerifyTitle.closeBrowser(homepageVerifyTitle.java:27)
at homepageVerifyTitle.closeBrowser(homepageVerifyTitle.java:27)
at homepageVerifyTitle.closeBrowser(homepageVerifyTitle.java:27)
at homepageVerifyTitle.closeBrowser(homepageVerifyTitle.java:27)
at homepageVerifyTitle.closeBrowser(homepageVerifyTitle.java:27)
at homepageVerifyTitle.closeBrowser(homepageVerifyTitle.java:27)
at homepageVerifyTitle.closeBrowser(homepageVerifyTitle.java:27)
at homepageVerifyTitle.closeBrowser(homepageVerifyTitle.java:27)
at homepageVerifyTitle.closeBrowser(homepageVerifyTitle.java:27)
at homepageVerifyTitle.closeBrowser(homepageVerifyTitle.java:27)
at homepageVerifyTitle.closeBrowser(homepageVerifyTitle.java:27)
at homepageVerifyTitle.closeBrowser(homepageVerifyTitle.java:27)
at homepageVerifyTitle.closeBrowser(homepageVerifyTitle.java:27)
at homepageVerifyTitle.closeBrowser(homepageVerifyTitle.java:27)
at homepageVerifyTitle.closeBrowser(homepageVerifyTitle.java:27)
at homepageVerifyTitle.closeBrowser(homepageVerifyTitle.java:27)
at homepageVerifyTitle.closeBrowser(homepageVerifyTitle.java:27)
at homepageVerifyTitle.closeBrowser(homepageVerifyTitle.java:27)
at homepageVerifyTitle.closeBrowser(homepageVerifyTitle.java:27)
at homepageVerifyTitle.closeBrowser(homepageVerifyTitle.java:27)
at homepageVerifyTitle.closeBrowser(homepageVerifyTitle.java:27)
at homepageVerifyTitle.closeBrowser(homepageVerifyTitle.java:27)
at homepageVerifyTitle.closeBrowser(homepageVerifyTitle.java:27)
at homepageVerifyTitle.closeBrowser(homepageVerifyTitle.java:27)
at homepageVerifyTitle.closeBrowser(homepageVerifyTitle.java:27)
at homepageVerifyTitle.closeBrowser(homepageVerifyTitle.java:27)
at homepageVerifyTitle.closeBrowser(homepageVerifyTitle.java:27)
at homepageVerifyTitle.closeBrowser(homepageVerifyTitle.java:27)
at homepageVerifyTitle.closeBrowser(homepageVerifyTitle.java:27)
at homepageVerifyTitle.closeBrowser(homepageVerifyTitle.java:27)
at homepageVerifyTitle.closeBrowser(homepageVerifyTitle.java:27)
at homepageVerifyTitle.closeBrowser(homepageVerifyTitle.java:27)
at homepageVerifyTitle.closeBrowser(homepageVerifyTitle.java:27)
at homepageVerifyTitle.closeBrowser(homepageVerifyTitle.java:27)
at homepageVerifyTitle.closeBrowser(homepageVerifyTitle.java:27)
at homepageVerifyTitle.closeBrowser(homepageVerifyTitle.java:27)
at homepageVerifyTitle.closeBrowser(homepageVerifyTitle.java:27)
at homepageVerifyTitle.closeBrowser(homepageVerifyTitle.java:27)
at homepageVerifyTitle.closeBrowser(homepageVerifyTitle.java:27)
at homepageVerifyTitle.closeBrowser(homepageVerifyTitle.java:27)
at homepageVerifyTitle.closeBrowser(homepageVerifyTitle.java:27)
at homepageVerifyTitle.closeBrowser(homepageVerifyTitle.java:27)
at homepageVerifyTitle.closeBrowser(homepageVerifyTitle.java:27)
at homepageVerifyTitle.closeBrowser(homepageVerifyTitle.java:27)
at homepageVerifyTitle.closeBrowser(homepageVerifyTitle.java:27)
at homepageVerifyTitle.closeBrowser(homepageVerifyTitle.java:27)
at homepageVerifyTitle.closeBrowser(homepageVerifyTitle.java:27)
at homepageVerifyTitle.closeBrowser(homepageVerifyTitle.java:27)
at homepageVerifyTitle.closeBrowser(homepageVerifyTitle.java:27)
at homepageVerifyTitle.closeBrowser(homepageVerifyTitle.java:27)
at homepageVerifyTitle.closeBrowser(homepageVerifyTitle.java:27)
at homepageVerifyTitle.closeBrowser(homepageVerifyTitle.java:27)
at homepageVerifyTitle.closeBrowser(homepageVerifyTitle.java:27)
at homepageVerifyTitle.closeBrowser(homepageVerifyTitle.java:27)
at homepageVerifyTitle.closeBrowser(homepageVerifyTitle.java:27)
at homepageVerifyTitle.closeBrowser(homepageVerifyTitle.java:27)
at homepageVerifyTitle.closeBrowser(homepageVerifyTitle.java:27)
at homepageVerifyTitle.closeBrowser(homepageVerifyTitle.java:27)
at homepageVerifyTitle.closeBrowser(homepageVerifyTitle.java:27)
at homepageVerifyTitle.closeBrowser(homepageVerifyTitle.java:27)
at homepageVerifyTitle.closeBrowser(homepageVerifyTitle.java:27)
at homepageVerifyTitle.closeBrowser(homepageVerifyTitle.java:27)
at homepageVerifyTitle.closeBrowser(homepageVerifyTitle.java:27)
at homepageVerifyTitle.closeBrowser(homepageVerifyTitle.java:27)
at homepageVerifyTitle.closeBrowser(homepageVerifyTitle.java:27)
at homepageVerifyTitle.closeBrowser(homepageVerifyTitle.java:27)
at homepageVerifyTitle.closeBrowser(homepageVerifyTitle.java:27)
at homepageVerifyTitle.closeBrowser(homepageVerifyTitle.java:27)
at homepageVerifyTitle.closeBrowser(homepageVerifyTitle.java:27)
at homepageVerifyTitle.closeBrowser(homepageVerifyTitle.java:27)
at homepageVerifyTitle.closeBrowser(homepageVerifyTitle.java:27)
at homepageVerifyTitle.closeBrowser(homepageVerifyTitle.java:27)
at homepageVerifyTitle.closeBrowser(homepageVerifyTitle.java:27)
at homepageVerifyTitle.closeBrowser(homepageVerifyTitle.java:27)
at homepageVerifyTitle.closeBrowser(homepageVerifyTitle.java:27)
at homepageVerifyTitle.closeBrowser(homepageVerifyTitle.java:27)
at homepageVerifyTitle.closeBrowser(homepageVerifyTitle.java:27)
at homepageVerifyTitle.closeBrowser(homepageVerifyTitle.java:27)
at homepageVerifyTitle.closeBrowser(homepageVerifyTitle.java:27)
at homepageVerifyTitle.closeBrowser(homepageVerifyTitle.java:27)
at homepageVerifyTitle.closeBrowser(homepageVerifyTitle.java:27)
at homepageVerifyTitle.closeBrowser(homepageVerifyTitle.java:27)
at homepageVerifyTitle.closeBrowser(homepageVerifyTitle.java:27)
at homepageVerifyTitle.closeBrowser(homepageVerifyTitle.java:27)
at homepageVerifyTitle.closeBrowser(homepageVerifyTitle.java:27)
at homepageVerifyTitle.closeBrowser(homepageVerifyTitle.java:27)
at homepageVerifyTitle.closeBrowser(homepageVerifyTitle.java:27)
at homepageVerifyTitle.closeBrowser(homepageVerifyTitle.java:27)
at homepageVerifyTitle.closeBrowser(homepageVerifyTitle.java:27)
at homepageVerifyTitle.closeBrowser(homepageVerifyTitle.java:27)
at homepageVerifyTitle.closeBrowser(homepageVerifyTitle.java:27)
at homepageVerifyTitle.closeBrowser(homepageVerifyTitle.java:27)
at homepageVerifyTitle.closeBrowser(homepageVerifyTitle.java:27)
at homepageVerifyTitle.closeBrowser(homepageVerifyTitle.java:27)
at homepageVerifyTitle.closeBrowser(homepageVerifyTitle.java:27)
at homepageVerifyTitle.closeBrowser(homepageVerifyTitle.java:27)
at homepageVerifyTitle.closeBrowser(homepageVerifyTitle.java:27)
at homepageVerifyTitle.closeBrowser(homepageVerifyTitle.java:27)
at homepageVerifyTitle.closeBrowser(homepageVerifyTitle.java:27)
at homepageVerifyTitle.closeBrowser(homepageVerifyTitle.java:27)
at homepageVerifyTitle.closeBrowser(homepageVerifyTitle.java:27)
at homepageVerifyTitle.closeBrowser(homepageVerifyTitle.java:27)
at homepageVerifyTitle.closeBrowser(homepageVerifyTitle.java:27)
at homepageVerifyTitle.closeBrowser(homepageVerifyTitle.java:27)
at homepageVerifyTitle.closeBrowser(homepageVerifyTitle.java:27)
at homepageVerifyTitle.closeBrowser(homepageVerifyTitle.java:27)
at homepageVerifyTitle.closeBrowser(homepageVerifyTitle.java:27)
at homepageVerifyTitle.closeBrowser(homepageVerifyTitle.java:27)
at homepageVerifyTitle.closeBrowser(homepageVerifyTitle.java:27)
at homepageVerifyTitle.closeBrowser(homepageVerifyTitle.java:27)
at homepageVerifyTitle.closeBrowser(homepageVerifyTitle.java:27)
at homepageVerifyTitle.closeBrowser(homepageVerifyTitle.java:27)
at homepageVerifyTitle.closeBrowser(homepageVerifyTitle.java:27)
at homepageVerifyTitle.closeBrowser(homepageVerifyTitle.java:27)
at homepageVerifyTitle.closeBrowser(homepageVerifyTitle.java:27)
at homepageVerifyTitle.closeBrowser(homepageVerifyTitle.java:27)
at homepageVerifyTitle.closeBrowser(homepageVerifyTitle.java:27)
at homepageVerifyTitle.closeBrowser(homepageVerifyTitle.java:27)
at homepageVerifyTitle.closeBrowser(homepageVerifyTitle.java:27)
at homepageVerifyTitle.closeBrowser(homepageVerifyTitle.java:27)
at homepageVerifyTitle.closeBrowser(homepageVerifyTitle.java:27)
at homepageVerifyTitle.closeBrowser(homepageVerifyTitle.java:27)
at homepageVerifyTitle.closeBrowser(homepageVerifyTitle.java:27)
at homepageVerifyTitle.closeBrowser(homepageVerifyTitle.java:27)
at homepageVerifyTitle.closeBrowser(homepageVerifyTitle.java:27)
at homepageVerifyTitle.closeBrowser(homepageVerifyTitle.java:27)
at homepageVerifyTitle.closeBrowser(homepageVerifyTitle.java:27)
at homepageVerifyTitle.closeBrowser(homepageVerifyTitle.java:27)
at homepageVerifyTitle.closeBrowser(homepageVerifyTitle.java:27)
at homepageVerifyTitle.closeBrowser(homepageVerifyTitle.java:27)
at homepageVerifyTitle.closeBrowser(homepageVerifyTitle.java:27)
at homepageVerifyTitle.closeBrowser(homepageVerifyTitle.java:27)
at homepageVerifyTitle.closeBrowser(homepageVerifyTitle.java:27)
at homepageVerifyTitle.closeBrowser(homepageVerifyTitle.java:27)
at homepageVerifyTitle.closeBrowser(homepageVerifyTitle.java:27)
at homepageVerifyTitle.closeBrowser(homepageVerifyTitle.java:27)
at homepageVerifyTitle.closeBrowser(homepageVerifyTitle.java:27)
at homepageVerifyTitle.closeBrowser(homepageVerifyTitle.java:27)
at homepageVerifyTitle.closeBrowser(homepageVerifyTitle.java:27)
at homepageVerifyTitle.closeBrowser(homepageVerifyTitle.java:27)
at homepageVerifyTitle.closeBrowser(homepageVerifyTitle.java:27)
at homepageVerifyTitle.closeBrowser(homepageVerifyTitle.java:27)
at homepageVerifyTitle.closeBrowser(homepageVerifyTitle.java:27)
at homepageVerifyTitle.closeBrowser(homepageVerifyTitle.java:27)
at homepageVerifyTitle.closeBrowser(homepageVerifyTitle.java:27)
at homepageVerifyTitle.closeBrowser(homepageVerifyTitle.java:27)
at homepageVerifyTitle.closeBrowser(homepageVerifyTitle.java:27)
at homepageVerifyTitle.closeBrowser(homepageVerifyTitle.java:27)
at homepageVerifyTitle.closeBrowser(homepageVerifyTitle.java:27)
at homepageVerifyTitle.closeBrowser(homepageVerifyTitle.java:27)
at homepageVerifyTitle.closeBrowser(homepageVerifyTitle.java:27)
at homepageVerifyTitle.closeBrowser(homepageVerifyTitle.java:27)
at homepageVerifyTitle.closeBrowser(homepageVerifyTitle.java:27)
at homepageVerifyTitle.closeBrowser(homepageVerifyTitle.java:27)
at homepageVerifyTitle.closeBrowser(homepageVerifyTitle.java:27)
at homepageVerifyTitle.closeBrowser(homepageVerifyTitle.java:27)
at homepageVerifyTitle.closeBrowser(homepageVerifyTitle.java:27)
at homepageVerifyTitle.closeBrowser(homepageVerifyTitle.java:27)
at homepageVerifyTitle.closeBrowser(homepageVerifyTitle.java:27)
at homepageVerifyTitle.closeBrowser(homepageVerifyTitle.java:27)
at homepageVerifyTitle.closeBrowser(homepageVerifyTitle.java:27)
at homepageVerifyTitle.closeBrowser(homepageVerifyTitle.java:27)
at homepageVerifyTitle.closeBrowser(homepageVerifyTitle.java:27)
at homepageVerifyTitle.closeBrowser(homepageVerifyTitle.java:27)
at homepageVerifyTitle.closeBrowser(homepageVerifyTitle.java:27)
at homepageVerifyTitle.closeBrowser(homepageVerifyTitle.java:27)
at homepageVerifyTitle.closeBrowser(homepageVerifyTitle.java:27)
at homepageVerifyTitle.closeBrowser(homepageVerifyTitle.java:27)
at homepageVerifyTitle.closeBrowser(homepageVerifyTitle.java:27)
at homepageVerifyTitle.closeBrowser(homepageVerifyTitle.java:27)
at homepageVerifyTitle.closeBrowser(homepageVerifyTitle.java:27)
at homepageVerifyTitle.closeBrowser(homepageVerifyTitle.java:27)
at homepageVerifyTitle.closeBrowser(homepageVerifyTitle.java:27)
at homepageVerifyTitle.closeBrowser(homepageVerifyTitle.java:27)
at homepageVerifyTitle.closeBrowser(homepageVerifyTitle.java:27)
at homepageVerifyTitle.closeBrowser(homepageVerifyTitle.java:27)
at homepageVerifyTitle.closeBrowser(homepageVerifyTitle.java:27)
at homepageVerifyTitle.closeBrowser(homepageVerifyTitle.java:27)
at homepageVerifyTitle.closeBrowser(homepageVerifyTitle.java:27)
at homepageVerifyTitle.closeBrowser(homepageVerifyTitle.java:27)
at homepageVerifyTitle.closeBrowser(homepageVerifyTitle.java:27)
at homepageVerifyTitle.closeBrowser(homepageVerifyTitle.java:27)
at homepageVerifyTitle.closeBrowser(homepageVerifyTitle.java:27)
at homepageVerifyTitle.closeBrowser(homepageVerifyTitle.java:27)
at homepageVerifyTitle.closeBrowser(homepageVerifyTitle.java:27)
at homepageVerifyTitle.closeBrowser(homepageVerifyTitle.java:27)
at homepageVerifyTitle.closeBrowser(homepageVerifyTitle.java:27)
at homepageVerifyTitle.closeBrowser(homepageVerifyTitle.java:27)
at homepageVerifyTitle.closeBrowser(homepageVerifyTitle.java:27)
at homepageVerifyTitle.closeBrowser(homepageVerifyTitle.java:27)
at homepageVerifyTitle.closeBrowser(homepageVerifyTitle.java:27)
at homepageVerifyTitle.closeBrowser(homepageVerifyTitle.java:27)
at homepageVerifyTitle.closeBrowser(homepageVerifyTitle.java:27)
at homepageVerifyTitle.closeBrowser(homepageVerifyTitle.java:27)
at homepageVerifyTitle.closeBrowser(homepageVerifyTitle.java:27)
at homepageVerifyTitle.closeBrowser(homepageVerifyTitle.java:27)
at homepageVerifyTitle.closeBrowser(homepageVerifyTitle.java:27)
at homepageVerifyTitle.closeBrowser(homepageVerifyTitle.java:27)
at homepageVerifyTitle.closeBrowser(homepageVerifyTitle.java:27)
at homepageVerifyTitle.closeBrowser(homepageVerifyTitle.java:27)
at homepageVerifyTitle.closeBrowser(homepageVerifyTitle.java:27)
at homepageVerifyTitle.closeBrowser(homepageVerifyTitle.java:27)
at homepageVerifyTitle.closeBrowser(homepageVerifyTitle.java:27)
at homepageVerifyTitle.closeBrowser(homepageVerifyTitle.java:27)
at homepageVerifyTitle.closeBrowser(homepageVerifyTitle.java:27)
at homepageVerifyTitle.closeBrowser(homepageVerifyTitle.java:27)
at homepageVerifyTitle.closeBrowser(homepageVerifyTitle.java:27)
at homepageVerifyTitle.closeBrowser(homepageVerifyTitle.java:27)
at homepageVerifyTitle.closeBrowser(homepageVerifyTitle.java:27)
at homepageVerifyTitle.closeBrowser(homepageVerifyTitle.java:27)
at homepageVerifyTitle.closeBrowser(homepageVerifyTitle.java:27)
at homepageVerifyTitle.closeBrowser(homepageVerifyTitle.java:27)
at homepageVerifyTitle.closeBrowser(homepageVerifyTitle.java:27)
at homepageVerifyTitle.closeBrowser(homepageVerifyTitle.java:27)
at homepageVerifyTitle.closeBrowser(homepageVerifyTitle.java:27)
at homepageVerifyTitle.closeBrowser(homepageVerifyTitle.java:27)
at homepageVerifyTitle.closeBrowser(homepageVerifyTitle.java:27)
at homepageVerifyTitle.closeBrowser(homepageVerifyTitle.java:27)
at homepageVerifyTitle.closeBrowser(homepageVerifyTitle.java:27)
at homepageVerifyTitle.closeBrowser(homepageVerifyTitle.java:27)
at homepageVerifyTitle.closeBrowser(homepageVerifyTitle.java:27)
at homepageVerifyTitle.closeBrowser(homepageVerifyTitle.java:27)
at homepageVerifyTitle.closeBrowser(homepageVerifyTitle.java:27)
at homepageVerifyTitle.closeBrowser(homepageVerifyTitle.java:27)
at homepageVerifyTitle.closeBrowser(homepageVerifyTitle.java:27)
at homepageVerifyTitle.closeBrowser(homepageVerifyTitle.java:27)
at homepageVerifyTitle.closeBrowser(homepageVerifyTitle.java:27)
at homepageVerifyTitle.closeBrowser(homepageVerifyTitle.java:27)
at homepageVerifyTitle.closeBrowser(homepageVerifyTitle.java:27)
at homepageVerifyTitle.closeBrowser(homepageVerifyTitle.java:27)
at homepageVerifyTitle.closeBrowser(homepageVerifyTitle.java:27)
at homepageVerifyTitle.closeBrowser(homepageVerifyTitle.java:27)
at homepageVerifyTitle.closeBrowser(homepageVerifyTitle.java:27)
at homepageVerifyTitle.closeBrowser(homepageVerifyTitle.java:27)
at homepageVerifyTitle.closeBrowser(homepageVerifyTitle.java:27)
at homepageVerifyTitle.closeBrowser(homepageVerifyTitle.java:27)
at homepageVerifyTitle.closeBrowser(homepageVerifyTitle.java:27)
at homepageVerifyTitle.closeBrowser(homepageVerifyTitle.java:27)
at homepageVerifyTitle.closeBrowser(homepageVerifyTitle.java:27)
at homepageVerifyTitle.closeBrowser(homepageVerifyTitle.java:27)
at homepageVerifyTitle.closeBrowser(homepageVerifyTitle.java:27)
at homepageVerifyTitle.closeBrowser(homepageVerifyTitle.java:27)
at homepageVerifyTitle.closeBrowser(homepageVerifyTitle.java:27)
at homepageVerifyTitle.closeBrowser(homepageVerifyTitle.java:27)
at homepageVerifyTitle.closeBrowser(homepageVerifyTitle.java:27)
at homepageVerifyTitle.closeBrowser(homepageVerifyTitle.java:27)
at homepageVerifyTitle.closeBrowser(homepageVerifyTitle.java:27)
at homepageVerifyTitle.closeBrowser(homepageVerifyTitle.java:27)
at homepageVerifyTitle.closeBrowser(homepageVerifyTitle.java:27)
at homepageVerifyTitle.closeBrowser(homepageVerifyTitle.java:27)
at homepageVerifyTitle.closeBrowser(homepageVerifyTitle.java:27)
at homepageVerifyTitle.closeBrowser(homepageVerifyTitle.java:27)
at homepageVerifyTitle.closeBrowser(homepageVerifyTitle.java:27)
at homepageVerifyTitle.closeBrowser(homepageVerifyTitle.java:27)
at homepageVerifyTitle.closeBrowser(homepageVerifyTitle.java:27)
at homepageVerifyTitle.closeBrowser(homepageVerifyTitle.java:27)
at homepageVerifyTitle.closeBrowser(homepageVerifyTitle.java:27)
at homepageVerifyTitle.closeBrowser(homepageVerifyTitle.java:27)
at homepageVerifyTitle.closeBrowser(homepageVerifyTitle.java:27)
at homepageVerifyTitle.closeBrowser(homepageVerifyTitle.java:27)
at homepageVerifyTitle.closeBrowser(homepageVerifyTitle.java:27)
at homepageVerifyTitle.closeBrowser(homepageVerifyTitle.java:27)
at homepageVerifyTitle.closeBrowser(homepageVerifyTitle.java:27)
at homepageVerifyTitle.closeBrowser(homepageVerifyTitle.java:27)
at homepageVerifyTitle.closeBrowser(homepageVerifyTitle.java:27)
at homepageVerifyTitle.closeBrowser(homepageVerifyTitle.java:27)
at homepageVerifyTitle.closeBrowser(homepageVerifyTitle.java:27)
at homepageVerifyTitle.closeBrowser(homepageVerifyTitle.java:27)
at homepageVerifyTitle.closeBrowser(homepageVerifyTitle.java:27)
at homepageVerifyTitle.closeBrowser(homepageVerifyTitle.java:27)
at homepageVerifyTitle.closeBrowser(homepageVerifyTitle.java:27)
at homepageVerifyTitle.closeBrowser(homepageVerifyTitle.java:27)
at homepageVerifyTitle.closeBrowser(homepageVerifyTitle.java:27)
at homepageVerifyTitle.closeBrowser(homepageVerifyTitle.java:27)
at homepageVerifyTitle.closeBrowser(homepageVerifyTitle.java:27)
at homepageVerifyTitle.closeBrowser(homepageVerifyTitle.java:27)
at homepageVerifyTitle.closeBrowser(homepageVerifyTitle.java:27)
at homepageVerifyTitle.closeBrowser(homepageVerifyTitle.java:27)
at homepageVerifyTitle.closeBrowser(homepageVerifyTitle.java:27)
at homepageVerifyTitle.closeBrowser(homepageVerifyTitle.java:27)
at homepageVerifyTitle.closeBrowser(homepageVerifyTitle.java:27)
at homepageVerifyTitle.closeBrowser(homepageVerifyTitle.java:27)
at homepageVerifyTitle.closeBrowser(homepageVerifyTitle.java:27)
at homepageVerifyTitle.closeBrowser(homepageVerifyTitle.java:27)
at homepageVerifyTitle.closeBrowser(homepageVerifyTitle.java:27)
at homepageVerifyTitle.closeBrowser(homepageVerifyTitle.java:27)
at homepageVerifyTitle.closeBrowser(homepageVerifyTitle.java:27)
at homepageVerifyTitle.closeBrowser(homepageVerifyTitle.java:27)
at homepageVerifyTitle.closeBrowser(homepageVerifyTitle.java:27)
at homepageVerifyTitle.closeBrowser(homepageVerifyTitle.java:27)
at homepageVerifyTitle.closeBrowser(homepageVerifyTitle.java:27)
at homepageVerifyTitle.closeBrowser(homepageVerifyTitle.java:27)
at homepageVerifyTitle.closeBrowser(homepageVerifyTitle.java:27)
at homepageVerifyTitle.closeBrowser(homepageVerifyTitle.java:27)
at homepageVerifyTitle.closeBrowser(homepageVerifyTitle.java:27)
at homepageVerifyTitle.closeBrowser(homepageVerifyTitle.java:27)
at homepageVerifyTitle.closeBrowser(homepageVerifyTitle.java:27)
at homepageVerifyTitle.closeBrowser(homepageVerifyTitle.java:27)
at homepageVerifyTitle.closeBrowser(homepageVerifyTitle.java:27)
at homepageVerifyTitle.closeBrowser(homepageVerifyTitle.java:27)
at homepageVerifyTitle.closeBrowser(homepageVerifyTitle.java:27)
at homepageVerifyTitle.closeBrowser(homepageVerifyTitle.java:27)
at homepageVerifyTitle.closeBrowser(homepageVerifyTitle.java:27)
at homepageVerifyTitle.closeBrowser(homepageVerifyTitle.java:27)
at homepageVerifyTitle.closeBrowser(homepageVerifyTitle.java:27)
at homepageVerifyTitle.closeBrowser(homepageVerifyTitle.java:27)
at homepageVerifyTitle.closeBrowser(homepageVerifyTitle.java:27)
at homepageVerifyTitle.closeBrowser(homepageVerifyTitle.java:27)
at homepageVerifyTitle.closeBrowser(homepageVerifyTitle.java:27)
at homepageVerifyTitle.closeBrowser(homepageVerifyTitle.java:27)
at homepageVerifyTitle.closeBrowser(homepageVerifyTitle.java:27)
at homepageVerifyTitle.closeBrowser(homepageVerifyTitle.java:27)
at homepageVerifyTitle.closeBrowser(homepageVerifyTitle.java:27)
at homepageVerifyTitle.closeBrowser(homepageVerifyTitle.java:27)
at homepageVerifyTitle.closeBrowser(homepageVerifyTitle.java:27)
at homepageVerifyTitle.closeBrowser(homepageVerifyTitle.java:27)
at homepageVerifyTitle.closeBrowser(homepageVerifyTitle.java:27)
at homepageVerifyTitle.closeBrowser(homepageVerifyTitle.java:27)
at homepageVerifyTitle.closeBrowser(homepageVerifyTitle.java:27)
at homepageVerifyTitle.closeBrowser(homepageVerifyTitle.java:27)
at homepageVerifyTitle.closeBrowser(homepageVerifyTitle.java:27)
at homepageVerifyTitle.closeBrowser(homepageVerifyTitle.java:27)
at homepageVerifyTitle.closeBrowser(homepageVerifyTitle.java:27)
at homepageVerifyTitle.closeBrowser(homepageVerifyTitle.java:27)
at homepageVerifyTitle.closeBrowser(homepageVerifyTitle.java:27)
at homepageVerifyTitle.closeBrowser(homepageVerifyTitle.java:27)
at homepageVerifyTitle.closeBrowser(homepageVerifyTitle.java:27)
at homepageVerifyTitle.closeBrowser(homepageVerifyTitle.java:27)
at homepageVerifyTitle.closeBrowser(homepageVerifyTitle.java:27)
at homepageVerifyTitle.closeBrowser(homepageVerifyTitle.java:27)
at homepageVerifyTitle.closeBrowser(homepageVerifyTitle.java:27)
at homepageVerifyTitle.closeBrowser(homepageVerifyTitle.java:27)
at homepageVerifyTitle.closeBrowser(homepageVerifyTitle.java:27)
at homepageVerifyTitle.closeBrowser(homepageVerifyTitle.java:27)
at homepageVerifyTitle.closeBrowser(homepageVerifyTitle.java:27)
at homepageVerifyTitle.closeBrowser(homepageVerifyTitle.java:27)
at homepageVerifyTitle.closeBrowser(homepageVerifyTitle.java:27)
at homepageVerifyTitle.closeBrowser(homepageVerifyTitle.java:27)
at homepageVerifyTitle.closeBrowser(homepageVerifyTitle.java:27)
at homepageVerifyTitle.closeBrowser(homepageVerifyTitle.java:27)
at homepageVerifyTitle.closeBrowser(homepageVerifyTitle.java:27)
at homepageVerifyTitle.closeBrowser(homepageVerifyTitle.java:27)
at homepageVerifyTitle.closeBrowser(homepageVerifyTitle.java:27)
at homepageVerifyTitle.closeBrowser(homepageVerifyTitle.java:27)
at homepageVerifyTitle.closeBrowser(homepageVerifyTitle.java:27)
at homepageVerifyTitle.closeBrowser(homepageVerifyTitle.java:27)
at homepageVerifyTitle.closeBrowser(homepageVerifyTitle.java:27)
at homepageVerifyTitle.closeBrowser(homepageVerifyTitle.java:27)
at homepageVerifyTitle.closeBrowser(homepageVerifyTitle.java:27)
at homepageVerifyTitle.closeBrowser(homepageVerifyTitle.java:27)
at homepageVerifyTitle.closeBrowser(homepageVerifyTitle.java:27)
at homepageVerifyTitle.closeBrowser(homepageVerifyTitle.java:27)
at homepageVerifyTitle.closeBrowser(homepageVerifyTitle.java:27)
at homepageVerifyTitle.closeBrowser(homepageVerifyTitle.java:27)
at homepageVerifyTitle.closeBrowser(homepageVerifyTitle.java:27)
at homepageVerifyTitle.closeBrowser(homepageVerifyTitle.java:27)
at homepageVerifyTitle.closeBrowser(homepageVerifyTitle.java:27)
at homepageVerifyTitle.closeBrowser(homepageVerifyTitle.java:27)
at homepageVerifyTitle.closeBrowser(homepageVerifyTitle.java:27)
at homepageVerifyTitle.closeBrowser(homepageVerifyTitle.java:27)
at homepageVerifyTitle.closeBrowser(homepageVerifyTitle.java:27)
at homepageVerifyTitle.closeBrowser(homepageVerifyTitle.java:27)
at homepageVerifyTitle.closeBrowser(homepageVerifyTitle.java:27)
at homepageVerifyTitle.closeBrowser(homepageVerifyTitle.java:27)
at homepageVerifyTitle.closeBrowser(homepageVerifyTitle.java:27)
at homepageVerifyTitle.closeBrowser(homepageVerifyTitle.java:27)
at homepageVerifyTitle.closeBrowser(homepageVerifyTitle.java:27)
at homepageVerifyTitle.closeBrowser(homepageVerifyTitle.java:27)
at homepageVerifyTitle.closeBrowser(homepageVerifyTitle.java:27)
at homepageVerifyTitle.closeBrowser(homepageVerifyTitle.java:27)
at homepageVerifyTitle.closeBrowser(homepageVerifyTitle.java:27)
at homepageVerifyTitle.closeBrowser(homepageVerifyTitle.java:27)
at homepageVerifyTitle.closeBrowser(homepageVerifyTitle.java:27)
at homepageVerifyTitle.closeBrowser(homepageVerifyTitle.java:27)
at homepageVerifyTitle.closeBrowser(homepageVerifyTitle.java:27)
at homepageVerifyTitle.closeBrowser(homepageVerifyTitle.java:27)
at homepageVerifyTitle.closeBrowser(homepageVerifyTitle.java:27)
at homepageVerifyTitle.closeBrowser(homepageVerifyTitle.java:27)
at homepageVerifyTitle.closeBrowser(homepageVerifyTitle.java:27)
at homepageVerifyTitle.closeBrowser(homepageVerifyTitle.java:27)
at homepageVerifyTitle.closeBrowser(homepageVerifyTitle.java:27)
at homepageVerifyTitle.closeBrowser(homepageVerifyTitle.java:27)
at homepageVerifyTitle.closeBrowser(homepageVerifyTitle.java:27)
at homepageVerifyTitle.closeBrowser(homepageVerifyTitle.java:27)
at homepageVerifyTitle.closeBrowser(homepageVerifyTitle.java:27)
at homepageVerifyTitle.closeBrowser(homepageVerifyTitle.java:27)
at homepageVerifyTitle.closeBrowser(homepageVerifyTitle.java:27)
at homepageVerifyTitle.closeBrowser(homepageVerifyTitle.java:27)
at homepageVerifyTitle.closeBrowser(homepageVerifyTitle.java:27)
at homepageVerifyTitle.closeBrowser(homepageVerifyTitle.java:27)
at homepageVerifyTitle.closeBrowser(homepageVerifyTitle.java:27)
at homepageVerifyTitle.closeBrowser(homepageVerifyTitle.java:27)
at homepageVerifyTitle.closeBrowser(homepageVerifyTitle.java:27)
at homepageVerifyTitle.closeBrowser(homepageVerifyTitle.java:27)
at homepageVerifyTitle.closeBrowser(homepageVerifyTitle.java:27)
at homepageVerifyTitle.closeBrowser(homepageVerifyTitle.java:27)
at homepageVerifyTitle.closeBrowser(homepageVerifyTitle.java:27)
at homepageVerifyTitle.closeBrowser(homepageVerifyTitle.java:27)
at homepageVerifyTitle.closeBrowser(homepageVerifyTitle.java:27)
at homepageVerifyTitle.closeBrowser(homepageVerifyTitle.java:27)
at homepageVerifyTitle.closeBrowser(homepageVerifyTitle.java:27)
at homepageVerifyTitle.closeBrowser(homepageVerifyTitle.java:27)
at homepageVerifyTitle.closeBrowser(homepageVerifyTitle.java:27)
at homepageVerifyTitle.closeBrowser(homepageVerifyTitle.java:27)
at homepageVerifyTitle.closeBrowser(homepageVerifyTitle.java:27)
at homepageVerifyTitle.closeBrowser(homepageVerifyTitle.java:27)
at homepageVerifyTitle.closeBrowser(homepageVerifyTitle.java:27)
at homepageVerifyTitle.closeBrowser(homepageVerifyTitle.java:27)
at homepageVerifyTitle.closeBrowser(homepageVerifyTitle.java:27)
at homepageVerifyTitle.closeBrowser(homepageVerifyTitle.java:27)
at homepageVerifyTitle.closeBrowser(homepageVerifyTitle.java:27)
at homepageVerifyTitle.closeBrowser(homepageVerifyTitle.java:27)
at homepageVerifyTitle.closeBrowser(homepageVerifyTitle.java:27)
at homepageVerifyTitle.closeBrowser(homepageVerifyTitle.java:27)
at homepageVerifyTitle.closeBrowser(homepageVerifyTitle.java:27)
at homepageVerifyTitle.closeBrowser(homepageVerifyTitle.java:27)
at homepageVerifyTitle.closeBrowser(homepageVerifyTitle.java:27)
at homepageVerifyTitle.closeBrowser(homepageVerifyTitle.java:27)
at homepageVerifyTitle.closeBrowser(homepageVerifyTitle.java:27)
at homepageVerifyTitle.closeBrowser(homepageVerifyTitle.java:27)
at homepageVerifyTitle.closeBrowser(homepageVerifyTitle.java:27)
at homepageVerifyTitle.closeBrowser(homepageVerifyTitle.java:27)
at homepageVerifyTitle.closeBrowser(homepageVerifyTitle.java:27)
at homepageVerifyTitle.closeBrowser(homepageVerifyTitle.java:27)
at homepageVerifyTitle.closeBrowser(homepageVerifyTitle.java:27)
at homepageVerifyTitle.closeBrowser(homepageVerifyTitle.java:27)
at homepageVerifyTitle.closeBrowser(homepageVerifyTitle.java:27)
at homepageVerifyTitle.closeBrowser(homepageVerifyTitle.java:27)
at homepageVerifyTitle.closeBrowser(homepageVerifyTitle.java:27)
at homepageVerifyTitle.closeBrowser(homepageVerifyTitle.java:27)
at homepageVerifyTitle.closeBrowser(homepageVerifyTitle.java:27)
at homepageVerifyTitle.closeBrowser(homepageVerifyTitle.java:27)
at homepageVerifyTitle.closeBrowser(homepageVerifyTitle.java:27)
at homepageVerifyTitle.closeBrowser(homepageVerifyTitle.java:27)
at homepageVerifyTitle.closeBrowser(homepageVerifyTitle.java:27)
at homepageVerifyTitle.closeBrowser(homepageVerifyTitle.java:27)
at homepageVerifyTitle.closeBrowser(homepageVerifyTitle.java:27)
at homepageVerifyTitle.closeBrowser(homepageVerifyTitle.java:27)
at homepageVerifyTitle.closeBrowser(homepageVerifyTitle.java:27)
at homepageVerifyTitle.closeBrowser(homepageVerifyTitle.java:27)
at homepageVerifyTitle.closeBrowser(homepageVerifyTitle.java:27)
at homepageVerifyTitle.closeBrowser(homepageVerifyTitle.java:27)
at homepageVerifyTitle.closeBrowser(homepageVerifyTitle.java:27)
at homepageVerifyTitle.closeBrowser(homepageVerifyTitle.java:27)
at homepageVerifyTitle.closeBrowser(homepageVerifyTitle.java:27)
at homepageVerifyTitle.closeBrowser(homepageVerifyTitle.java:27)
at homepageVerifyTitle.closeBrowser(homepageVerifyTitle.java:27)
at homepageVerifyTitle.closeBrowser(homepageVerifyTitle.java:27)
at homepageVerifyTitle.closeBrowser(homepageVerifyTitle.java:27)
at homepageVerifyTitle.closeBrowser(homepageVerifyTitle.java:27)
at homepageVerifyTitle.closeBrowser(homepageVerifyTitle.java:27)
at homepageVerifyTitle.closeBrowser(homepageVerifyTitle.java:27)
at homepageVerifyTitle.closeBrowser(homepageVerifyTitle.java:27)
at homepageVerifyTitle.closeBrowser(homepageVerifyTitle.java:27)
at homepageVerifyTitle.closeBrowser(homepageVerifyTitle.java:27)
at homepageVerifyTitle.closeBrowser(homepageVerifyTitle.java:27)
at homepageVerifyTitle.closeBrowser(homepageVerifyTitle.java:27)
at homepageVerifyTitle.closeBrowser(homepageVerifyTitle.java:27)
at homepageVerifyTitle.closeBrowser(homepageVerifyTitle.java:27)
at homepageVerifyTitle.closeBrowser(homepageVerifyTitle.java:27)
at homepageVerifyTitle.closeBrowser(homepageVerifyTitle.java:27)
at homepageVerifyTitle.closeBrowser(homepageVerifyTitle.java:27)
at homepageVerifyTitle.closeBrowser(homepageVerifyTitle.java:27)
at homepageVerifyTitle.closeBrowser(homepageVerifyTitle.java:27)
at homepageVerifyTitle.closeBrowser(homepageVerifyTitle.java:27)
at homepageVerifyTitle.closeBrowser(homepageVerifyTitle.java:27)
at homepageVerifyTitle.closeBrowser(homepageVerifyTitle.java:27)
at homepageVerifyTitle.closeBrowser(homepageVerifyTitle.java:27)
at homepageVerifyTitle.closeBrowser(homepageVerifyTitle.java:27)
at homepageVerifyTitle.closeBrowser(homepageVerifyTitle.java:27)
at homepageVerifyTitle.closeBrowser(homepageVerifyTitle.java:27)
at homepageVerifyTitle.closeBrowser(homepageVerifyTitle.java:27)
at homepageVerifyTitle.closeBrowser(homepageVerifyTitle.java:27)
at homepageVerifyTitle.closeBrowser(homepageVerifyTitle.java:27)
at homepageVerifyTitle.closeBrowser(homepageVerifyTitle.java:27)
at homepageVerifyTitle.closeBrowser(homepageVerifyTitle.java:27)
at homepageVerifyTitle.closeBrowser(homepageVerifyTitle.java:27)
at homepageVerifyTitle.closeBrowser(homepageVerifyTitle.java:27)
at homepageVerifyTitle.closeBrowser(homepageVerifyTitle.java:27)
at homepageVerifyTitle.closeBrowser(homepageVerifyTitle.java:27)
at homepageVerifyTitle.closeBrowser(homepageVerifyTitle.java:27)
at homepageVerifyTitle.closeBrowser(homepageVerifyTitle.java:27)
at homepageVerifyTitle.closeBrowser(homepageVerifyTitle.java:27)
at homepageVerifyTitle.closeBrowser(homepageVerifyTitle.java:27)
at homepageVerifyTitle.closeBrowser(homepageVerifyTitle.java:27)
at homepageVerifyTitle.closeBrowser(homepageVerifyTitle.java:27)
at homepageVerifyTitle.closeBrowser(homepageVerifyTitle.java:27)
at homepageVerifyTitle.closeBrowser(homepageVerifyTitle.java:27)
at homepageVerifyTitle.closeBrowser(homepageVerifyTitle.java:27)
at homepageVerifyTitle.closeBrowser(homepageVerifyTitle.java:27)
at homepageVerifyTitle.closeBrowser(homepageVerifyTitle.java:27)
at homepageVerifyTitle.closeBrowser(homepageVerifyTitle.java:27)
at homepageVerifyTitle.closeBrowser(homepageVerifyTitle.java:27)
at homepageVerifyTitle.closeBrowser(homepageVerifyTitle.java:27)
at homepageVerifyTitle.closeBrowser(homepageVerifyTitle.java:27)
at homepageVerifyTitle.closeBrowser(homepageVerifyTitle.java:27)
at homepageVerifyTitle.closeBrowser(homepageVerifyTitle.java:27)
at homepageVerifyTitle.closeBrowser(homepageVerifyTitle.java:27)
at homepageVerifyTitle.closeBrowser(homepageVerifyTitle.java:27)
at homepageVerifyTitle.closeBrowser(homepageVerifyTitle.java:27)
at homepageVerifyTitle.closeBrowser(homepageVerifyTitle.java:27)
at homepageVerifyTitle.closeBrowser(homepageVerifyTitle.java:27)
at homepageVerifyTitle.closeBrowser(homepageVerifyTitle.java:27)
at homepageVerifyTitle.closeBrowser(homepageVerifyTitle.java:27)
at homepageVerifyTitle.closeBrowser(homepageVerifyTitle.java:27)
at homepageVerifyTitle.closeBrowser(homepageVerifyTitle.java:27)
at homepageVerifyTitle.closeBrowser(homepageVerifyTitle.java:27)
at homepageVerifyTitle.closeBrowser(homepageVerifyTitle.java:27)
at homepageVerifyTitle.closeBrowser(homepageVerifyTitle.java:27)
at homepageVerifyTitle.closeBrowser(homepageVerifyTitle.java:27)
at homepageVerifyTitle.closeBrowser(homepageVerifyTitle.java:27)
at homepageVerifyTitle.closeBrowser(homepageVerifyTitle.java:27)
at homepageVerifyTitle.closeBrowser(homepageVerifyTitle.java:27)
at homepageVerifyTitle.closeBrowser(homepageVerifyTitle.java:27)
at homepageVerifyTitle.closeBrowser(homepageVerifyTitle.java:27)
at homepageVerifyTitle.closeBrowser(homepageVerifyTitle.java:27)
at homepageVerifyTitle.closeBrowser(homepageVerifyTitle.java:27)
at homepageVerifyTitle.closeBrowser(homepageVerifyTitle.java:27)
at homepageVerifyTitle.closeBrowser(homepageVerifyTitle.java:27)
at homepageVerifyTitle.closeBrowser(homepageVerifyTitle.java:27)
at homepageVerifyTitle.closeBrowser(homepageVerifyTitle.java:27)
at homepageVerifyTitle.closeBrowser(homepageVerifyTitle.java:27)
at homepageVerifyTitle.closeBrowser(homepageVerifyTitle.java:27)
at homepageVerifyTitle.closeBrowser(homepageVerifyTitle.java:27)
at homepageVerifyTitle.closeBrowser(homepageVerifyTitle.java:27)
at homepageVerifyTitle.closeBrowser(homepageVerifyTitle.java:27)
at homepageVerifyTitle.closeBrowser(homepageVerifyTitle.java:27)
at homepageVerifyTitle.closeBrowser(homepageVerifyTitle.java:27)
at homepageVerifyTitle.closeBrowser(homepageVerifyTitle.java:27)
at homepageVerifyTitle.closeBrowser(homepageVerifyTitle.java:27)
at homepageVerifyTitle.closeBrowser(homepageVerifyTitle.java:27)
at homepageVerifyTitle.closeBrowser(homepageVerifyTitle.java:27)
at homepageVerifyTitle.closeBrowser(homepageVerifyTitle.java:27)
at homepageVerifyTitle.closeBrowser(homepageVerifyTitle.java:27)
at homepageVerifyTitle.closeBrowser(homepageVerifyTitle.java:27)
at homepageVerifyTitle.closeBrowser(homepageVerifyTitle.java:27)
at homepageVerifyTitle.closeBrowser(homepageVerifyTitle.java:27)
at homepageVerifyTitle.closeBrowser(homepageVerifyTitle.java:27)
at homepageVerifyTitle.closeBrowser(homepageVerifyTitle.java:27)
at homepageVerifyTitle.closeBrowser(homepageVerifyTitle.java:27)
at homepageVerifyTitle.closeBrowser(homepageVerifyTitle.java:27)
at homepageVerifyTitle.closeBrowser(homepageVerifyTitle.java:27)
at homepageVerifyTitle.closeBrowser(homepageVerifyTitle.java:27)
at homepageVerifyTitle.closeBrowser(homepageVerifyTitle.java:27)
at homepageVerifyTitle.closeBrowser(homepageVerifyTitle.java:27)
at homepageVerifyTitle.closeBrowser(homepageVerifyTitle.java:27)
at homepageVerifyTitle.closeBrowser(homepageVerifyTitle.java:27)
at homepageVerifyTitle.closeBrowser(homepageVerifyTitle.java:27)
at homepageVerifyTitle.closeBrowser(homepageVerifyTitle.java:27)
at homepageVerifyTitle.closeBrowser(homepageVerifyTitle.java:27)
at homepageVerifyTitle.closeBrowser(homepageVerifyTitle.java:27)
at homepageVerifyTitle.closeBrowser(homepageVerifyTitle.java:27)
at homepageVerifyTitle.closeBrowser(homepageVerifyTitle.java:27)
at homepageVerifyTitle.closeBrowser(homepageVerifyTitle.java:27)
at homepageVerifyTitle.closeBrowser(homepageVerifyTitle.java:27)
at homepageVerifyTitle.closeBrowser(homepageVerifyTitle.java:27)
at homepageVerifyTitle.closeBrowser(homepageVerifyTitle.java:27)
at homepageVerifyTitle.closeBrowser(homepageVerifyTitle.java:27)
at homepageVerifyTitle.closeBrowser(homepageVerifyTitle.java:27)
at homepageVerifyTitle.closeBrowser(homepageVerifyTitle.java:27)
at homepageVerifyTitle.closeBrowser(homepageVerifyTitle.java:27)
at homepageVerifyTitle.closeBrowser(homepageVerifyTitle.java:27)
at homepageVerifyTitle.closeBrowser(homepageVerifyTitle.java:27)
at homepageVerifyTitle.closeBrowser(homepageVerifyTitle.java:27)
at homepageVerifyTitle.closeBrowser(homepageVerifyTitle.java:27)
at homepageVerifyTitle.closeBrowser(homepageVerifyTitle.java:27)
at homepageVerifyTitle.closeBrowser(homepageVerifyTitle.java:27)
at homepageVerifyTitle.closeBrowser(homepageVerifyTitle.java:27)
at homepageVerifyTitle.closeBrowser(homepageVerifyTitle.java:27)
at homepageVerifyTitle.closeBrowser(homepageVerifyTitle.java:27)
at homepageVerifyTitle.closeBrowser(homepageVerifyTitle.java:27)
at homepageVerifyTitle.closeBrowser(homepageVerifyTitle.java:27)
at homepageVerifyTitle.closeBrowser(homepageVerifyTitle.java:27)
at homepageVerifyTitle.closeBrowser(homepageVerifyTitle.java:27)
at homepageVerifyTitle.closeBrowser(homepageVerifyTitle.java:27)
at homepageVerifyTitle.closeBrowser(homepageVerifyTitle.java:27)
at homepageVerifyTitle.closeBrowser(homepageVerifyTitle.java:27)
at homepageVerifyTitle.closeBrowser(homepageVerifyTitle.java:27)
at homepageVerifyTitle.closeBrowser(homepageVerifyTitle.java:27)
at homepageVerifyTitle.closeBrowser(homepageVerifyTitle.java:27)
at homepageVerifyTitle.closeBrowser(homepageVerifyTitle.java:27)
at homepageVerifyTitle.closeBrowser(homepageVerifyTitle.java:27)
at homepageVerifyTitle.closeBrowser(homepageVerifyTitle.java:27)
at homepageVerifyTitle.closeBrowser(homepageVerifyTitle.java:27)
at homepageVerifyTitle.closeBrowser(homepageVerifyTitle.java:27)
at homepageVerifyTitle.closeBrowser(homepageVerifyTitle.java:27)
at homepageVerifyTitle.closeBrowser(homepageVerifyTitle.java:27)
at homepageVerifyTitle.closeBrowser(homepageVerifyTitle.java:27)
at homepageVerifyTitle.closeBrowser(homepageVerifyTitle.java:27)
at homepageVerifyTitle.closeBrowser(homepageVerifyTitle.java:27)
at homepageVerifyTitle.closeBrowser(homepageVerifyTitle.java:27)
at homepageVerifyTitle.closeBrowser(homepageVerifyTitle.java:27)
at homepageVerifyTitle.closeBrowser(homepageVerifyTitle.java:27)
at homepageVerifyTitle.closeBrowser(homepageVerifyTitle.java:27)
at homepageVerifyTitle.closeBrowser(homepageVerifyTitle.java:27)
at homepageVerifyTitle.closeBrowser(homepageVerifyTitle.java:27)
at homepageVerifyTitle.closeBrowser(homepageVerifyTitle.java:27)
at homepageVerifyTitle.closeBrowser(homepageVerifyTitle.java:27)
at homepageVerifyTitle.closeBrowser(homepageVerifyTitle.java:27)
at homepageVerifyTitle.closeBrowser(homepageVerifyTitle.java:27)
at homepageVerifyTitle.closeBrowser(homepageVerifyTitle.java:27)
at homepageVerifyTitle.closeBrowser(homepageVerifyTitle.java:27)
at homepageVerifyTitle.closeBrowser(homepageVerifyTitle.java:27)
at homepageVerifyTitle.closeBrowser(homepageVerifyTitle.java:27)
at homepageVerifyTitle.closeBrowser(homepageVerifyTitle.java:27)
at homepageVerifyTitle.closeBrowser(homepageVerifyTitle.java:27)
at homepageVerifyTitle.closeBrowser(homepageVerifyTitle.java:27)
at homepageVerifyTitle.closeBrowser(homepageVerifyTitle.java:27)
at homepageVerifyTitle.closeBrowser(homepageVerifyTitle.java:27)
at homepageVerifyTitle.closeBrowser(homepageVerifyTitle.java:27)
at homepageVerifyTitle.closeBrowser(homepageVerifyTitle.java:27)
at homepageVerifyTitle.closeBrowser(homepageVerifyTitle.java:27)
at homepageVerifyTitle.closeBrowser(homepageVerifyTitle.java:27)
at homepageVerifyTitle.closeBrowser(homepageVerifyTitle.java:27)
at homepageVerifyTitle.closeBrowser(homepageVerifyTitle.java:27)
at homepageVerifyTitle.closeBrowser(homepageVerifyTitle.java:27)
at homepageVerifyTitle.closeBrowser(homepageVerifyTitle.java:27)
at homepageVerifyTitle.closeBrowser(homepageVerifyTitle.java:27)
at homepageVerifyTitle.closeBrowser(homepageVerifyTitle.java:27)
at homepageVerifyTitle.closeBrowser(homepageVerifyTitle.java:27)
at homepageVerifyTitle.closeBrowser(homepageVerifyTitle.java:27)
at homepageVerifyTitle.closeBrowser(homepageVerifyTitle.java:27)
at homepageVerifyTitle.closeBrowser(homepageVerifyTitle.java:27)
at homepageVerifyTitle.closeBrowser(homepageVerifyTitle.java:27)
at homepageVerifyTitle.closeBrowser(homepageVerifyTitle.java:27)
at homepageVerifyTitle.closeBrowser(homepageVerifyTitle.java:27)
at homepageVerifyTitle.closeBrowser(homepageVerifyTitle.java:27)
at homepageVerifyTitle.closeBrowser(homepageVerifyTitle.java:27)
at homepageVerifyTitle.closeBrowser(homepageVerifyTitle.java:27)
at homepageVerifyTitle.closeBrowser(homepageVerifyTitle.java:27)
at homepageVerifyTitle.closeBrowser(homepageVerifyTitle.java:27)
at homepageVerifyTitle.closeBrowser(homepageVerifyTitle.java:27)
at homepageVerifyTitle.closeBrowser(homepageVerifyTitle.java:27)
at homepageVerifyTitle.closeBrowser(homepageVerifyTitle.java:27)
at homepageVerifyTitle.closeBrowser(homepageVerifyTitle.java:27)
at homepageVerifyTitle.closeBrowser(homepageVerifyTitle.java:27)
at homepageVerifyTitle.closeBrowser(homepageVerifyTitle.java:27)
at homepageVerifyTitle.closeBrowser(homepageVerifyTitle.java:27)
at homepageVerifyTitle.closeBrowser(homepageVerifyTitle.java:27)
at homepageVerifyTitle.closeBrowser(homepageVerifyTitle.java:27)
at homepageVerifyTitle.closeBrowser(homepageVerifyTitle.java:27)
at homepageVerifyTitle.closeBrowser(homepageVerifyTitle.java:27)
at homepageVerifyTitle.closeBrowser(homepageVerifyTitle.java:27)
at homepageVerifyTitle.closeBrowser(homepageVerifyTitle.java:27)
at homepageVerifyTitle.closeBrowser(homepageVerifyTitle.java:27)
at homepageVerifyTitle.closeBrowser(homepageVerifyTitle.java:27)
at homepageVerifyTitle.closeBrowser(homepageVerifyTitle.java:27)
at homepageVerifyTitle.closeBrowser(homepageVerifyTitle.java:27)
at homepageVerifyTitle.closeBrowser(homepageVerifyTitle.java:27)
at homepageVerifyTitle.closeBrowser(homepageVerifyTitle.java:27)
at homepageVerifyTitle.closeBrowser(homepageVerifyTitle.java:27)
]]>
    </error>
  </testcase> <!-- closeBrowser -->
</testsuite> <!-- homepageVerifyTitle -->
