<?xml version="1.0" encoding="UTF-8"?>
<!-- Generated by org.testng.reporters.JUnitReportReporter -->
<testsuite hostname="DESKTOP-18EMREV" failures="0" tests="1" name="tests.customer.SC4" time="10.830" errors="0" timestamp="02 Nov 2019 18:42:05 GMT" skipped="0">
  <testcase classname="tests.customer.SC4" name="verifyBalanceFfAnAccount" time="10.830"/>
</testsuite> <!-- tests.customer.SC4 -->
