<?xml version="1.0" encoding="UTF-8"?>
<!-- Generated by org.testng.reporters.JUnitReportReporter -->
<testsuite hostname="DESKTOP-18EMREV" failures="0" tests="1" name="tests.manager.SM23" time="9.106" errors="0" timestamp="27 Oct 2019 08:40:05 GMT" skipped="0">
  <testcase classname="tests.manager.SM23" name="verifyEditCustomer" time="9.106"/>
</testsuite> <!-- tests.manager.SM23 -->
