<?xml version="1.0" encoding="UTF-8"?>
<!-- Generated by org.testng.reporters.JUnitReportReporter -->
<testsuite hostname="DESKTOP-18EMREV" failures="0" tests="5" name="tests.manager.SM6" time="61.901" errors="0" timestamp="26 Oct 2019 14:04:02 GMT" skipped="0">
  <testcase classname="tests.manager.SM6" name="verifyConfirmationMessageIsShownOnDeletionOfAnAccount" time="8.787"/>
  <testcase classname="tests.manager.SM6" name="verifySystemBehaviourAfterAccountIsDeleted" time="8.785"/>
  <testcase classname="tests.manager.SM6" name="verifyMiniStatementIsNotGeneratedForDeletedAccount" time="13.809"/>
  <testcase classname="tests.manager.SM6" name="verifyBalanceIsNotGeneratedForDeletedAccount" time="13.454"/>
  <testcase classname="tests.manager.SM6" name="verifyCustomisedStatementIsNotGeneratedForDeletedAccount" time="17.066"/>
</testsuite> <!-- tests.manager.SM6 -->
