<?xml version="1.0" encoding="UTF-8"?>
<!-- Generated by org.testng.reporters.JUnitReportReporter -->
<testsuite hostname="DESKTOP-18EMREV" failures="0" tests="4" name="tests.manager.SM27" time="73.323" errors="0" timestamp="27 Oct 2019 11:02:11 GMT" skipped="0">
  <testcase classname="tests.manager.SM27" name="verifyWithdrawal" time="33.252"/>
  <testcase classname="tests.manager.SM27" name="verifyWithdrawalCannotBeMadeIfRequestedAmountIsMoreThanCurrentAmountInTheAccount" time="13.556"/>
  <testcase classname="tests.manager.SM27" name="verifyMiniStatement" time="17.511"/>
  <testcase classname="tests.manager.SM27" name="verifyBalance" time="9.004"/>
</testsuite> <!-- tests.manager.SM27 -->
