<?xml version="1.0" encoding="UTF-8"?>
<!-- Generated by org.testng.reporters.JUnitReportReporter -->
<testsuite hostname="DESKTOP-18EMREV" failures="0" tests="4" name="tests.SS1" time="47.132" errors="0" timestamp="13 Aug 2019 11:54:15 GMT" skipped="0">
  <testcase classname="tests.SS1" name="verifyLoginValidAndInvalidCases" time="9.136"/>
  <testcase classname="tests.SS1" name="verifyLoginValidAndInvalidCases" time="21.556"/>
  <testcase classname="tests.SS1" name="verifyLoginValidAndInvalidCases" time="8.291"/>
  <testcase classname="tests.SS1" name="verifyLoginValidAndInvalidCases" time="8.149"/>
</testsuite> <!-- tests.SS1 -->
