<?xml version="1.0" encoding="UTF-8"?>
<!-- Generated by org.testng.reporters.JUnitReportReporter -->
<testsuite hostname="DESKTOP-18EMREV" failures="0" tests="3" name="tests.manager.SM31" time="14.999" errors="0" timestamp="27 Oct 2019 12:39:42 GMT" skipped="1">
  <testcase classname="tests.manager.SM31" name="verifyCustomizedStatementIsGeneratedWhenFromDateIsLessThanToDate" time="8.135"/>
  <testcase classname="tests.manager.SM31" name="verifyCustomizedStatementIsNotGeneratedWhenFromDateIsGreaterThanToDate" time="6.864"/>
  <testcase classname="tests.manager.SM31" name="verifyCustomizedStatment">
    <skipped/>
  </testcase> <!-- verifyCustomizedStatment -->
</testsuite> <!-- tests.manager.SM31 -->
