<?xml version="1.0" encoding="UTF-8"?>
<!-- Generated by org.testng.reporters.JUnitReportReporter -->
<testsuite hostname="DESKTOP-18EMREV" failures="0" tests="1" name="tests.manager.SM35" time="4.094" errors="0" timestamp="27 Oct 2019 13:00:54 GMT" skipped="0">
  <testcase classname="tests.manager.SM35" name="verifyLogOut" time="4.094"/>
</testsuite> <!-- tests.manager.SM35 -->
