<?xml version="1.0" encoding="UTF-8"?>
<!-- Generated by org.testng.reporters.JUnitReportReporter -->
<testsuite hostname="DESKTOP-18EMREV" failures="0" tests="1" name="tests.customer.SC7" time="12.178" errors="0" timestamp="02 Nov 2019 18:57:03 GMT" skipped="0">
  <testcase classname="tests.customer.SC7" name="verifyTransferDetailsAppearOnTheMiniStatement" time="12.178"/>
</testsuite> <!-- tests.customer.SC7 -->
