<?xml version="1.0" encoding="UTF-8"?>
<!-- Generated by org.testng.reporters.JUnitReportReporter -->
<testsuite hostname="DESKTOP-18EMREV" failures="0" tests="1" name="tests.manager.SM34" time="5.806" errors="0" timestamp="27 Oct 2019 12:51:40 GMT" skipped="0">
  <testcase classname="tests.manager.SM34" name="verifyEditAccount" time="5.806"/>
</testsuite> <!-- tests.manager.SM34 -->
