<?xml version="1.0" encoding="UTF-8"?>
<!-- Generated by org.testng.reporters.JUnitReportReporter -->
<testsuite hostname="DESKTOP-18EMREV" failures="0" tests="1" name="tests.SS1" time="34.195" errors="0" timestamp="12 Aug 2019 15:44:40 GMT" skipped="0">
  <testcase classname="tests.SS1" name="verifyLoginValidAndInvalidCases" time="34.195"/>
</testsuite> <!-- tests.SS1 -->
