<?xml version="1.0" encoding="UTF-8"?>
<!-- Generated by org.testng.reporters.JUnitReportReporter -->
<testsuite hostname="DESKTOP-18EMREV" failures="0" tests="1" name="tests.customer.SC1" time="9.197" errors="0" timestamp="02 Nov 2019 17:47:33 GMT" skipped="0">
  <testcase classname="tests.customer.SC1" name="verifyChangeLoginPasswordAndLoginWhenOldPasswordIsIncorrect" time="9.197"/>
</testsuite> <!-- tests.customer.SC1 -->
