<?xml version="1.0" encoding="UTF-8"?>
<!-- Generated by org.testng.reporters.JUnitReportReporter -->
<testsuite hostname="DESKTOP-18EMREV" failures="0" tests="3" name="tests.customer.SC16" time="20.733" errors="0" timestamp="12 Nov 2019 20:26:50 GMT" skipped="0">
  <testcase classname="tests.customer.SC16" name="verifyCustomizedStatementIsNotGeneratedWhenFromDateIsGreaterThanToDate" time="5.591"/>
  <testcase classname="tests.customer.SC16" name="verifyACustomerCanSeeCustomizedStatementOfOnlyHisAccount" time="8.379"/>
  <testcase classname="tests.customer.SC16" name="verifySystemBehaviorWhenWrongAccountNumberIsEnteredInTheCustomizedStatement" time="6.763"/>
</testsuite> <!-- tests.customer.SC16 -->
