<?xml version="1.0" encoding="UTF-8"?>
<!-- Generated by org.testng.reporters.JUnitReportReporter -->
<testsuite hostname="DESKTOP-18EMREV" failures="0" tests="4" name="tests.SS1" time="42.917" errors="0" timestamp="14 Aug 2019 14:23:48 GMT" skipped="0">
  <testcase classname="tests.SS1" name="verifyLoginValidAndInvalidCases" time="7.766"/>
  <testcase classname="tests.SS1" name="verifyLoginValidAndInvalidCases" time="17.312"/>
  <testcase classname="tests.SS1" name="verifyLoginValidAndInvalidCases" time="10.269"/>
  <testcase classname="tests.SS1" name="verifyLoginValidAndInvalidCases" time="7.570"/>
</testsuite> <!-- tests.SS1 -->
