<?xml version="1.0" encoding="UTF-8"?>
<!-- Generated by org.testng.reporters.JUnitReportReporter -->
<testsuite hostname="DESKTOP-18EMREV" failures="0" tests="1" name="tests.manager.SM24" time="13.297" errors="0" timestamp="27 Oct 2019 09:23:24 GMT" skipped="0">
  <testcase classname="tests.manager.SM24" name="verifyDepositCanBeMadeToAnotherAccount" time="13.297"/>
</testsuite> <!-- tests.manager.SM24 -->
