<?xml version="1.0" encoding="UTF-8"?>
<!-- Generated by org.testng.reporters.JUnitReportReporter -->
<testsuite hostname="DESKTOP-18EMREV" failures="0" tests="2" name="tests.customer.SC14" time="9.337" errors="0" timestamp="12 Nov 2019 19:07:50 GMT" skipped="0">
  <testcase classname="tests.customer.SC14" name="verifySystemBehaviorWhenWrongAccountNumberIsEnteredInTheMiniStatement" time="3.811"/>
  <testcase classname="tests.customer.SC14" name="verifyACustomerCanSeeMiniStatementOfOnlyHisAccount" time="5.526"/>
</testsuite> <!-- tests.customer.SC14 -->
