<?xml version="1.0" encoding="UTF-8"?>
<testsuite xmlns:xsi="http://www.w3.org/2001/XMLSchema-instance" xsi:noNamespaceSchemaLocation="https://maven.apache.org/surefire/maven-surefire-plugin/xsd/surefire-test-report-3.0.xsd" version="3.0" name="TestSuite" time="54.52" tests="2" errors="0" skipped="0" failures="1">
  <properties>
    <property name="sun.desktop" value="windows"/>
    <property name="awt.toolkit" value="sun.awt.windows.WToolkit"/>
    <property name="java.specification.version" value="12"/>
    <property name="sun.cpu.isalist" value="amd64"/>
    <property name="sun.jnu.encoding" value="Cp1252"/>
    <property name="java.class.path" value="C:\Users\sujic\IdeaProjects\Practice\target\test-classes;C:\Users\sujic\IdeaProjects\Practice\target\classes;C:\Users\sujic\.m2\repository\org\testng\testng\6.14.3\testng-6.14.3.jar;C:\Users\sujic\.m2\repository\com\beust\jcommander\1.72\jcommander-1.72.jar;C:\Users\sujic\.m2\repository\org\apache-extras\beanshell\bsh\2.0b6\bsh-2.0b6.jar;C:\Users\sujic\.m2\repository\org\seleniumhq\selenium\selenium-java\3.141.59\selenium-java-3.141.59.jar;C:\Users\sujic\.m2\repository\org\seleniumhq\selenium\selenium-chrome-driver\3.141.59\selenium-chrome-driver-3.141.59.jar;C:\Users\sujic\.m2\repository\org\seleniumhq\selenium\selenium-edge-driver\3.141.59\selenium-edge-driver-3.141.59.jar;C:\Users\sujic\.m2\repository\org\seleniumhq\selenium\selenium-firefox-driver\3.141.59\selenium-firefox-driver-3.141.59.jar;C:\Users\sujic\.m2\repository\org\seleniumhq\selenium\selenium-ie-driver\3.141.59\selenium-ie-driver-3.141.59.jar;C:\Users\sujic\.m2\repository\org\seleniumhq\selenium\selenium-opera-driver\3.141.59\selenium-opera-driver-3.141.59.jar;C:\Users\sujic\.m2\repository\org\seleniumhq\selenium\selenium-remote-driver\3.141.59\selenium-remote-driver-3.141.59.jar;C:\Users\sujic\.m2\repository\org\seleniumhq\selenium\selenium-safari-driver\3.141.59\selenium-safari-driver-3.141.59.jar;C:\Users\sujic\.m2\repository\org\seleniumhq\selenium\selenium-support\3.141.59\selenium-support-3.141.59.jar;C:\Users\sujic\.m2\repository\net\bytebuddy\byte-buddy\1.8.15\byte-buddy-1.8.15.jar;C:\Users\sujic\.m2\repository\org\apache\commons\commons-exec\1.3\commons-exec-1.3.jar;C:\Users\sujic\.m2\repository\com\google\guava\guava\25.0-jre\guava-25.0-jre.jar;C:\Users\sujic\.m2\repository\com\google\code\findbugs\jsr305\1.3.9\jsr305-1.3.9.jar;C:\Users\sujic\.m2\repository\org\checkerframework\checker-compat-qual\2.0.0\checker-compat-qual-2.0.0.jar;C:\Users\sujic\.m2\repository\com\google\errorprone\error_prone_annotations\2.1.3\error_prone_annotations-2.1.3.jar;C:\Users\sujic\.m2\repository\com\google\j2objc\j2objc-annotations\1.1\j2objc-annotations-1.1.jar;C:\Users\sujic\.m2\repository\org\codehaus\mojo\animal-sniffer-annotations\1.14\animal-sniffer-annotations-1.14.jar;C:\Users\sujic\.m2\repository\com\squareup\okhttp3\okhttp\3.11.0\okhttp-3.11.0.jar;C:\Users\sujic\.m2\repository\com\squareup\okio\okio\1.14.0\okio-1.14.0.jar;C:\Users\sujic\.m2\repository\org\seleniumhq\selenium\selenium-api\3.141.59\selenium-api-3.141.59.jar;C:\Users\sujic\.m2\repository\org\apache\maven\maven-plugin-api\3.6.1\maven-plugin-api-3.6.1.jar;C:\Users\sujic\.m2\repository\org\apache\maven\maven-model\3.6.1\maven-model-3.6.1.jar;C:\Users\sujic\.m2\repository\org\apache\maven\maven-artifact\3.6.1\maven-artifact-3.6.1.jar;C:\Users\sujic\.m2\repository\org\apache\commons\commons-lang3\3.8.1\commons-lang3-3.8.1.jar;C:\Users\sujic\.m2\repository\org\eclipse\sisu\org.eclipse.sisu.plexus\0.3.3\org.eclipse.sisu.plexus-0.3.3.jar;C:\Users\sujic\.m2\repository\javax\enterprise\cdi-api\1.0\cdi-api-1.0.jar;C:\Users\sujic\.m2\repository\javax\annotation\jsr250-api\1.0\jsr250-api-1.0.jar;C:\Users\sujic\.m2\repository\javax\inject\javax.inject\1\javax.inject-1.jar;C:\Users\sujic\.m2\repository\org\eclipse\sisu\org.eclipse.sisu.inject\0.3.3\org.eclipse.sisu.inject-0.3.3.jar;C:\Users\sujic\.m2\repository\org\codehaus\plexus\plexus-component-annotations\1.5.5\plexus-component-annotations-1.5.5.jar;C:\Users\sujic\.m2\repository\org\codehaus\plexus\plexus-utils\3.2.0\plexus-utils-3.2.0.jar;C:\Users\sujic\.m2\repository\org\codehaus\plexus\plexus-classworlds\2.6.0\plexus-classworlds-2.6.0.jar;"/>
    <property name="java.vm.vendor" value="Oracle Corporation"/>
    <property name="sun.arch.data.model" value="64"/>
    <property name="user.variant" value=""/>
    <property name="java.vendor.url" value="https://java.oracle.com/"/>
    <property name="user.timezone" value="Europe/Budapest"/>
    <property name="os.name" value="Windows 10"/>
    <property name="java.vm.specification.version" value="12"/>
    <property name="sun.java.launcher" value="SUN_STANDARD"/>
    <property name="user.country" value="US"/>
    <property name="sun.boot.library.path" value="C:\Program Files\Java\jdk-12.0.1\bin"/>
    <property name="sun.java.command" value="C:\Users\sujic\AppData\Local\Temp\surefire8548732138496277654\surefirebooter18289137934923944316.jar C:\Users\sujic\AppData\Local\Temp\surefire8548732138496277654 2019-06-20T22-36-38_549-jvmRun1 surefire12384471972632048663tmp surefire_01480513458341661536tmp"/>
    <property name="jdk.debug" value="release"/>
    <property name="surefire.test.class.path" value="C:\Users\sujic\IdeaProjects\Practice\target\test-classes;C:\Users\sujic\IdeaProjects\Practice\target\classes;C:\Users\sujic\.m2\repository\org\testng\testng\6.14.3\testng-6.14.3.jar;C:\Users\sujic\.m2\repository\com\beust\jcommander\1.72\jcommander-1.72.jar;C:\Users\sujic\.m2\repository\org\apache-extras\beanshell\bsh\2.0b6\bsh-2.0b6.jar;C:\Users\sujic\.m2\repository\org\seleniumhq\selenium\selenium-java\3.141.59\selenium-java-3.141.59.jar;C:\Users\sujic\.m2\repository\org\seleniumhq\selenium\selenium-chrome-driver\3.141.59\selenium-chrome-driver-3.141.59.jar;C:\Users\sujic\.m2\repository\org\seleniumhq\selenium\selenium-edge-driver\3.141.59\selenium-edge-driver-3.141.59.jar;C:\Users\sujic\.m2\repository\org\seleniumhq\selenium\selenium-firefox-driver\3.141.59\selenium-firefox-driver-3.141.59.jar;C:\Users\sujic\.m2\repository\org\seleniumhq\selenium\selenium-ie-driver\3.141.59\selenium-ie-driver-3.141.59.jar;C:\Users\sujic\.m2\repository\org\seleniumhq\selenium\selenium-opera-driver\3.141.59\selenium-opera-driver-3.141.59.jar;C:\Users\sujic\.m2\repository\org\seleniumhq\selenium\selenium-remote-driver\3.141.59\selenium-remote-driver-3.141.59.jar;C:\Users\sujic\.m2\repository\org\seleniumhq\selenium\selenium-safari-driver\3.141.59\selenium-safari-driver-3.141.59.jar;C:\Users\sujic\.m2\repository\org\seleniumhq\selenium\selenium-support\3.141.59\selenium-support-3.141.59.jar;C:\Users\sujic\.m2\repository\net\bytebuddy\byte-buddy\1.8.15\byte-buddy-1.8.15.jar;C:\Users\sujic\.m2\repository\org\apache\commons\commons-exec\1.3\commons-exec-1.3.jar;C:\Users\sujic\.m2\repository\com\google\guava\guava\25.0-jre\guava-25.0-jre.jar;C:\Users\sujic\.m2\repository\com\google\code\findbugs\jsr305\1.3.9\jsr305-1.3.9.jar;C:\Users\sujic\.m2\repository\org\checkerframework\checker-compat-qual\2.0.0\checker-compat-qual-2.0.0.jar;C:\Users\sujic\.m2\repository\com\google\errorprone\error_prone_annotations\2.1.3\error_prone_annotations-2.1.3.jar;C:\Users\sujic\.m2\repository\com\google\j2objc\j2objc-annotations\1.1\j2objc-annotations-1.1.jar;C:\Users\sujic\.m2\repository\org\codehaus\mojo\animal-sniffer-annotations\1.14\animal-sniffer-annotations-1.14.jar;C:\Users\sujic\.m2\repository\com\squareup\okhttp3\okhttp\3.11.0\okhttp-3.11.0.jar;C:\Users\sujic\.m2\repository\com\squareup\okio\okio\1.14.0\okio-1.14.0.jar;C:\Users\sujic\.m2\repository\org\seleniumhq\selenium\selenium-api\3.141.59\selenium-api-3.141.59.jar;C:\Users\sujic\.m2\repository\org\apache\maven\maven-plugin-api\3.6.1\maven-plugin-api-3.6.1.jar;C:\Users\sujic\.m2\repository\org\apache\maven\maven-model\3.6.1\maven-model-3.6.1.jar;C:\Users\sujic\.m2\repository\org\apache\maven\maven-artifact\3.6.1\maven-artifact-3.6.1.jar;C:\Users\sujic\.m2\repository\org\apache\commons\commons-lang3\3.8.1\commons-lang3-3.8.1.jar;C:\Users\sujic\.m2\repository\org\eclipse\sisu\org.eclipse.sisu.plexus\0.3.3\org.eclipse.sisu.plexus-0.3.3.jar;C:\Users\sujic\.m2\repository\javax\enterprise\cdi-api\1.0\cdi-api-1.0.jar;C:\Users\sujic\.m2\repository\javax\annotation\jsr250-api\1.0\jsr250-api-1.0.jar;C:\Users\sujic\.m2\repository\javax\inject\javax.inject\1\javax.inject-1.jar;C:\Users\sujic\.m2\repository\org\eclipse\sisu\org.eclipse.sisu.inject\0.3.3\org.eclipse.sisu.inject-0.3.3.jar;C:\Users\sujic\.m2\repository\org\codehaus\plexus\plexus-component-annotations\1.5.5\plexus-component-annotations-1.5.5.jar;C:\Users\sujic\.m2\repository\org\codehaus\plexus\plexus-utils\3.2.0\plexus-utils-3.2.0.jar;C:\Users\sujic\.m2\repository\org\codehaus\plexus\plexus-classworlds\2.6.0\plexus-classworlds-2.6.0.jar;"/>
    <property name="sun.cpu.endian" value="little"/>
    <property name="user.home" value="C:\Users\sujic"/>
    <property name="user.language" value="en"/>
    <property name="java.specification.vendor" value="Oracle Corporation"/>
    <property name="java.version.date" value="2019-04-16"/>
    <property name="java.home" value="C:\Program Files\Java\jdk-12.0.1"/>
    <property name="file.separator" value="\"/>
    <property name="basedir" value="C:\Users\sujic\IdeaProjects\Practice"/>
    <property name="java.vm.compressedOopsMode" value="32-bit"/>
    <property name="line.separator" value="&#10;"/>
    <property name="java.vm.specification.vendor" value="Oracle Corporation"/>
    <property name="java.specification.name" value="Java Platform API Specification"/>
    <property name="java.awt.graphicsenv" value="sun.awt.Win32GraphicsEnvironment"/>
    <property name="surefire.real.class.path" value="C:\Users\sujic\AppData\Local\Temp\surefire8548732138496277654\surefirebooter18289137934923944316.jar"/>
    <property name="user.script" value=""/>
    <property name="sun.management.compiler" value="HotSpot 64-Bit Tiered Compilers"/>
    <property name="java.runtime.version" value="12.0.1+12"/>
    <property name="user.name" value="sujic"/>
    <property name="path.separator" value=";"/>
    <property name="os.version" value="10.0"/>
    <property name="java.runtime.name" value="Java(TM) SE Runtime Environment"/>
    <property name="file.encoding" value="Cp1252"/>
    <property name="java.vm.name" value="Java HotSpot(TM) 64-Bit Server VM"/>
    <property name="localRepository" value="C:\Users\sujic\.m2\repository"/>
    <property name="java.vendor.url.bug" value="https://bugreport.java.com/bugreport/"/>
    <property name="java.io.tmpdir" value="C:\Users\sujic\AppData\Local\Temp\"/>
    <property name="java.version" value="12.0.1"/>
    <property name="user.dir" value="C:\Users\sujic\IdeaProjects\Practice"/>
    <property name="os.arch" value="amd64"/>
    <property name="java.vm.specification.name" value="Java Virtual Machine Specification"/>
    <property name="sun.os.patch.level" value=""/>
    <property name="java.library.path" value="C:\Program Files\Java\jdk-12.0.1\bin;C:\WINDOWS\Sun\Java\bin;C:\WINDOWS\system32;C:\WINDOWS;C:\Program Files (x86)\Common Files\Oracle\Java\javapath;C:\Windows\system32;C:\Windows;C:\Windows\System32\Wbem;C:\Windows\System32\WindowsPowerShell\v1.0\;C:\Program Files (x86)\NVIDIA Corporation\PhysX\Common;C:\Program Files\dotnet\;C:\Program Files\Microsoft SQL Server\130\Tools\Binn\;C:\Program Files (x86)\Microsoft SQL Server\Client SDK\ODBC\130\Tools\Binn\;C:\Program Files (x86)\Microsoft SQL Server\140\Tools\Binn\;C:\Program Files (x86)\Microsoft SQL Server\140\DTS\Binn\;C:\Program Files (x86)\Microsoft SQL Server\140\Tools\Binn\ManagementStudio\;C:\Program Files\Sublime Text 3;C:\Program Files\Microsoft VS Code\bin;C:\WINDOWS\system32;C:\WINDOWS;C:\WINDOWS\System32\Wbem;C:\WINDOWS\System32\WindowsPowerShell\v1.0\;C:\WINDOWS\System32\OpenSSH\;C:\Program Files\Java\jdk-12.0.1\bin;C:\xampp\php;C:\ProgramData\ComposerSetup\bin;C:\Program Files\nodejs\;C:\Program Files\nodejs\node_modules\npm\bin;C:\Users\sujic\Downloads\apache-maven-3.6.1\bin;C:\Users\sujic\AppData\Local\Programs\Python\Python37-32;C:\Program Files\Git\cmd;C:\Users\sujic\AppData\Local\Programs\Python\Python37-32\Scripts\;C:\Users\sujic\AppData\Local\Programs\Python\Python37-32\;C:\Users\sujic\AppData\Local\Microsoft\WindowsApps;C:\Users\sujic\AppData\Roaming\Composer\vendor\bin;C:\Users\sujic\AppData\Roaming\npm;."/>
    <property name="java.vm.info" value="mixed mode, sharing"/>
    <property name="java.vendor" value="Oracle Corporation"/>
    <property name="java.vm.version" value="12.0.1+12"/>
    <property name="sun.io.unicode.encoding" value="UnicodeLittle"/>
    <property name="java.class.version" value="56.0"/>
  </properties>
  <testcase name="homepageVerifyTitle" classname="homepageVerifyTitle" time="37.719"/>
  <testcase name="closeBrowser" classname="homepageVerifyTitle" time="37.773">
    <failure type="java.lang.StackOverflowError">java.lang.StackOverflowError
	at homepageVerifyTitle.closeBrowser(homepageVerifyTitle.java:27)
	at homepageVerifyTitle.closeBrowser(homepageVerifyTitle.java:27)
	at homepageVerifyTitle.closeBrowser(homepageVerifyTitle.java:27)
	at homepageVerifyTitle.closeBrowser(homepageVerifyTitle.java:27)
	at homepageVerifyTitle.closeBrowser(homepageVerifyTitle.java:27)
	at homepageVerifyTitle.closeBrowser(homepageVerifyTitle.java:27)
	at homepageVerifyTitle.closeBrowser(homepageVerifyTitle.java:27)
	at homepageVerifyTitle.closeBrowser(homepageVerifyTitle.java:27)
	at homepageVerifyTitle.closeBrowser(homepageVerifyTitle.java:27)
	at homepageVerifyTitle.closeBrowser(homepageVerifyTitle.java:27)
	at homepageVerifyTitle.closeBrowser(homepageVerifyTitle.java:27)
	at homepageVerifyTitle.closeBrowser(homepageVerifyTitle.java:27)
	at homepageVerifyTitle.closeBrowser(homepageVerifyTitle.java:27)
	at homepageVerifyTitle.closeBrowser(homepageVerifyTitle.java:27)
	at homepageVerifyTitle.closeBrowser(homepageVerifyTitle.java:27)
	at homepageVerifyTitle.closeBrowser(homepageVerifyTitle.java:27)
	at homepageVerifyTitle.closeBrowser(homepageVerifyTitle.java:27)
	at homepageVerifyTitle.closeBrowser(homepageVerifyTitle.java:27)
	at homepageVerifyTitle.closeBrowser(homepageVerifyTitle.java:27)
	at homepageVerifyTitle.closeBrowser(homepageVerifyTitle.java:27)
	at homepageVerifyTitle.closeBrowser(homepageVerifyTitle.java:27)
	at homepageVerifyTitle.closeBrowser(homepageVerifyTitle.java:27)
	at homepageVerifyTitle.closeBrowser(homepageVerifyTitle.java:27)
	at homepageVerifyTitle.closeBrowser(homepageVerifyTitle.java:27)
	at homepageVerifyTitle.closeBrowser(homepageVerifyTitle.java:27)
	at homepageVerifyTitle.closeBrowser(homepageVerifyTitle.java:27)
	at homepageVerifyTitle.closeBrowser(homepageVerifyTitle.java:27)
	at homepageVerifyTitle.closeBrowser(homepageVerifyTitle.java:27)
	at homepageVerifyTitle.closeBrowser(homepageVerifyTitle.java:27)
	at homepageVerifyTitle.closeBrowser(homepageVerifyTitle.java:27)
	at homepageVerifyTitle.closeBrowser(homepageVerifyTitle.java:27)
	at homepageVerifyTitle.closeBrowser(homepageVerifyTitle.java:27)
	at homepageVerifyTitle.closeBrowser(homepageVerifyTitle.java:27)
	at homepageVerifyTitle.closeBrowser(homepageVerifyTitle.java:27)
	at homepageVerifyTitle.closeBrowser(homepageVerifyTitle.java:27)
	at homepageVerifyTitle.closeBrowser(homepageVerifyTitle.java:27)
	at homepageVerifyTitle.closeBrowser(homepageVerifyTitle.java:27)
	at homepageVerifyTitle.closeBrowser(homepageVerifyTitle.java:27)
	at homepageVerifyTitle.closeBrowser(homepageVerifyTitle.java:27)
	at homepageVerifyTitle.closeBrowser(homepageVerifyTitle.java:27)
	at homepageVerifyTitle.closeBrowser(homepageVerifyTitle.java:27)
	at homepageVerifyTitle.closeBrowser(homepageVerifyTitle.java:27)
	at homepageVerifyTitle.closeBrowser(homepageVerifyTitle.java:27)
	at homepageVerifyTitle.closeBrowser(homepageVerifyTitle.java:27)
	at homepageVerifyTitle.closeBrowser(homepageVerifyTitle.java:27)
	at homepageVerifyTitle.closeBrowser(homepageVerifyTitle.java:27)
	at homepageVerifyTitle.closeBrowser(homepageVerifyTitle.java:27)
	at homepageVerifyTitle.closeBrowser(homepageVerifyTitle.java:27)
	at homepageVerifyTitle.closeBrowser(homepageVerifyTitle.java:27)
	at homepageVerifyTitle.closeBrowser(homepageVerifyTitle.java:27)
	at homepageVerifyTitle.closeBrowser(homepageVerifyTitle.java:27)
	at homepageVerifyTitle.closeBrowser(homepageVerifyTitle.java:27)
	at homepageVerifyTitle.closeBrowser(homepageVerifyTitle.java:27)
	at homepageVerifyTitle.closeBrowser(homepageVerifyTitle.java:27)
	at homepageVerifyTitle.closeBrowser(homepageVerifyTitle.java:27)
	at homepageVerifyTitle.closeBrowser(homepageVerifyTitle.java:27)
	at homepageVerifyTitle.closeBrowser(homepageVerifyTitle.java:27)
	at homepageVerifyTitle.closeBrowser(homepageVerifyTitle.java:27)
	at homepageVerifyTitle.closeBrowser(homepageVerifyTitle.java:27)
	at homepageVerifyTitle.closeBrowser(homepageVerifyTitle.java:27)
	at homepageVerifyTitle.closeBrowser(homepageVerifyTitle.java:27)
	at homepageVerifyTitle.closeBrowser(homepageVerifyTitle.java:27)
	at homepageVerifyTitle.closeBrowser(homepageVerifyTitle.java:27)
	at homepageVerifyTitle.closeBrowser(homepageVerifyTitle.java:27)
	at homepageVerifyTitle.closeBrowser(homepageVerifyTitle.java:27)
	at homepageVerifyTitle.closeBrowser(homepageVerifyTitle.java:27)
	at homepageVerifyTitle.closeBrowser(homepageVerifyTitle.java:27)
	at homepageVerifyTitle.closeBrowser(homepageVerifyTitle.java:27)
	at homepageVerifyTitle.closeBrowser(homepageVerifyTitle.java:27)
	at homepageVerifyTitle.closeBrowser(homepageVerifyTitle.java:27)
	at homepageVerifyTitle.closeBrowser(homepageVerifyTitle.java:27)
	at homepageVerifyTitle.closeBrowser(homepageVerifyTitle.java:27)
	at homepageVerifyTitle.closeBrowser(homepageVerifyTitle.java:27)
	at homepageVerifyTitle.closeBrowser(homepageVerifyTitle.java:27)
	at homepageVerifyTitle.closeBrowser(homepageVerifyTitle.java:27)
	at homepageVerifyTitle.closeBrowser(homepageVerifyTitle.java:27)
	at homepageVerifyTitle.closeBrowser(homepageVerifyTitle.java:27)
	at homepageVerifyTitle.closeBrowser(homepageVerifyTitle.java:27)
	at homepageVerifyTitle.closeBrowser(homepageVerifyTitle.java:27)
	at homepageVerifyTitle.closeBrowser(homepageVerifyTitle.java:27)
	at homepageVerifyTitle.closeBrowser(homepageVerifyTitle.java:27)
	at homepageVerifyTitle.closeBrowser(homepageVerifyTitle.java:27)
	at homepageVerifyTitle.closeBrowser(homepageVerifyTitle.java:27)
	at homepageVerifyTitle.closeBrowser(homepageVerifyTitle.java:27)
	at homepageVerifyTitle.closeBrowser(homepageVerifyTitle.java:27)
	at homepageVerifyTitle.closeBrowser(homepageVerifyTitle.java:27)
	at homepageVerifyTitle.closeBrowser(homepageVerifyTitle.java:27)
	at homepageVerifyTitle.closeBrowser(homepageVerifyTitle.java:27)
	at homepageVerifyTitle.closeBrowser(homepageVerifyTitle.java:27)
	at homepageVerifyTitle.closeBrowser(homepageVerifyTitle.java:27)
	at homepageVerifyTitle.closeBrowser(homepageVerifyTitle.java:27)
	at homepageVerifyTitle.closeBrowser(homepageVerifyTitle.java:27)
	at homepageVerifyTitle.closeBrowser(homepageVerifyTitle.java:27)
	at homepageVerifyTitle.closeBrowser(homepageVerifyTitle.java:27)
	at homepageVerifyTitle.closeBrowser(homepageVerifyTitle.java:27)
	at homepageVerifyTitle.closeBrowser(homepageVerifyTitle.java:27)
	at homepageVerifyTitle.closeBrowser(homepageVerifyTitle.java:27)
	at homepageVerifyTitle.closeBrowser(homepageVerifyTitle.java:27)
	at homepageVerifyTitle.closeBrowser(homepageVerifyTitle.java:27)
	at homepageVerifyTitle.closeBrowser(homepageVerifyTitle.java:27)
	at homepageVerifyTitle.closeBrowser(homepageVerifyTitle.java:27)
	at homepageVerifyTitle.closeBrowser(homepageVerifyTitle.java:27)
	at homepageVerifyTitle.closeBrowser(homepageVerifyTitle.java:27)
	at homepageVerifyTitle.closeBrowser(homepageVerifyTitle.java:27)
	at homepageVerifyTitle.closeBrowser(homepageVerifyTitle.java:27)
	at homepageVerifyTitle.closeBrowser(homepageVerifyTitle.java:27)
	at homepageVerifyTitle.closeBrowser(homepageVerifyTitle.java:27)
	at homepageVerifyTitle.closeBrowser(homepageVerifyTitle.java:27)
	at homepageVerifyTitle.closeBrowser(homepageVerifyTitle.java:27)
	at homepageVerifyTitle.closeBrowser(homepageVerifyTitle.java:27)
	at homepageVerifyTitle.closeBrowser(homepageVerifyTitle.java:27)
	at homepageVerifyTitle.closeBrowser(homepageVerifyTitle.java:27)
	at homepageVerifyTitle.closeBrowser(homepageVerifyTitle.java:27)
	at homepageVerifyTitle.closeBrowser(homepageVerifyTitle.java:27)
	at homepageVerifyTitle.closeBrowser(homepageVerifyTitle.java:27)
	at homepageVerifyTitle.closeBrowser(homepageVerifyTitle.java:27)
	at homepageVerifyTitle.closeBrowser(homepageVerifyTitle.java:27)
	at homepageVerifyTitle.closeBrowser(homepageVerifyTitle.java:27)
	at homepageVerifyTitle.closeBrowser(homepageVerifyTitle.java:27)
	at homepageVerifyTitle.closeBrowser(homepageVerifyTitle.java:27)
	at homepageVerifyTitle.closeBrowser(homepageVerifyTitle.java:27)
	at homepageVerifyTitle.closeBrowser(homepageVerifyTitle.java:27)
	at homepageVerifyTitle.closeBrowser(homepageVerifyTitle.java:27)
	at homepageVerifyTitle.closeBrowser(homepageVerifyTitle.java:27)
	at homepageVerifyTitle.closeBrowser(homepageVerifyTitle.java:27)
	at homepageVerifyTitle.closeBrowser(homepageVerifyTitle.java:27)
	at homepageVerifyTitle.closeBrowser(homepageVerifyTitle.java:27)
	at homepageVerifyTitle.closeBrowser(homepageVerifyTitle.java:27)
	at homepageVerifyTitle.closeBrowser(homepageVerifyTitle.java:27)
	at homepageVerifyTitle.closeBrowser(homepageVerifyTitle.java:27)
	at homepageVerifyTitle.closeBrowser(homepageVerifyTitle.java:27)
	at homepageVerifyTitle.closeBrowser(homepageVerifyTitle.java:27)
	at homepageVerifyTitle.closeBrowser(homepageVerifyTitle.java:27)
	at homepageVerifyTitle.closeBrowser(homepageVerifyTitle.java:27)
	at homepageVerifyTitle.closeBrowser(homepageVerifyTitle.java:27)
	at homepageVerifyTitle.closeBrowser(homepageVerifyTitle.java:27)
	at homepageVerifyTitle.closeBrowser(homepageVerifyTitle.java:27)
	at homepageVerifyTitle.closeBrowser(homepageVerifyTitle.java:27)
	at homepageVerifyTitle.closeBrowser(homepageVerifyTitle.java:27)
	at homepageVerifyTitle.closeBrowser(homepageVerifyTitle.java:27)
	at homepageVerifyTitle.closeBrowser(homepageVerifyTitle.java:27)
	at homepageVerifyTitle.closeBrowser(homepageVerifyTitle.java:27)
	at homepageVerifyTitle.closeBrowser(homepageVerifyTitle.java:27)
	at homepageVerifyTitle.closeBrowser(homepageVerifyTitle.java:27)
	at homepageVerifyTitle.closeBrowser(homepageVerifyTitle.java:27)
	at homepageVerifyTitle.closeBrowser(homepageVerifyTitle.java:27)
	at homepageVerifyTitle.closeBrowser(homepageVerifyTitle.java:27)
	at homepageVerifyTitle.closeBrowser(homepageVerifyTitle.java:27)
	at homepageVerifyTitle.closeBrowser(homepageVerifyTitle.java:27)
	at homepageVerifyTitle.closeBrowser(homepageVerifyTitle.java:27)
	at homepageVerifyTitle.closeBrowser(homepageVerifyTitle.java:27)
	at homepageVerifyTitle.closeBrowser(homepageVerifyTitle.java:27)
	at homepageVerifyTitle.closeBrowser(homepageVerifyTitle.java:27)
	at homepageVerifyTitle.closeBrowser(homepageVerifyTitle.java:27)
	at homepageVerifyTitle.closeBrowser(homepageVerifyTitle.java:27)
	at homepageVerifyTitle.closeBrowser(homepageVerifyTitle.java:27)
	at homepageVerifyTitle.closeBrowser(homepageVerifyTitle.java:27)
	at homepageVerifyTitle.closeBrowser(homepageVerifyTitle.java:27)
	at homepageVerifyTitle.closeBrowser(homepageVerifyTitle.java:27)
	at homepageVerifyTitle.closeBrowser(homepageVerifyTitle.java:27)
	at homepageVerifyTitle.closeBrowser(homepageVerifyTitle.java:27)
	at homepageVerifyTitle.closeBrowser(homepageVerifyTitle.java:27)
	at homepageVerifyTitle.closeBrowser(homepageVerifyTitle.java:27)
	at homepageVerifyTitle.closeBrowser(homepageVerifyTitle.java:27)
	at homepageVerifyTitle.closeBrowser(homepageVerifyTitle.java:27)
	at homepageVerifyTitle.closeBrowser(homepageVerifyTitle.java:27)
	at homepageVerifyTitle.closeBrowser(homepageVerifyTitle.java:27)
	at homepageVerifyTitle.closeBrowser(homepageVerifyTitle.java:27)
	at homepageVerifyTitle.closeBrowser(homepageVerifyTitle.java:27)
	at homepageVerifyTitle.closeBrowser(homepageVerifyTitle.java:27)
	at homepageVerifyTitle.closeBrowser(homepageVerifyTitle.java:27)
	at homepageVerifyTitle.closeBrowser(homepageVerifyTitle.java:27)
	at homepageVerifyTitle.closeBrowser(homepageVerifyTitle.java:27)
	at homepageVerifyTitle.closeBrowser(homepageVerifyTitle.java:27)
	at homepageVerifyTitle.closeBrowser(homepageVerifyTitle.java:27)
	at homepageVerifyTitle.closeBrowser(homepageVerifyTitle.java:27)
	at homepageVerifyTitle.closeBrowser(homepageVerifyTitle.java:27)
	at homepageVerifyTitle.closeBrowser(homepageVerifyTitle.java:27)
	at homepageVerifyTitle.closeBrowser(homepageVerifyTitle.java:27)
	at homepageVerifyTitle.closeBrowser(homepageVerifyTitle.java:27)
	at homepageVerifyTitle.closeBrowser(homepageVerifyTitle.java:27)
	at homepageVerifyTitle.closeBrowser(homepageVerifyTitle.java:27)
	at homepageVerifyTitle.closeBrowser(homepageVerifyTitle.java:27)
	at homepageVerifyTitle.closeBrowser(homepageVerifyTitle.java:27)
	at homepageVerifyTitle.closeBrowser(homepageVerifyTitle.java:27)
	at homepageVerifyTitle.closeBrowser(homepageVerifyTitle.java:27)
	at homepageVerifyTitle.closeBrowser(homepageVerifyTitle.java:27)
	at homepageVerifyTitle.closeBrowser(homepageVerifyTitle.java:27)
	at homepageVerifyTitle.closeBrowser(homepageVerifyTitle.java:27)
	at homepageVerifyTitle.closeBrowser(homepageVerifyTitle.java:27)
	at homepageVerifyTitle.closeBrowser(homepageVerifyTitle.java:27)
	at homepageVerifyTitle.closeBrowser(homepageVerifyTitle.java:27)
	at homepageVerifyTitle.closeBrowser(homepageVerifyTitle.java:27)
	at homepageVerifyTitle.closeBrowser(homepageVerifyTitle.java:27)
	at homepageVerifyTitle.closeBrowser(homepageVerifyTitle.java:27)
	at homepageVerifyTitle.closeBrowser(homepageVerifyTitle.java:27)
	at homepageVerifyTitle.closeBrowser(homepageVerifyTitle.java:27)
	at homepageVerifyTitle.closeBrowser(homepageVerifyTitle.java:27)
	at homepageVerifyTitle.closeBrowser(homepageVerifyTitle.java:27)
	at homepageVerifyTitle.closeBrowser(homepageVerifyTitle.java:27)
	at homepageVerifyTitle.closeBrowser(homepageVerifyTitle.java:27)
	at homepageVerifyTitle.closeBrowser(homepageVerifyTitle.java:27)
	at homepageVerifyTitle.closeBrowser(homepageVerifyTitle.java:27)
	at homepageVerifyTitle.closeBrowser(homepageVerifyTitle.java:27)
	at homepageVerifyTitle.closeBrowser(homepageVerifyTitle.java:27)
	at homepageVerifyTitle.closeBrowser(homepageVerifyTitle.java:27)
	at homepageVerifyTitle.closeBrowser(homepageVerifyTitle.java:27)
	at homepageVerifyTitle.closeBrowser(homepageVerifyTitle.java:27)
	at homepageVerifyTitle.closeBrowser(homepageVerifyTitle.java:27)
	at homepageVerifyTitle.closeBrowser(homepageVerifyTitle.java:27)
	at homepageVerifyTitle.closeBrowser(homepageVerifyTitle.java:27)
	at homepageVerifyTitle.closeBrowser(homepageVerifyTitle.java:27)
	at homepageVerifyTitle.closeBrowser(homepageVerifyTitle.java:27)
	at homepageVerifyTitle.closeBrowser(homepageVerifyTitle.java:27)
	at homepageVerifyTitle.closeBrowser(homepageVerifyTitle.java:27)
	at homepageVerifyTitle.closeBrowser(homepageVerifyTitle.java:27)
	at homepageVerifyTitle.closeBrowser(homepageVerifyTitle.java:27)
	at homepageVerifyTitle.closeBrowser(homepageVerifyTitle.java:27)
	at homepageVerifyTitle.closeBrowser(homepageVerifyTitle.java:27)
	at homepageVerifyTitle.closeBrowser(homepageVerifyTitle.java:27)
	at homepageVerifyTitle.closeBrowser(homepageVerifyTitle.java:27)
	at homepageVerifyTitle.closeBrowser(homepageVerifyTitle.java:27)
	at homepageVerifyTitle.closeBrowser(homepageVerifyTitle.java:27)
	at homepageVerifyTitle.closeBrowser(homepageVerifyTitle.java:27)
	at homepageVerifyTitle.closeBrowser(homepageVerifyTitle.java:27)
	at homepageVerifyTitle.closeBrowser(homepageVerifyTitle.java:27)
	at homepageVerifyTitle.closeBrowser(homepageVerifyTitle.java:27)
	at homepageVerifyTitle.closeBrowser(homepageVerifyTitle.java:27)
	at homepageVerifyTitle.closeBrowser(homepageVerifyTitle.java:27)
	at homepageVerifyTitle.closeBrowser(homepageVerifyTitle.java:27)
	at homepageVerifyTitle.closeBrowser(homepageVerifyTitle.java:27)
	at homepageVerifyTitle.closeBrowser(homepageVerifyTitle.java:27)
	at homepageVerifyTitle.closeBrowser(homepageVerifyTitle.java:27)
	at homepageVerifyTitle.closeBrowser(homepageVerifyTitle.java:27)
	at homepageVerifyTitle.closeBrowser(homepageVerifyTitle.java:27)
	at homepageVerifyTitle.closeBrowser(homepageVerifyTitle.java:27)
	at homepageVerifyTitle.closeBrowser(homepageVerifyTitle.java:27)
	at homepageVerifyTitle.closeBrowser(homepageVerifyTitle.java:27)
	at homepageVerifyTitle.closeBrowser(homepageVerifyTitle.java:27)
	at homepageVerifyTitle.closeBrowser(homepageVerifyTitle.java:27)
	at homepageVerifyTitle.closeBrowser(homepageVerifyTitle.java:27)
	at homepageVerifyTitle.closeBrowser(homepageVerifyTitle.java:27)
	at homepageVerifyTitle.closeBrowser(homepageVerifyTitle.java:27)
	at homepageVerifyTitle.closeBrowser(homepageVerifyTitle.java:27)
	at homepageVerifyTitle.closeBrowser(homepageVerifyTitle.java:27)
	at homepageVerifyTitle.closeBrowser(homepageVerifyTitle.java:27)
	at homepageVerifyTitle.closeBrowser(homepageVerifyTitle.java:27)
	at homepageVerifyTitle.closeBrowser(homepageVerifyTitle.java:27)
	at homepageVerifyTitle.closeBrowser(homepageVerifyTitle.java:27)
	at homepageVerifyTitle.closeBrowser(homepageVerifyTitle.java:27)
	at homepageVerifyTitle.closeBrowser(homepageVerifyTitle.java:27)
	at homepageVerifyTitle.closeBrowser(homepageVerifyTitle.java:27)
	at homepageVerifyTitle.closeBrowser(homepageVerifyTitle.java:27)
	at homepageVerifyTitle.closeBrowser(homepageVerifyTitle.java:27)
	at homepageVerifyTitle.closeBrowser(homepageVerifyTitle.java:27)
	at homepageVerifyTitle.closeBrowser(homepageVerifyTitle.java:27)
	at homepageVerifyTitle.closeBrowser(homepageVerifyTitle.java:27)
	at homepageVerifyTitle.closeBrowser(homepageVerifyTitle.java:27)
	at homepageVerifyTitle.closeBrowser(homepageVerifyTitle.java:27)
	at homepageVerifyTitle.closeBrowser(homepageVerifyTitle.java:27)
	at homepageVerifyTitle.closeBrowser(homepageVerifyTitle.java:27)
	at homepageVerifyTitle.closeBrowser(homepageVerifyTitle.java:27)
	at homepageVerifyTitle.closeBrowser(homepageVerifyTitle.java:27)
	at homepageVerifyTitle.closeBrowser(homepageVerifyTitle.java:27)
	at homepageVerifyTitle.closeBrowser(homepageVerifyTitle.java:27)
	at homepageVerifyTitle.closeBrowser(homepageVerifyTitle.java:27)
	at homepageVerifyTitle.closeBrowser(homepageVerifyTitle.java:27)
	at homepageVerifyTitle.closeBrowser(homepageVerifyTitle.java:27)
	at homepageVerifyTitle.closeBrowser(homepageVerifyTitle.java:27)
	at homepageVerifyTitle.closeBrowser(homepageVerifyTitle.java:27)
	at homepageVerifyTitle.closeBrowser(homepageVerifyTitle.java:27)
	at homepageVerifyTitle.closeBrowser(homepageVerifyTitle.java:27)
	at homepageVerifyTitle.closeBrowser(homepageVerifyTitle.java:27)
	at homepageVerifyTitle.closeBrowser(homepageVerifyTitle.java:27)
	at homepageVerifyTitle.closeBrowser(homepageVerifyTitle.java:27)
	at homepageVerifyTitle.closeBrowser(homepageVerifyTitle.java:27)
	at homepageVerifyTitle.closeBrowser(homepageVerifyTitle.java:27)
	at homepageVerifyTitle.closeBrowser(homepageVerifyTitle.java:27)
	at homepageVerifyTitle.closeBrowser(homepageVerifyTitle.java:27)
	at homepageVerifyTitle.closeBrowser(homepageVerifyTitle.java:27)
	at homepageVerifyTitle.closeBrowser(homepageVerifyTitle.java:27)
	at homepageVerifyTitle.closeBrowser(homepageVerifyTitle.java:27)
	at homepageVerifyTitle.closeBrowser(homepageVerifyTitle.java:27)
	at homepageVerifyTitle.closeBrowser(homepageVerifyTitle.java:27)
	at homepageVerifyTitle.closeBrowser(homepageVerifyTitle.java:27)
	at homepageVerifyTitle.closeBrowser(homepageVerifyTitle.java:27)
	at homepageVerifyTitle.closeBrowser(homepageVerifyTitle.java:27)
	at homepageVerifyTitle.closeBrowser(homepageVerifyTitle.java:27)
	at homepageVerifyTitle.closeBrowser(homepageVerifyTitle.java:27)
	at homepageVerifyTitle.closeBrowser(homepageVerifyTitle.java:27)
	at homepageVerifyTitle.closeBrowser(homepageVerifyTitle.java:27)
	at homepageVerifyTitle.closeBrowser(homepageVerifyTitle.java:27)
	at homepageVerifyTitle.closeBrowser(homepageVerifyTitle.java:27)
	at homepageVerifyTitle.closeBrowser(homepageVerifyTitle.java:27)
	at homepageVerifyTitle.closeBrowser(homepageVerifyTitle.java:27)
	at homepageVerifyTitle.closeBrowser(homepageVerifyTitle.java:27)
	at homepageVerifyTitle.closeBrowser(homepageVerifyTitle.java:27)
	at homepageVerifyTitle.closeBrowser(homepageVerifyTitle.java:27)
	at homepageVerifyTitle.closeBrowser(homepageVerifyTitle.java:27)
	at homepageVerifyTitle.closeBrowser(homepageVerifyTitle.java:27)
	at homepageVerifyTitle.closeBrowser(homepageVerifyTitle.java:27)
	at homepageVerifyTitle.closeBrowser(homepageVerifyTitle.java:27)
	at homepageVerifyTitle.closeBrowser(homepageVerifyTitle.java:27)
	at homepageVerifyTitle.closeBrowser(homepageVerifyTitle.java:27)
	at homepageVerifyTitle.closeBrowser(homepageVerifyTitle.java:27)
	at homepageVerifyTitle.closeBrowser(homepageVerifyTitle.java:27)
	at homepageVerifyTitle.closeBrowser(homepageVerifyTitle.java:27)
	at homepageVerifyTitle.closeBrowser(homepageVerifyTitle.java:27)
	at homepageVerifyTitle.closeBrowser(homepageVerifyTitle.java:27)
	at homepageVerifyTitle.closeBrowser(homepageVerifyTitle.java:27)
	at homepageVerifyTitle.closeBrowser(homepageVerifyTitle.java:27)
	at homepageVerifyTitle.closeBrowser(homepageVerifyTitle.java:27)
	at homepageVerifyTitle.closeBrowser(homepageVerifyTitle.java:27)
	at homepageVerifyTitle.closeBrowser(homepageVerifyTitle.java:27)
	at homepageVerifyTitle.closeBrowser(homepageVerifyTitle.java:27)
	at homepageVerifyTitle.closeBrowser(homepageVerifyTitle.java:27)
	at homepageVerifyTitle.closeBrowser(homepageVerifyTitle.java:27)
	at homepageVerifyTitle.closeBrowser(homepageVerifyTitle.java:27)
	at homepageVerifyTitle.closeBrowser(homepageVerifyTitle.java:27)
	at homepageVerifyTitle.closeBrowser(homepageVerifyTitle.java:27)
	at homepageVerifyTitle.closeBrowser(homepageVerifyTitle.java:27)
	at homepageVerifyTitle.closeBrowser(homepageVerifyTitle.java:27)
	at homepageVerifyTitle.closeBrowser(homepageVerifyTitle.java:27)
	at homepageVerifyTitle.closeBrowser(homepageVerifyTitle.java:27)
	at homepageVerifyTitle.closeBrowser(homepageVerifyTitle.java:27)
	at homepageVerifyTitle.closeBrowser(homepageVerifyTitle.java:27)
	at homepageVerifyTitle.closeBrowser(homepageVerifyTitle.java:27)
	at homepageVerifyTitle.closeBrowser(homepageVerifyTitle.java:27)
	at homepageVerifyTitle.closeBrowser(homepageVerifyTitle.java:27)
	at homepageVerifyTitle.closeBrowser(homepageVerifyTitle.java:27)
	at homepageVerifyTitle.closeBrowser(homepageVerifyTitle.java:27)
	at homepageVerifyTitle.closeBrowser(homepageVerifyTitle.java:27)
	at homepageVerifyTitle.closeBrowser(homepageVerifyTitle.java:27)
	at homepageVerifyTitle.closeBrowser(homepageVerifyTitle.java:27)
	at homepageVerifyTitle.closeBrowser(homepageVerifyTitle.java:27)
	at homepageVerifyTitle.closeBrowser(homepageVerifyTitle.java:27)
	at homepageVerifyTitle.closeBrowser(homepageVerifyTitle.java:27)
	at homepageVerifyTitle.closeBrowser(homepageVerifyTitle.java:27)
	at homepageVerifyTitle.closeBrowser(homepageVerifyTitle.java:27)
	at homepageVerifyTitle.closeBrowser(homepageVerifyTitle.java:27)
	at homepageVerifyTitle.closeBrowser(homepageVerifyTitle.java:27)
	at homepageVerifyTitle.closeBrowser(homepageVerifyTitle.java:27)
	at homepageVerifyTitle.closeBrowser(homepageVerifyTitle.java:27)
	at homepageVerifyTitle.closeBrowser(homepageVerifyTitle.java:27)
	at homepageVerifyTitle.closeBrowser(homepageVerifyTitle.java:27)
	at homepageVerifyTitle.closeBrowser(homepageVerifyTitle.java:27)
	at homepageVerifyTitle.closeBrowser(homepageVerifyTitle.java:27)
	at homepageVerifyTitle.closeBrowser(homepageVerifyTitle.java:27)
	at homepageVerifyTitle.closeBrowser(homepageVerifyTitle.java:27)
	at homepageVerifyTitle.closeBrowser(homepageVerifyTitle.java:27)
	at homepageVerifyTitle.closeBrowser(homepageVerifyTitle.java:27)
	at homepageVerifyTitle.closeBrowser(homepageVerifyTitle.java:27)
	at homepageVerifyTitle.closeBrowser(homepageVerifyTitle.java:27)
	at homepageVerifyTitle.closeBrowser(homepageVerifyTitle.java:27)
	at homepageVerifyTitle.closeBrowser(homepageVerifyTitle.java:27)
	at homepageVerifyTitle.closeBrowser(homepageVerifyTitle.java:27)
	at homepageVerifyTitle.closeBrowser(homepageVerifyTitle.java:27)
	at homepageVerifyTitle.closeBrowser(homepageVerifyTitle.java:27)
	at homepageVerifyTitle.closeBrowser(homepageVerifyTitle.java:27)
	at homepageVerifyTitle.closeBrowser(homepageVerifyTitle.java:27)
	at homepageVerifyTitle.closeBrowser(homepageVerifyTitle.java:27)
	at homepageVerifyTitle.closeBrowser(homepageVerifyTitle.java:27)
	at homepageVerifyTitle.closeBrowser(homepageVerifyTitle.java:27)
	at homepageVerifyTitle.closeBrowser(homepageVerifyTitle.java:27)
	at homepageVerifyTitle.closeBrowser(homepageVerifyTitle.java:27)
	at homepageVerifyTitle.closeBrowser(homepageVerifyTitle.java:27)
	at homepageVerifyTitle.closeBrowser(homepageVerifyTitle.java:27)
	at homepageVerifyTitle.closeBrowser(homepageVerifyTitle.java:27)
	at homepageVerifyTitle.closeBrowser(homepageVerifyTitle.java:27)
	at homepageVerifyTitle.closeBrowser(homepageVerifyTitle.java:27)
	at homepageVerifyTitle.closeBrowser(homepageVerifyTitle.java:27)
	at homepageVerifyTitle.closeBrowser(homepageVerifyTitle.java:27)
	at homepageVerifyTitle.closeBrowser(homepageVerifyTitle.java:27)
	at homepageVerifyTitle.closeBrowser(homepageVerifyTitle.java:27)
	at homepageVerifyTitle.closeBrowser(homepageVerifyTitle.java:27)
	at homepageVerifyTitle.closeBrowser(homepageVerifyTitle.java:27)
	at homepageVerifyTitle.closeBrowser(homepageVerifyTitle.java:27)
	at homepageVerifyTitle.closeBrowser(homepageVerifyTitle.java:27)
	at homepageVerifyTitle.closeBrowser(homepageVerifyTitle.java:27)
	at homepageVerifyTitle.closeBrowser(homepageVerifyTitle.java:27)
	at homepageVerifyTitle.closeBrowser(homepageVerifyTitle.java:27)
	at homepageVerifyTitle.closeBrowser(homepageVerifyTitle.java:27)
	at homepageVerifyTitle.closeBrowser(homepageVerifyTitle.java:27)
	at homepageVerifyTitle.closeBrowser(homepageVerifyTitle.java:27)
	at homepageVerifyTitle.closeBrowser(homepageVerifyTitle.java:27)
	at homepageVerifyTitle.closeBrowser(homepageVerifyTitle.java:27)
	at homepageVerifyTitle.closeBrowser(homepageVerifyTitle.java:27)
	at homepageVerifyTitle.closeBrowser(homepageVerifyTitle.java:27)
	at homepageVerifyTitle.closeBrowser(homepageVerifyTitle.java:27)
	at homepageVerifyTitle.closeBrowser(homepageVerifyTitle.java:27)
	at homepageVerifyTitle.closeBrowser(homepageVerifyTitle.java:27)
	at homepageVerifyTitle.closeBrowser(homepageVerifyTitle.java:27)
	at homepageVerifyTitle.closeBrowser(homepageVerifyTitle.java:27)
	at homepageVerifyTitle.closeBrowser(homepageVerifyTitle.java:27)
	at homepageVerifyTitle.closeBrowser(homepageVerifyTitle.java:27)
	at homepageVerifyTitle.closeBrowser(homepageVerifyTitle.java:27)
	at homepageVerifyTitle.closeBrowser(homepageVerifyTitle.java:27)
	at homepageVerifyTitle.closeBrowser(homepageVerifyTitle.java:27)
	at homepageVerifyTitle.closeBrowser(homepageVerifyTitle.java:27)
	at homepageVerifyTitle.closeBrowser(homepageVerifyTitle.java:27)
	at homepageVerifyTitle.closeBrowser(homepageVerifyTitle.java:27)
	at homepageVerifyTitle.closeBrowser(homepageVerifyTitle.java:27)
	at homepageVerifyTitle.closeBrowser(homepageVerifyTitle.java:27)
	at homepageVerifyTitle.closeBrowser(homepageVerifyTitle.java:27)
	at homepageVerifyTitle.closeBrowser(homepageVerifyTitle.java:27)
	at homepageVerifyTitle.closeBrowser(homepageVerifyTitle.java:27)
	at homepageVerifyTitle.closeBrowser(homepageVerifyTitle.java:27)
	at homepageVerifyTitle.closeBrowser(homepageVerifyTitle.java:27)
	at homepageVerifyTitle.closeBrowser(homepageVerifyTitle.java:27)
	at homepageVerifyTitle.closeBrowser(homepageVerifyTitle.java:27)
	at homepageVerifyTitle.closeBrowser(homepageVerifyTitle.java:27)
	at homepageVerifyTitle.closeBrowser(homepageVerifyTitle.java:27)
	at homepageVerifyTitle.closeBrowser(homepageVerifyTitle.java:27)
	at homepageVerifyTitle.closeBrowser(homepageVerifyTitle.java:27)
	at homepageVerifyTitle.closeBrowser(homepageVerifyTitle.java:27)
	at homepageVerifyTitle.closeBrowser(homepageVerifyTitle.java:27)
	at homepageVerifyTitle.closeBrowser(homepageVerifyTitle.java:27)
	at homepageVerifyTitle.closeBrowser(homepageVerifyTitle.java:27)
	at homepageVerifyTitle.closeBrowser(homepageVerifyTitle.java:27)
	at homepageVerifyTitle.closeBrowser(homepageVerifyTitle.java:27)
	at homepageVerifyTitle.closeBrowser(homepageVerifyTitle.java:27)
	at homepageVerifyTitle.closeBrowser(homepageVerifyTitle.java:27)
	at homepageVerifyTitle.closeBrowser(homepageVerifyTitle.java:27)
	at homepageVerifyTitle.closeBrowser(homepageVerifyTitle.java:27)
	at homepageVerifyTitle.closeBrowser(homepageVerifyTitle.java:27)
	at homepageVerifyTitle.closeBrowser(homepageVerifyTitle.java:27)
	at homepageVerifyTitle.closeBrowser(homepageVerifyTitle.java:27)
	at homepageVerifyTitle.closeBrowser(homepageVerifyTitle.java:27)
	at homepageVerifyTitle.closeBrowser(homepageVerifyTitle.java:27)
	at homepageVerifyTitle.closeBrowser(homepageVerifyTitle.java:27)
	at homepageVerifyTitle.closeBrowser(homepageVerifyTitle.java:27)
	at homepageVerifyTitle.closeBrowser(homepageVerifyTitle.java:27)
	at homepageVerifyTitle.closeBrowser(homepageVerifyTitle.java:27)
	at homepageVerifyTitle.closeBrowser(homepageVerifyTitle.java:27)
	at homepageVerifyTitle.closeBrowser(homepageVerifyTitle.java:27)
	at homepageVerifyTitle.closeBrowser(homepageVerifyTitle.java:27)
	at homepageVerifyTitle.closeBrowser(homepageVerifyTitle.java:27)
	at homepageVerifyTitle.closeBrowser(homepageVerifyTitle.java:27)
	at homepageVerifyTitle.closeBrowser(homepageVerifyTitle.java:27)
	at homepageVerifyTitle.closeBrowser(homepageVerifyTitle.java:27)
	at homepageVerifyTitle.closeBrowser(homepageVerifyTitle.java:27)
	at homepageVerifyTitle.closeBrowser(homepageVerifyTitle.java:27)
	at homepageVerifyTitle.closeBrowser(homepageVerifyTitle.java:27)
	at homepageVerifyTitle.closeBrowser(homepageVerifyTitle.java:27)
	at homepageVerifyTitle.closeBrowser(homepageVerifyTitle.java:27)
	at homepageVerifyTitle.closeBrowser(homepageVerifyTitle.java:27)
	at homepageVerifyTitle.closeBrowser(homepageVerifyTitle.java:27)
	at homepageVerifyTitle.closeBrowser(homepageVerifyTitle.java:27)
	at homepageVerifyTitle.closeBrowser(homepageVerifyTitle.java:27)
	at homepageVerifyTitle.closeBrowser(homepageVerifyTitle.java:27)
	at homepageVerifyTitle.closeBrowser(homepageVerifyTitle.java:27)
	at homepageVerifyTitle.closeBrowser(homepageVerifyTitle.java:27)
	at homepageVerifyTitle.closeBrowser(homepageVerifyTitle.java:27)
	at homepageVerifyTitle.closeBrowser(homepageVerifyTitle.java:27)
	at homepageVerifyTitle.closeBrowser(homepageVerifyTitle.java:27)
	at homepageVerifyTitle.closeBrowser(homepageVerifyTitle.java:27)
	at homepageVerifyTitle.closeBrowser(homepageVerifyTitle.java:27)
	at homepageVerifyTitle.closeBrowser(homepageVerifyTitle.java:27)
	at homepageVerifyTitle.closeBrowser(homepageVerifyTitle.java:27)
	at homepageVerifyTitle.closeBrowser(homepageVerifyTitle.java:27)
	at homepageVerifyTitle.closeBrowser(homepageVerifyTitle.java:27)
	at homepageVerifyTitle.closeBrowser(homepageVerifyTitle.java:27)
	at homepageVerifyTitle.closeBrowser(homepageVerifyTitle.java:27)
	at homepageVerifyTitle.closeBrowser(homepageVerifyTitle.java:27)
	at homepageVerifyTitle.closeBrowser(homepageVerifyTitle.java:27)
	at homepageVerifyTitle.closeBrowser(homepageVerifyTitle.java:27)
	at homepageVerifyTitle.closeBrowser(homepageVerifyTitle.java:27)
	at homepageVerifyTitle.closeBrowser(homepageVerifyTitle.java:27)
	at homepageVerifyTitle.closeBrowser(homepageVerifyTitle.java:27)
	at homepageVerifyTitle.closeBrowser(homepageVerifyTitle.java:27)
	at homepageVerifyTitle.closeBrowser(homepageVerifyTitle.java:27)
	at homepageVerifyTitle.closeBrowser(homepageVerifyTitle.java:27)
	at homepageVerifyTitle.closeBrowser(homepageVerifyTitle.java:27)
	at homepageVerifyTitle.closeBrowser(homepageVerifyTitle.java:27)
	at homepageVerifyTitle.closeBrowser(homepageVerifyTitle.java:27)
	at homepageVerifyTitle.closeBrowser(homepageVerifyTitle.java:27)
	at homepageVerifyTitle.closeBrowser(homepageVerifyTitle.java:27)
	at homepageVerifyTitle.closeBrowser(homepageVerifyTitle.java:27)
	at homepageVerifyTitle.closeBrowser(homepageVerifyTitle.java:27)
	at homepageVerifyTitle.closeBrowser(homepageVerifyTitle.java:27)
	at homepageVerifyTitle.closeBrowser(homepageVerifyTitle.java:27)
	at homepageVerifyTitle.closeBrowser(homepageVerifyTitle.java:27)
	at homepageVerifyTitle.closeBrowser(homepageVerifyTitle.java:27)
	at homepageVerifyTitle.closeBrowser(homepageVerifyTitle.java:27)
	at homepageVerifyTitle.closeBrowser(homepageVerifyTitle.java:27)
	at homepageVerifyTitle.closeBrowser(homepageVerifyTitle.java:27)
	at homepageVerifyTitle.closeBrowser(homepageVerifyTitle.java:27)
	at homepageVerifyTitle.closeBrowser(homepageVerifyTitle.java:27)
	at homepageVerifyTitle.closeBrowser(homepageVerifyTitle.java:27)
	at homepageVerifyTitle.closeBrowser(homepageVerifyTitle.java:27)
	at homepageVerifyTitle.closeBrowser(homepageVerifyTitle.java:27)
	at homepageVerifyTitle.closeBrowser(homepageVerifyTitle.java:27)
	at homepageVerifyTitle.closeBrowser(homepageVerifyTitle.java:27)
	at homepageVerifyTitle.closeBrowser(homepageVerifyTitle.java:27)
	at homepageVerifyTitle.closeBrowser(homepageVerifyTitle.java:27)
	at homepageVerifyTitle.closeBrowser(homepageVerifyTitle.java:27)
	at homepageVerifyTitle.closeBrowser(homepageVerifyTitle.java:27)
	at homepageVerifyTitle.closeBrowser(homepageVerifyTitle.java:27)
	at homepageVerifyTitle.closeBrowser(homepageVerifyTitle.java:27)
	at homepageVerifyTitle.closeBrowser(homepageVerifyTitle.java:27)
	at homepageVerifyTitle.closeBrowser(homepageVerifyTitle.java:27)
	at homepageVerifyTitle.closeBrowser(homepageVerifyTitle.java:27)
	at homepageVerifyTitle.closeBrowser(homepageVerifyTitle.java:27)
	at homepageVerifyTitle.closeBrowser(homepageVerifyTitle.java:27)
	at homepageVerifyTitle.closeBrowser(homepageVerifyTitle.java:27)
	at homepageVerifyTitle.closeBrowser(homepageVerifyTitle.java:27)
	at homepageVerifyTitle.closeBrowser(homepageVerifyTitle.java:27)
	at homepageVerifyTitle.closeBrowser(homepageVerifyTitle.java:27)
	at homepageVerifyTitle.closeBrowser(homepageVerifyTitle.java:27)
	at homepageVerifyTitle.closeBrowser(homepageVerifyTitle.java:27)
	at homepageVerifyTitle.closeBrowser(homepageVerifyTitle.java:27)
	at homepageVerifyTitle.closeBrowser(homepageVerifyTitle.java:27)
	at homepageVerifyTitle.closeBrowser(homepageVerifyTitle.java:27)
	at homepageVerifyTitle.closeBrowser(homepageVerifyTitle.java:27)
	at homepageVerifyTitle.closeBrowser(homepageVerifyTitle.java:27)
	at homepageVerifyTitle.closeBrowser(homepageVerifyTitle.java:27)
	at homepageVerifyTitle.closeBrowser(homepageVerifyTitle.java:27)
	at homepageVerifyTitle.closeBrowser(homepageVerifyTitle.java:27)
	at homepageVerifyTitle.closeBrowser(homepageVerifyTitle.java:27)
	at homepageVerifyTitle.closeBrowser(homepageVerifyTitle.java:27)
	at homepageVerifyTitle.closeBrowser(homepageVerifyTitle.java:27)
	at homepageVerifyTitle.closeBrowser(homepageVerifyTitle.java:27)
	at homepageVerifyTitle.closeBrowser(homepageVerifyTitle.java:27)
	at homepageVerifyTitle.closeBrowser(homepageVerifyTitle.java:27)
	at homepageVerifyTitle.closeBrowser(homepageVerifyTitle.java:27)
	at homepageVerifyTitle.closeBrowser(homepageVerifyTitle.java:27)
	at homepageVerifyTitle.closeBrowser(homepageVerifyTitle.java:27)
	at homepageVerifyTitle.closeBrowser(homepageVerifyTitle.java:27)
	at homepageVerifyTitle.closeBrowser(homepageVerifyTitle.java:27)
	at homepageVerifyTitle.closeBrowser(homepageVerifyTitle.java:27)
	at homepageVerifyTitle.closeBrowser(homepageVerifyTitle.java:27)
	at homepageVerifyTitle.closeBrowser(homepageVerifyTitle.java:27)
	at homepageVerifyTitle.closeBrowser(homepageVerifyTitle.java:27)
	at homepageVerifyTitle.closeBrowser(homepageVerifyTitle.java:27)
	at homepageVerifyTitle.closeBrowser(homepageVerifyTitle.java:27)
	at homepageVerifyTitle.closeBrowser(homepageVerifyTitle.java:27)
	at homepageVerifyTitle.closeBrowser(homepageVerifyTitle.java:27)
	at homepageVerifyTitle.closeBrowser(homepageVerifyTitle.java:27)
	at homepageVerifyTitle.closeBrowser(homepageVerifyTitle.java:27)
	at homepageVerifyTitle.closeBrowser(homepageVerifyTitle.java:27)
	at homepageVerifyTitle.closeBrowser(homepageVerifyTitle.java:27)
	at homepageVerifyTitle.closeBrowser(homepageVerifyTitle.java:27)
	at homepageVerifyTitle.closeBrowser(homepageVerifyTitle.java:27)
	at homepageVerifyTitle.closeBrowser(homepageVerifyTitle.java:27)
	at homepageVerifyTitle.closeBrowser(homepageVerifyTitle.java:27)
	at homepageVerifyTitle.closeBrowser(homepageVerifyTitle.java:27)
	at homepageVerifyTitle.closeBrowser(homepageVerifyTitle.java:27)
	at homepageVerifyTitle.closeBrowser(homepageVerifyTitle.java:27)
	at homepageVerifyTitle.closeBrowser(homepageVerifyTitle.java:27)
	at homepageVerifyTitle.closeBrowser(homepageVerifyTitle.java:27)
	at homepageVerifyTitle.closeBrowser(homepageVerifyTitle.java:27)
	at homepageVerifyTitle.closeBrowser(homepageVerifyTitle.java:27)
	at homepageVerifyTitle.closeBrowser(homepageVerifyTitle.java:27)
	at homepageVerifyTitle.closeBrowser(homepageVerifyTitle.java:27)
	at homepageVerifyTitle.closeBrowser(homepageVerifyTitle.java:27)
	at homepageVerifyTitle.closeBrowser(homepageVerifyTitle.java:27)
	at homepageVerifyTitle.closeBrowser(homepageVerifyTitle.java:27)
	at homepageVerifyTitle.closeBrowser(homepageVerifyTitle.java:27)
	at homepageVerifyTitle.closeBrowser(homepageVerifyTitle.java:27)
	at homepageVerifyTitle.closeBrowser(homepageVerifyTitle.java:27)
	at homepageVerifyTitle.closeBrowser(homepageVerifyTitle.java:27)
	at homepageVerifyTitle.closeBrowser(homepageVerifyTitle.java:27)
	at homepageVerifyTitle.closeBrowser(homepageVerifyTitle.java:27)
	at homepageVerifyTitle.closeBrowser(homepageVerifyTitle.java:27)
	at homepageVerifyTitle.closeBrowser(homepageVerifyTitle.java:27)
	at homepageVerifyTitle.closeBrowser(homepageVerifyTitle.java:27)
	at homepageVerifyTitle.closeBrowser(homepageVerifyTitle.java:27)
	at homepageVerifyTitle.closeBrowser(homepageVerifyTitle.java:27)
	at homepageVerifyTitle.closeBrowser(homepageVerifyTitle.java:27)
	at homepageVerifyTitle.closeBrowser(homepageVerifyTitle.java:27)
	at homepageVerifyTitle.closeBrowser(homepageVerifyTitle.java:27)
	at homepageVerifyTitle.closeBrowser(homepageVerifyTitle.java:27)
	at homepageVerifyTitle.closeBrowser(homepageVerifyTitle.java:27)
	at homepageVerifyTitle.closeBrowser(homepageVerifyTitle.java:27)
	at homepageVerifyTitle.closeBrowser(homepageVerifyTitle.java:27)
	at homepageVerifyTitle.closeBrowser(homepageVerifyTitle.java:27)
	at homepageVerifyTitle.closeBrowser(homepageVerifyTitle.java:27)
	at homepageVerifyTitle.closeBrowser(homepageVerifyTitle.java:27)
	at homepageVerifyTitle.closeBrowser(homepageVerifyTitle.java:27)
	at homepageVerifyTitle.closeBrowser(homepageVerifyTitle.java:27)
	at homepageVerifyTitle.closeBrowser(homepageVerifyTitle.java:27)
	at homepageVerifyTitle.closeBrowser(homepageVerifyTitle.java:27)
	at homepageVerifyTitle.closeBrowser(homepageVerifyTitle.java:27)
	at homepageVerifyTitle.closeBrowser(homepageVerifyTitle.java:27)
	at homepageVerifyTitle.closeBrowser(homepageVerifyTitle.java:27)
	at homepageVerifyTitle.closeBrowser(homepageVerifyTitle.java:27)
	at homepageVerifyTitle.closeBrowser(homepageVerifyTitle.java:27)
	at homepageVerifyTitle.closeBrowser(homepageVerifyTitle.java:27)
	at homepageVerifyTitle.closeBrowser(homepageVerifyTitle.java:27)
	at homepageVerifyTitle.closeBrowser(homepageVerifyTitle.java:27)
	at homepageVerifyTitle.closeBrowser(homepageVerifyTitle.java:27)
	at homepageVerifyTitle.closeBrowser(homepageVerifyTitle.java:27)
	at homepageVerifyTitle.closeBrowser(homepageVerifyTitle.java:27)
	at homepageVerifyTitle.closeBrowser(homepageVerifyTitle.java:27)
	at homepageVerifyTitle.closeBrowser(homepageVerifyTitle.java:27)
	at homepageVerifyTitle.closeBrowser(homepageVerifyTitle.java:27)
	at homepageVerifyTitle.closeBrowser(homepageVerifyTitle.java:27)
	at homepageVerifyTitle.closeBrowser(homepageVerifyTitle.java:27)
	at homepageVerifyTitle.closeBrowser(homepageVerifyTitle.java:27)
	at homepageVerifyTitle.closeBrowser(homepageVerifyTitle.java:27)
	at homepageVerifyTitle.closeBrowser(homepageVerifyTitle.java:27)
	at homepageVerifyTitle.closeBrowser(homepageVerifyTitle.java:27)
	at homepageVerifyTitle.closeBrowser(homepageVerifyTitle.java:27)
	at homepageVerifyTitle.closeBrowser(homepageVerifyTitle.java:27)
	at homepageVerifyTitle.closeBrowser(homepageVerifyTitle.java:27)
	at homepageVerifyTitle.closeBrowser(homepageVerifyTitle.java:27)
	at homepageVerifyTitle.closeBrowser(homepageVerifyTitle.java:27)
	at homepageVerifyTitle.closeBrowser(homepageVerifyTitle.java:27)
	at homepageVerifyTitle.closeBrowser(homepageVerifyTitle.java:27)
	at homepageVerifyTitle.closeBrowser(homepageVerifyTitle.java:27)
	at homepageVerifyTitle.closeBrowser(homepageVerifyTitle.java:27)
	at homepageVerifyTitle.closeBrowser(homepageVerifyTitle.java:27)
	at homepageVerifyTitle.closeBrowser(homepageVerifyTitle.java:27)
	at homepageVerifyTitle.closeBrowser(homepageVerifyTitle.java:27)
	at homepageVerifyTitle.closeBrowser(homepageVerifyTitle.java:27)
	at homepageVerifyTitle.closeBrowser(homepageVerifyTitle.java:27)
	at homepageVerifyTitle.closeBrowser(homepageVerifyTitle.java:27)
	at homepageVerifyTitle.closeBrowser(homepageVerifyTitle.java:27)
	at homepageVerifyTitle.closeBrowser(homepageVerifyTitle.java:27)
	at homepageVerifyTitle.closeBrowser(homepageVerifyTitle.java:27)
	at homepageVerifyTitle.closeBrowser(homepageVerifyTitle.java:27)
	at homepageVerifyTitle.closeBrowser(homepageVerifyTitle.java:27)
	at homepageVerifyTitle.closeBrowser(homepageVerifyTitle.java:27)
	at homepageVerifyTitle.closeBrowser(homepageVerifyTitle.java:27)
	at homepageVerifyTitle.closeBrowser(homepageVerifyTitle.java:27)
	at homepageVerifyTitle.closeBrowser(homepageVerifyTitle.java:27)
	at homepageVerifyTitle.closeBrowser(homepageVerifyTitle.java:27)
	at homepageVerifyTitle.closeBrowser(homepageVerifyTitle.java:27)
	at homepageVerifyTitle.closeBrowser(homepageVerifyTitle.java:27)
	at homepageVerifyTitle.closeBrowser(homepageVerifyTitle.java:27)
	at homepageVerifyTitle.closeBrowser(homepageVerifyTitle.java:27)
	at homepageVerifyTitle.closeBrowser(homepageVerifyTitle.java:27)
	at homepageVerifyTitle.closeBrowser(homepageVerifyTitle.java:27)
	at homepageVerifyTitle.closeBrowser(homepageVerifyTitle.java:27)
	at homepageVerifyTitle.closeBrowser(homepageVerifyTitle.java:27)
	at homepageVerifyTitle.closeBrowser(homepageVerifyTitle.java:27)
	at homepageVerifyTitle.closeBrowser(homepageVerifyTitle.java:27)
	at homepageVerifyTitle.closeBrowser(homepageVerifyTitle.java:27)
	at homepageVerifyTitle.closeBrowser(homepageVerifyTitle.java:27)
	at homepageVerifyTitle.closeBrowser(homepageVerifyTitle.java:27)
	at homepageVerifyTitle.closeBrowser(homepageVerifyTitle.java:27)
	at homepageVerifyTitle.closeBrowser(homepageVerifyTitle.java:27)
	at homepageVerifyTitle.closeBrowser(homepageVerifyTitle.java:27)
	at homepageVerifyTitle.closeBrowser(homepageVerifyTitle.java:27)
	at homepageVerifyTitle.closeBrowser(homepageVerifyTitle.java:27)
	at homepageVerifyTitle.closeBrowser(homepageVerifyTitle.java:27)
	at homepageVerifyTitle.closeBrowser(homepageVerifyTitle.java:27)
	at homepageVerifyTitle.closeBrowser(homepageVerifyTitle.java:27)
	at homepageVerifyTitle.closeBrowser(homepageVerifyTitle.java:27)
	at homepageVerifyTitle.closeBrowser(homepageVerifyTitle.java:27)
	at homepageVerifyTitle.closeBrowser(homepageVerifyTitle.java:27)
	at homepageVerifyTitle.closeBrowser(homepageVerifyTitle.java:27)
	at homepageVerifyTitle.closeBrowser(homepageVerifyTitle.java:27)
	at homepageVerifyTitle.closeBrowser(homepageVerifyTitle.java:27)
	at homepageVerifyTitle.closeBrowser(homepageVerifyTitle.java:27)
	at homepageVerifyTitle.closeBrowser(homepageVerifyTitle.java:27)
	at homepageVerifyTitle.closeBrowser(homepageVerifyTitle.java:27)
	at homepageVerifyTitle.closeBrowser(homepageVerifyTitle.java:27)
	at homepageVerifyTitle.closeBrowser(homepageVerifyTitle.java:27)
	at homepageVerifyTitle.closeBrowser(homepageVerifyTitle.java:27)
	at homepageVerifyTitle.closeBrowser(homepageVerifyTitle.java:27)
	at homepageVerifyTitle.closeBrowser(homepageVerifyTitle.java:27)
	at homepageVerifyTitle.closeBrowser(homepageVerifyTitle.java:27)
	at homepageVerifyTitle.closeBrowser(homepageVerifyTitle.java:27)
	at homepageVerifyTitle.closeBrowser(homepageVerifyTitle.java:27)
	at homepageVerifyTitle.closeBrowser(homepageVerifyTitle.java:27)
	at homepageVerifyTitle.closeBrowser(homepageVerifyTitle.java:27)
	at homepageVerifyTitle.closeBrowser(homepageVerifyTitle.java:27)
	at homepageVerifyTitle.closeBrowser(homepageVerifyTitle.java:27)
	at homepageVerifyTitle.closeBrowser(homepageVerifyTitle.java:27)
	at homepageVerifyTitle.closeBrowser(homepageVerifyTitle.java:27)
	at homepageVerifyTitle.closeBrowser(homepageVerifyTitle.java:27)
	at homepageVerifyTitle.closeBrowser(homepageVerifyTitle.java:27)
	at homepageVerifyTitle.closeBrowser(homepageVerifyTitle.java:27)
	at homepageVerifyTitle.closeBrowser(homepageVerifyTitle.java:27)
	at homepageVerifyTitle.closeBrowser(homepageVerifyTitle.java:27)
	at homepageVerifyTitle.closeBrowser(homepageVerifyTitle.java:27)
	at homepageVerifyTitle.closeBrowser(homepageVerifyTitle.java:27)
	at homepageVerifyTitle.closeBrowser(homepageVerifyTitle.java:27)
	at homepageVerifyTitle.closeBrowser(homepageVerifyTitle.java:27)
	at homepageVerifyTitle.closeBrowser(homepageVerifyTitle.java:27)
	at homepageVerifyTitle.closeBrowser(homepageVerifyTitle.java:27)
	at homepageVerifyTitle.closeBrowser(homepageVerifyTitle.java:27)
	at homepageVerifyTitle.closeBrowser(homepageVerifyTitle.java:27)
	at homepageVerifyTitle.closeBrowser(homepageVerifyTitle.java:27)
	at homepageVerifyTitle.closeBrowser(homepageVerifyTitle.java:27)
	at homepageVerifyTitle.closeBrowser(homepageVerifyTitle.java:27)
	at homepageVerifyTitle.closeBrowser(homepageVerifyTitle.java:27)
	at homepageVerifyTitle.closeBrowser(homepageVerifyTitle.java:27)
	at homepageVerifyTitle.closeBrowser(homepageVerifyTitle.java:27)
	at homepageVerifyTitle.closeBrowser(homepageVerifyTitle.java:27)
	at homepageVerifyTitle.closeBrowser(homepageVerifyTitle.java:27)
	at homepageVerifyTitle.closeBrowser(homepageVerifyTitle.java:27)
	at homepageVerifyTitle.closeBrowser(homepageVerifyTitle.java:27)
	at homepageVerifyTitle.closeBrowser(homepageVerifyTitle.java:27)
	at homepageVerifyTitle.closeBrowser(homepageVerifyTitle.java:27)
	at homepageVerifyTitle.closeBrowser(homepageVerifyTitle.java:27)
	at homepageVerifyTitle.closeBrowser(homepageVerifyTitle.java:27)
	at homepageVerifyTitle.closeBrowser(homepageVerifyTitle.java:27)
	at homepageVerifyTitle.closeBrowser(homepageVerifyTitle.java:27)
	at homepageVerifyTitle.closeBrowser(homepageVerifyTitle.java:27)
	at homepageVerifyTitle.closeBrowser(homepageVerifyTitle.java:27)
	at homepageVerifyTitle.closeBrowser(homepageVerifyTitle.java:27)
	at homepageVerifyTitle.closeBrowser(homepageVerifyTitle.java:27)
	at homepageVerifyTitle.closeBrowser(homepageVerifyTitle.java:27)
	at homepageVerifyTitle.closeBrowser(homepageVerifyTitle.java:27)
	at homepageVerifyTitle.closeBrowser(homepageVerifyTitle.java:27)
	at homepageVerifyTitle.closeBrowser(homepageVerifyTitle.java:27)
	at homepageVerifyTitle.closeBrowser(homepageVerifyTitle.java:27)
	at homepageVerifyTitle.closeBrowser(homepageVerifyTitle.java:27)
	at homepageVerifyTitle.closeBrowser(homepageVerifyTitle.java:27)
	at homepageVerifyTitle.closeBrowser(homepageVerifyTitle.java:27)
	at homepageVerifyTitle.closeBrowser(homepageVerifyTitle.java:27)
	at homepageVerifyTitle.closeBrowser(homepageVerifyTitle.java:27)
	at homepageVerifyTitle.closeBrowser(homepageVerifyTitle.java:27)
	at homepageVerifyTitle.closeBrowser(homepageVerifyTitle.java:27)
	at homepageVerifyTitle.closeBrowser(homepageVerifyTitle.java:27)
	at homepageVerifyTitle.closeBrowser(homepageVerifyTitle.java:27)
	at homepageVerifyTitle.closeBrowser(homepageVerifyTitle.java:27)
	at homepageVerifyTitle.closeBrowser(homepageVerifyTitle.java:27)
	at homepageVerifyTitle.closeBrowser(homepageVerifyTitle.java:27)
	at homepageVerifyTitle.closeBrowser(homepageVerifyTitle.java:27)
	at homepageVerifyTitle.closeBrowser(homepageVerifyTitle.java:27)
	at homepageVerifyTitle.closeBrowser(homepageVerifyTitle.java:27)
	at homepageVerifyTitle.closeBrowser(homepageVerifyTitle.java:27)
	at homepageVerifyTitle.closeBrowser(homepageVerifyTitle.java:27)
	at homepageVerifyTitle.closeBrowser(homepageVerifyTitle.java:27)
	at homepageVerifyTitle.closeBrowser(homepageVerifyTitle.java:27)
	at homepageVerifyTitle.closeBrowser(homepageVerifyTitle.java:27)
	at homepageVerifyTitle.closeBrowser(homepageVerifyTitle.java:27)
	at homepageVerifyTitle.closeBrowser(homepageVerifyTitle.java:27)
	at homepageVerifyTitle.closeBrowser(homepageVerifyTitle.java:27)
	at homepageVerifyTitle.closeBrowser(homepageVerifyTitle.java:27)
	at homepageVerifyTitle.closeBrowser(homepageVerifyTitle.java:27)
	at homepageVerifyTitle.closeBrowser(homepageVerifyTitle.java:27)
	at homepageVerifyTitle.closeBrowser(homepageVerifyTitle.java:27)
	at homepageVerifyTitle.closeBrowser(homepageVerifyTitle.java:27)
	at homepageVerifyTitle.closeBrowser(homepageVerifyTitle.java:27)
	at homepageVerifyTitle.closeBrowser(homepageVerifyTitle.java:27)
	at homepageVerifyTitle.closeBrowser(homepageVerifyTitle.java:27)
	at homepageVerifyTitle.closeBrowser(homepageVerifyTitle.java:27)
	at homepageVerifyTitle.closeBrowser(homepageVerifyTitle.java:27)
	at homepageVerifyTitle.closeBrowser(homepageVerifyTitle.java:27)
	at homepageVerifyTitle.closeBrowser(homepageVerifyTitle.java:27)
	at homepageVerifyTitle.closeBrowser(homepageVerifyTitle.java:27)
	at homepageVerifyTitle.closeBrowser(homepageVerifyTitle.java:27)
	at homepageVerifyTitle.closeBrowser(homepageVerifyTitle.java:27)
	at homepageVerifyTitle.closeBrowser(homepageVerifyTitle.java:27)
	at homepageVerifyTitle.closeBrowser(homepageVerifyTitle.java:27)
	at homepageVerifyTitle.closeBrowser(homepageVerifyTitle.java:27)
	at homepageVerifyTitle.closeBrowser(homepageVerifyTitle.java:27)
	at homepageVerifyTitle.closeBrowser(homepageVerifyTitle.java:27)
	at homepageVerifyTitle.closeBrowser(homepageVerifyTitle.java:27)
	at homepageVerifyTitle.closeBrowser(homepageVerifyTitle.java:27)
	at homepageVerifyTitle.closeBrowser(homepageVerifyTitle.java:27)
	at homepageVerifyTitle.closeBrowser(homepageVerifyTitle.java:27)
	at homepageVerifyTitle.closeBrowser(homepageVerifyTitle.java:27)
	at homepageVerifyTitle.closeBrowser(homepageVerifyTitle.java:27)
	at homepageVerifyTitle.closeBrowser(homepageVerifyTitle.java:27)
	at homepageVerifyTitle.closeBrowser(homepageVerifyTitle.java:27)
	at homepageVerifyTitle.closeBrowser(homepageVerifyTitle.java:27)
	at homepageVerifyTitle.closeBrowser(homepageVerifyTitle.java:27)
	at homepageVerifyTitle.closeBrowser(homepageVerifyTitle.java:27)
	at homepageVerifyTitle.closeBrowser(homepageVerifyTitle.java:27)
	at homepageVerifyTitle.closeBrowser(homepageVerifyTitle.java:27)
	at homepageVerifyTitle.closeBrowser(homepageVerifyTitle.java:27)
	at homepageVerifyTitle.closeBrowser(homepageVerifyTitle.java:27)
	at homepageVerifyTitle.closeBrowser(homepageVerifyTitle.java:27)
	at homepageVerifyTitle.closeBrowser(homepageVerifyTitle.java:27)
	at homepageVerifyTitle.closeBrowser(homepageVerifyTitle.java:27)
	at homepageVerifyTitle.closeBrowser(homepageVerifyTitle.java:27)
	at homepageVerifyTitle.closeBrowser(homepageVerifyTitle.java:27)
	at homepageVerifyTitle.closeBrowser(homepageVerifyTitle.java:27)
	at homepageVerifyTitle.closeBrowser(homepageVerifyTitle.java:27)
	at homepageVerifyTitle.closeBrowser(homepageVerifyTitle.java:27)
	at homepageVerifyTitle.closeBrowser(homepageVerifyTitle.java:27)
	at homepageVerifyTitle.closeBrowser(homepageVerifyTitle.java:27)
	at homepageVerifyTitle.closeBrowser(homepageVerifyTitle.java:27)
	at homepageVerifyTitle.closeBrowser(homepageVerifyTitle.java:27)
	at homepageVerifyTitle.closeBrowser(homepageVerifyTitle.java:27)
	at homepageVerifyTitle.closeBrowser(homepageVerifyTitle.java:27)
	at homepageVerifyTitle.closeBrowser(homepageVerifyTitle.java:27)
	at homepageVerifyTitle.closeBrowser(homepageVerifyTitle.java:27)
	at homepageVerifyTitle.closeBrowser(homepageVerifyTitle.java:27)
	at homepageVerifyTitle.closeBrowser(homepageVerifyTitle.java:27)
	at homepageVerifyTitle.closeBrowser(homepageVerifyTitle.java:27)
	at homepageVerifyTitle.closeBrowser(homepageVerifyTitle.java:27)
	at homepageVerifyTitle.closeBrowser(homepageVerifyTitle.java:27)
	at homepageVerifyTitle.closeBrowser(homepageVerifyTitle.java:27)
	at homepageVerifyTitle.closeBrowser(homepageVerifyTitle.java:27)
	at homepageVerifyTitle.closeBrowser(homepageVerifyTitle.java:27)
	at homepageVerifyTitle.closeBrowser(homepageVerifyTitle.java:27)
	at homepageVerifyTitle.closeBrowser(homepageVerifyTitle.java:27)
	at homepageVerifyTitle.closeBrowser(homepageVerifyTitle.java:27)
	at homepageVerifyTitle.closeBrowser(homepageVerifyTitle.java:27)
	at homepageVerifyTitle.closeBrowser(homepageVerifyTitle.java:27)
	at homepageVerifyTitle.closeBrowser(homepageVerifyTitle.java:27)
	at homepageVerifyTitle.closeBrowser(homepageVerifyTitle.java:27)
	at homepageVerifyTitle.closeBrowser(homepageVerifyTitle.java:27)
	at homepageVerifyTitle.closeBrowser(homepageVerifyTitle.java:27)
	at homepageVerifyTitle.closeBrowser(homepageVerifyTitle.java:27)
	at homepageVerifyTitle.closeBrowser(homepageVerifyTitle.java:27)
	at homepageVerifyTitle.closeBrowser(homepageVerifyTitle.java:27)
	at homepageVerifyTitle.closeBrowser(homepageVerifyTitle.java:27)
	at homepageVerifyTitle.closeBrowser(homepageVerifyTitle.java:27)
	at homepageVerifyTitle.closeBrowser(homepageVerifyTitle.java:27)
	at homepageVerifyTitle.closeBrowser(homepageVerifyTitle.java:27)
	at homepageVerifyTitle.closeBrowser(homepageVerifyTitle.java:27)
	at homepageVerifyTitle.closeBrowser(homepageVerifyTitle.java:27)
	at homepageVerifyTitle.closeBrowser(homepageVerifyTitle.java:27)
	at homepageVerifyTitle.closeBrowser(homepageVerifyTitle.java:27)
	at homepageVerifyTitle.closeBrowser(homepageVerifyTitle.java:27)
	at homepageVerifyTitle.closeBrowser(homepageVerifyTitle.java:27)
	at homepageVerifyTitle.closeBrowser(homepageVerifyTitle.java:27)
	at homepageVerifyTitle.closeBrowser(homepageVerifyTitle.java:27)
	at homepageVerifyTitle.closeBrowser(homepageVerifyTitle.java:27)
	at homepageVerifyTitle.closeBrowser(homepageVerifyTitle.java:27)
	at homepageVerifyTitle.closeBrowser(homepageVerifyTitle.java:27)
	at homepageVerifyTitle.closeBrowser(homepageVerifyTitle.java:27)
	at homepageVerifyTitle.closeBrowser(homepageVerifyTitle.java:27)
	at homepageVerifyTitle.closeBrowser(homepageVerifyTitle.java:27)
	at homepageVerifyTitle.closeBrowser(homepageVerifyTitle.java:27)
	at homepageVerifyTitle.closeBrowser(homepageVerifyTitle.java:27)
	at homepageVerifyTitle.closeBrowser(homepageVerifyTitle.java:27)
	at homepageVerifyTitle.closeBrowser(homepageVerifyTitle.java:27)
	at homepageVerifyTitle.closeBrowser(homepageVerifyTitle.java:27)
	at homepageVerifyTitle.closeBrowser(homepageVerifyTitle.java:27)
	at homepageVerifyTitle.closeBrowser(homepageVerifyTitle.java:27)
	at homepageVerifyTitle.closeBrowser(homepageVerifyTitle.java:27)
	at homepageVerifyTitle.closeBrowser(homepageVerifyTitle.java:27)
	at homepageVerifyTitle.closeBrowser(homepageVerifyTitle.java:27)
	at homepageVerifyTitle.closeBrowser(homepageVerifyTitle.java:27)
	at homepageVerifyTitle.closeBrowser(homepageVerifyTitle.java:27)
	at homepageVerifyTitle.closeBrowser(homepageVerifyTitle.java:27)
	at homepageVerifyTitle.closeBrowser(homepageVerifyTitle.java:27)
	at homepageVerifyTitle.closeBrowser(homepageVerifyTitle.java:27)
	at homepageVerifyTitle.closeBrowser(homepageVerifyTitle.java:27)
	at homepageVerifyTitle.closeBrowser(homepageVerifyTitle.java:27)
	at homepageVerifyTitle.closeBrowser(homepageVerifyTitle.java:27)
	at homepageVerifyTitle.closeBrowser(homepageVerifyTitle.java:27)
	at homepageVerifyTitle.closeBrowser(homepageVerifyTitle.java:27)
	at homepageVerifyTitle.closeBrowser(homepageVerifyTitle.java:27)
	at homepageVerifyTitle.closeBrowser(homepageVerifyTitle.java:27)
	at homepageVerifyTitle.closeBrowser(homepageVerifyTitle.java:27)
	at homepageVerifyTitle.closeBrowser(homepageVerifyTitle.java:27)
	at homepageVerifyTitle.closeBrowser(homepageVerifyTitle.java:27)
	at homepageVerifyTitle.closeBrowser(homepageVerifyTitle.java:27)
	at homepageVerifyTitle.closeBrowser(homepageVerifyTitle.java:27)
	at homepageVerifyTitle.closeBrowser(homepageVerifyTitle.java:27)
	at homepageVerifyTitle.closeBrowser(homepageVerifyTitle.java:27)
	at homepageVerifyTitle.closeBrowser(homepageVerifyTitle.java:27)
	at homepageVerifyTitle.closeBrowser(homepageVerifyTitle.java:27)
	at homepageVerifyTitle.closeBrowser(homepageVerifyTitle.java:27)
	at homepageVerifyTitle.closeBrowser(homepageVerifyTitle.java:27)
	at homepageVerifyTitle.closeBrowser(homepageVerifyTitle.java:27)
	at homepageVerifyTitle.closeBrowser(homepageVerifyTitle.java:27)
	at homepageVerifyTitle.closeBrowser(homepageVerifyTitle.java:27)
	at homepageVerifyTitle.closeBrowser(homepageVerifyTitle.java:27)
	at homepageVerifyTitle.closeBrowser(homepageVerifyTitle.java:27)
	at homepageVerifyTitle.closeBrowser(homepageVerifyTitle.java:27)
	at homepageVerifyTitle.closeBrowser(homepageVerifyTitle.java:27)
	at homepageVerifyTitle.closeBrowser(homepageVerifyTitle.java:27)
	at homepageVerifyTitle.closeBrowser(homepageVerifyTitle.java:27)
	at homepageVerifyTitle.closeBrowser(homepageVerifyTitle.java:27)
	at homepageVerifyTitle.closeBrowser(homepageVerifyTitle.java:27)
	at homepageVerifyTitle.closeBrowser(homepageVerifyTitle.java:27)
	at homepageVerifyTitle.closeBrowser(homepageVerifyTitle.java:27)
	at homepageVerifyTitle.closeBrowser(homepageVerifyTitle.java:27)
	at homepageVerifyTitle.closeBrowser(homepageVerifyTitle.java:27)
	at homepageVerifyTitle.closeBrowser(homepageVerifyTitle.java:27)
	at homepageVerifyTitle.closeBrowser(homepageVerifyTitle.java:27)
	at homepageVerifyTitle.closeBrowser(homepageVerifyTitle.java:27)
	at homepageVerifyTitle.closeBrowser(homepageVerifyTitle.java:27)
	at homepageVerifyTitle.closeBrowser(homepageVerifyTitle.java:27)
	at homepageVerifyTitle.closeBrowser(homepageVerifyTitle.java:27)
	at homepageVerifyTitle.closeBrowser(homepageVerifyTitle.java:27)
	at homepageVerifyTitle.closeBrowser(homepageVerifyTitle.java:27)
	at homepageVerifyTitle.closeBrowser(homepageVerifyTitle.java:27)
	at homepageVerifyTitle.closeBrowser(homepageVerifyTitle.java:27)
	at homepageVerifyTitle.closeBrowser(homepageVerifyTitle.java:27)
	at homepageVerifyTitle.closeBrowser(homepageVerifyTitle.java:27)
	at homepageVerifyTitle.closeBrowser(homepageVerifyTitle.java:27)
	at homepageVerifyTitle.closeBrowser(homepageVerifyTitle.java:27)
	at homepageVerifyTitle.closeBrowser(homepageVerifyTitle.java:27)
	at homepageVerifyTitle.closeBrowser(homepageVerifyTitle.java:27)
	at homepageVerifyTitle.closeBrowser(homepageVerifyTitle.java:27)
	at homepageVerifyTitle.closeBrowser(homepageVerifyTitle.java:27)
	at homepageVerifyTitle.closeBrowser(homepageVerifyTitle.java:27)
	at homepageVerifyTitle.closeBrowser(homepageVerifyTitle.java:27)
	at homepageVerifyTitle.closeBrowser(homepageVerifyTitle.java:27)
	at homepageVerifyTitle.closeBrowser(homepageVerifyTitle.java:27)
	at homepageVerifyTitle.closeBrowser(homepageVerifyTitle.java:27)
	at homepageVerifyTitle.closeBrowser(homepageVerifyTitle.java:27)
	at homepageVerifyTitle.closeBrowser(homepageVerifyTitle.java:27)
	at homepageVerifyTitle.closeBrowser(homepageVerifyTitle.java:27)
	at homepageVerifyTitle.closeBrowser(homepageVerifyTitle.java:27)
	at homepageVerifyTitle.closeBrowser(homepageVerifyTitle.java:27)
	at homepageVerifyTitle.closeBrowser(homepageVerifyTitle.java:27)
	at homepageVerifyTitle.closeBrowser(homepageVerifyTitle.java:27)
	at homepageVerifyTitle.closeBrowser(homepageVerifyTitle.java:27)
	at homepageVerifyTitle.closeBrowser(homepageVerifyTitle.java:27)
	at homepageVerifyTitle.closeBrowser(homepageVerifyTitle.java:27)
	at homepageVerifyTitle.closeBrowser(homepageVerifyTitle.java:27)
	at homepageVerifyTitle.closeBrowser(homepageVerifyTitle.java:27)
	at homepageVerifyTitle.closeBrowser(homepageVerifyTitle.java:27)
	at homepageVerifyTitle.closeBrowser(homepageVerifyTitle.java:27)
	at homepageVerifyTitle.closeBrowser(homepageVerifyTitle.java:27)
	at homepageVerifyTitle.closeBrowser(homepageVerifyTitle.java:27)
	at homepageVerifyTitle.closeBrowser(homepageVerifyTitle.java:27)
	at homepageVerifyTitle.closeBrowser(homepageVerifyTitle.java:27)
	at homepageVerifyTitle.closeBrowser(homepageVerifyTitle.java:27)
	at homepageVerifyTitle.closeBrowser(homepageVerifyTitle.java:27)
	at homepageVerifyTitle.closeBrowser(homepageVerifyTitle.java:27)
	at homepageVerifyTitle.closeBrowser(homepageVerifyTitle.java:27)
	at homepageVerifyTitle.closeBrowser(homepageVerifyTitle.java:27)
	at homepageVerifyTitle.closeBrowser(homepageVerifyTitle.java:27)
	at homepageVerifyTitle.closeBrowser(homepageVerifyTitle.java:27)
	at homepageVerifyTitle.closeBrowser(homepageVerifyTitle.java:27)
	at homepageVerifyTitle.closeBrowser(homepageVerifyTitle.java:27)
	at homepageVerifyTitle.closeBrowser(homepageVerifyTitle.java:27)
	at homepageVerifyTitle.closeBrowser(homepageVerifyTitle.java:27)
	at homepageVerifyTitle.closeBrowser(homepageVerifyTitle.java:27)
	at homepageVerifyTitle.closeBrowser(homepageVerifyTitle.java:27)
	at homepageVerifyTitle.closeBrowser(homepageVerifyTitle.java:27)
	at homepageVerifyTitle.closeBrowser(homepageVerifyTitle.java:27)
	at homepageVerifyTitle.closeBrowser(homepageVerifyTitle.java:27)
	at homepageVerifyTitle.closeBrowser(homepageVerifyTitle.java:27)
	at homepageVerifyTitle.closeBrowser(homepageVerifyTitle.java:27)
	at homepageVerifyTitle.closeBrowser(homepageVerifyTitle.java:27)
	at homepageVerifyTitle.closeBrowser(homepageVerifyTitle.java:27)
	at homepageVerifyTitle.closeBrowser(homepageVerifyTitle.java:27)
	at homepageVerifyTitle.closeBrowser(homepageVerifyTitle.java:27)
	at homepageVerifyTitle.closeBrowser(homepageVerifyTitle.java:27)
	at homepageVerifyTitle.closeBrowser(homepageVerifyTitle.java:27)
	at homepageVerifyTitle.closeBrowser(homepageVerifyTitle.java:27)
	at homepageVerifyTitle.closeBrowser(homepageVerifyTitle.java:27)
	at homepageVerifyTitle.closeBrowser(homepageVerifyTitle.java:27)
	at homepageVerifyTitle.closeBrowser(homepageVerifyTitle.java:27)
	at homepageVerifyTitle.closeBrowser(homepageVerifyTitle.java:27)
	at homepageVerifyTitle.closeBrowser(homepageVerifyTitle.java:27)
	at homepageVerifyTitle.closeBrowser(homepageVerifyTitle.java:27)
	at homepageVerifyTitle.closeBrowser(homepageVerifyTitle.java:27)
	at homepageVerifyTitle.closeBrowser(homepageVerifyTitle.java:27)
	at homepageVerifyTitle.closeBrowser(homepageVerifyTitle.java:27)
	at homepageVerifyTitle.closeBrowser(homepageVerifyTitle.java:27)
	at homepageVerifyTitle.closeBrowser(homepageVerifyTitle.java:27)
	at homepageVerifyTitle.closeBrowser(homepageVerifyTitle.java:27)
	at homepageVerifyTitle.closeBrowser(homepageVerifyTitle.java:27)
	at homepageVerifyTitle.closeBrowser(homepageVerifyTitle.java:27)
	at homepageVerifyTitle.closeBrowser(homepageVerifyTitle.java:27)
	at homepageVerifyTitle.closeBrowser(homepageVerifyTitle.java:27)
	at homepageVerifyTitle.closeBrowser(homepageVerifyTitle.java:27)
	at homepageVerifyTitle.closeBrowser(homepageVerifyTitle.java:27)
	at homepageVerifyTitle.closeBrowser(homepageVerifyTitle.java:27)
	at homepageVerifyTitle.closeBrowser(homepageVerifyTitle.java:27)
	at homepageVerifyTitle.closeBrowser(homepageVerifyTitle.java:27)
	at homepageVerifyTitle.closeBrowser(homepageVerifyTitle.java:27)
	at homepageVerifyTitle.closeBrowser(homepageVerifyTitle.java:27)
	at homepageVerifyTitle.closeBrowser(homepageVerifyTitle.java:27)
	at homepageVerifyTitle.closeBrowser(homepageVerifyTitle.java:27)
	at homepageVerifyTitle.closeBrowser(homepageVerifyTitle.java:27)
	at homepageVerifyTitle.closeBrowser(homepageVerifyTitle.java:27)
	at homepageVerifyTitle.closeBrowser(homepageVerifyTitle.java:27)
	at homepageVerifyTitle.closeBrowser(homepageVerifyTitle.java:27)
	at homepageVerifyTitle.closeBrowser(homepageVerifyTitle.java:27)
	at homepageVerifyTitle.closeBrowser(homepageVerifyTitle.java:27)
	at homepageVerifyTitle.closeBrowser(homepageVerifyTitle.java:27)
	at homepageVerifyTitle.closeBrowser(homepageVerifyTitle.java:27)
	at homepageVerifyTitle.closeBrowser(homepageVerifyTitle.java:27)
	at homepageVerifyTitle.closeBrowser(homepageVerifyTitle.java:27)
	at homepageVerifyTitle.closeBrowser(homepageVerifyTitle.java:27)
	at homepageVerifyTitle.closeBrowser(homepageVerifyTitle.java:27)
	at homepageVerifyTitle.closeBrowser(homepageVerifyTitle.java:27)
	at homepageVerifyTitle.closeBrowser(homepageVerifyTitle.java:27)
	at homepageVerifyTitle.closeBrowser(homepageVerifyTitle.java:27)
	at homepageVerifyTitle.closeBrowser(homepageVerifyTitle.java:27)
	at homepageVerifyTitle.closeBrowser(homepageVerifyTitle.java:27)
	at homepageVerifyTitle.closeBrowser(homepageVerifyTitle.java:27)
	at homepageVerifyTitle.closeBrowser(homepageVerifyTitle.java:27)
	at homepageVerifyTitle.closeBrowser(homepageVerifyTitle.java:27)
	at homepageVerifyTitle.closeBrowser(homepageVerifyTitle.java:27)
	at homepageVerifyTitle.closeBrowser(homepageVerifyTitle.java:27)
	at homepageVerifyTitle.closeBrowser(homepageVerifyTitle.java:27)
	at homepageVerifyTitle.closeBrowser(homepageVerifyTitle.java:27)
	at homepageVerifyTitle.closeBrowser(homepageVerifyTitle.java:27)
	at homepageVerifyTitle.closeBrowser(homepageVerifyTitle.java:27)
	at homepageVerifyTitle.closeBrowser(homepageVerifyTitle.java:27)
	at homepageVerifyTitle.closeBrowser(homepageVerifyTitle.java:27)
	at homepageVerifyTitle.closeBrowser(homepageVerifyTitle.java:27)
	at homepageVerifyTitle.closeBrowser(homepageVerifyTitle.java:27)
	at homepageVerifyTitle.closeBrowser(homepageVerifyTitle.java:27)
	at homepageVerifyTitle.closeBrowser(homepageVerifyTitle.java:27)
	at homepageVerifyTitle.closeBrowser(homepageVerifyTitle.java:27)
	at homepageVerifyTitle.closeBrowser(homepageVerifyTitle.java:27)
	at homepageVerifyTitle.closeBrowser(homepageVerifyTitle.java:27)
	at homepageVerifyTitle.closeBrowser(homepageVerifyTitle.java:27)
	at homepageVerifyTitle.closeBrowser(homepageVerifyTitle.java:27)
	at homepageVerifyTitle.closeBrowser(homepageVerifyTitle.java:27)
	at homepageVerifyTitle.closeBrowser(homepageVerifyTitle.java:27)
	at homepageVerifyTitle.closeBrowser(homepageVerifyTitle.java:27)
	at homepageVerifyTitle.closeBrowser(homepageVerifyTitle.java:27)
	at homepageVerifyTitle.closeBrowser(homepageVerifyTitle.java:27)
	at homepageVerifyTitle.closeBrowser(homepageVerifyTitle.java:27)
	at homepageVerifyTitle.closeBrowser(homepageVerifyTitle.java:27)
	at homepageVerifyTitle.closeBrowser(homepageVerifyTitle.java:27)
	at homepageVerifyTitle.closeBrowser(homepageVerifyTitle.java:27)
	at homepageVerifyTitle.closeBrowser(homepageVerifyTitle.java:27)
	at homepageVerifyTitle.closeBrowser(homepageVerifyTitle.java:27)
	at homepageVerifyTitle.closeBrowser(homepageVerifyTitle.java:27)
	at homepageVerifyTitle.closeBrowser(homepageVerifyTitle.java:27)
	at homepageVerifyTitle.closeBrowser(homepageVerifyTitle.java:27)
	at homepageVerifyTitle.closeBrowser(homepageVerifyTitle.java:27)
	at homepageVerifyTitle.closeBrowser(homepageVerifyTitle.java:27)
	at homepageVerifyTitle.closeBrowser(homepageVerifyTitle.java:27)
	at homepageVerifyTitle.closeBrowser(homepageVerifyTitle.java:27)
	at homepageVerifyTitle.closeBrowser(homepageVerifyTitle.java:27)
	at homepageVerifyTitle.closeBrowser(homepageVerifyTitle.java:27)
	at homepageVerifyTitle.closeBrowser(homepageVerifyTitle.java:27)
	at homepageVerifyTitle.closeBrowser(homepageVerifyTitle.java:27)
	at homepageVerifyTitle.closeBrowser(homepageVerifyTitle.java:27)
	at homepageVerifyTitle.closeBrowser(homepageVerifyTitle.java:27)
	at homepageVerifyTitle.closeBrowser(homepageVerifyTitle.java:27)
	at homepageVerifyTitle.closeBrowser(homepageVerifyTitle.java:27)
	at homepageVerifyTitle.closeBrowser(homepageVerifyTitle.java:27)
</failure>
  </testcase>
</testsuite>